1 66
2 101
2 167
3 100
3 303
4 38
4 385
5 192
6 133
7 60
7 296
7 357
8 74
8 127
8 334
9 166
9 346
10 111
10 128
11 79
12 121
12 280
13 225
14 43
14 147
14 382
15 272
15 400
16 76
16 232
17 173
18 336
19 226
20 260
21 168
21 217
22 71
23 47
24 183
24 338
25 64
25 161
25 383
26 241
26 299
27 397
27 399
27 400
28 159
28 191
28 341
29 294
29 378
30 97
30 299
31 235
32 203
32 297
33 55
33 290
34 58
35 254
35 301
36 50
36 228
36 268
37 149
39 57
40 368
41 270
42 223
44 193
45 118
45 212
46 179
46 351
47 207
47 231
48 164
48 302
49 55
49 123
51 239
51 304
52 68
52 287
53 383
54 86
56 176
57 288
57 356
58 218
58 374
59 237
60 135
60 347
61 123
61 221
62 178
62 184
63 267
65 90
66 237
66 259
67 88
67 361
69 174
69 270
70 155
70 373
71 251
72 175
72 234
73 110
73 211
73 222
75 266
77 345
77 373
78 186
78 256
79 253
79 264
80 128
80 357
81 335
82 266
82 333
83 320
83 330
84 389
85 248
85 270
85 388
86 353
87 109
87 168
87 311
88 112
89 313
89 340
90 255
91 282
91 344
92 191
92 297
93 249
93 304
94 298
95 386
96 172
96 288
97 337
98 233
98 308
99 283
99 342
100 254
102 135
102 180
103 181
103 258
104 152
104 367
105 161
105 169
106 188
106 292
107 291
108 273
109 317
111 129
111 164
112 290
112 398
113 291
114 219
114 389
115 117
115 144
116 323
116 331
118 261
119 160
119 193
120 155
121 194
122 145
122 311
123 307
124 193
124 360
125 198
125 377
126 171
127 151
129 369
129 379
130 230
131 295
131 325
131 333
132 388
133 295
134 200
134 296
136 385
137 354
138 245
138 394
139 337
140 332
140 349
141 223
142 250
143 159
143 309
144 201
144 255
146 312
147 152
148 275
148 322
149 269
149 350
150 154
150 234
151 358
151 360
152 200
153 253
153 388
154 300
155 215
156 267
156 361
157 282
158 230
158 236
158 390
161 195
162 189
162 321
163 314
163 380
165 183
165 206
166 213
166 392
167 360
169 180
170 190
170 196
170 246
171 281
172 254
173 276
174 365
175 276
176 315
177 192
177 265
177 338
178 274
178 376
179 231
179 301
180 281
181 227
181 339
182 325
182 341
183 256
184 381
185 236
185 322
186 316
187 242
187 363
188 232
189 370
190 210
192 374
195 305
196 324
197 282
198 220
199 263
201 327
202 373
203 268
204 225
204 276
204 379
205 370
205 398
207 235
207 397
208 303
208 318
209 304
210 286
210 287
211 261
211 380
213 365
214 257
214 346
215 221
216 293
216 316
217 262
218 277
218 292
219 349
220 386
222 259
223 240
224 249
224 328
225 335
226 299
227 283
228 257
229 285
230 350
233 326
233 399
235 393
238 317
238 344
240 381
241 362
243 348
243 376
244 248
244 332
244 387
245 395
247 293
247 310
250 271
251 287
252 313
252 368
255 314
257 285
258 291
260 273
260 325
262 302
263 396
264 323
265 328
266 329
267 352
271 353
272 306
275 343
277 356
278 289
278 298
279 329
279 366
280 330
280 355
281 340
283 286
284 362
284 380
289 312
289 315
293 348
294 375
298 371
300 384
305 337
310 390
312 387
319 359
319 382
320 363
321 377
326 334
328 352
330 391
333 336
342 351
343 355
345 372
353 372
354 367
359 377
364 384
371 376
375 395
378 392
385 396
394 396
