1 18
1 79
2 49
2 62
3 68
3 94
4 41
4 64
5 47
6 9
6 33
7 33
7 90
8 26
8 40
8 80
10 100
11 100
12 53
13 32
13 89
14 39
15 91
15 92
16 54
16 71
17 43
18 93
19 55
20 74
21 73
21 84
22 59
22 96
23 34
23 70
24 25
24 89
26 36
26 42
27 47
28 79
29 88
29 92
30 71
30 76
31 77
32 33
32 35
34 59
35 48
35 69
36 81
37 72
37 100
38 64
39 95
39 98
40 65
43 62
44 96
44 97
45 86
45 91
46 58
46 59
46 86
47 90
50 55
50 57
51 54
51 77
52 62
52 83
53 69
54 75
56 71
57 78
58 89
60 78
61 82
63 67
63 72
64 94
66 77
67 86
68 69
68 78
70 87
74 99
75 81
79 80
82 93
83 97
84 98
85 88
87 99
90 93
92 95
