1 133
2 146
2 232
3 218
3 681
4 475
5 47
5 180
6 9
7 459
8 383
9 266
10 157
10 505
11 280
11 315
11 594
12 197
13 313
13 337
14 39
14 263
15 92
16 279
16 397
17 565
17 645
18 151
18 387
19 241
20 70
20 74
20 87
21 165
21 407
22 502
23 659
24 356
24 498
25 267
25 642
26 271
27 324
28 126
28 692
29 150
29 420
29 442
29 468
30 186
30 581
31 77
32 266
32 618
33 109
34 59
34 368
35 265
35 566
36 331
36 640
37 154
38 106
38 395
39 98
40 65
40 474
41 258
41 301
41 493
42 312
42 466
42 643
43 132
43 582
43 679
44 96
44 259
45 501
45 540
46 198
46 277
47 308
48 322
48 508
49 146
50 210
50 325
51 54
51 77
52 83
52 102
53 140
53 425
53 626
54 75
55 210
55 241
55 610
56 71
56 175
56 410
57 78
57 655
58 555
58 631
60 78
60 547
61 143
61 549
62 170
62 534
63 579
64 94
64 422
65 482
65 612
66 77
66 357
67 86
67 388
68 550
68 644
69 164
69 393
69 624
70 659
71 472
72 273
73 293
74 99
75 200
76 574
78 494
79 441
79 467
80 190
80 451
80 487
81 640
82 296
82 435
82 523
83 299
84 407
84 454
85 88
85 130
87 587
88 456
89 207
90 527
90 686
91 235
91 540
92 442
92 568
93 205
93 213
94 419
94 453
95 139
95 517
96 166
97 509
98 458
98 573
100 260
100 594
101 497
102 146
102 669
103 283
103 291
104 149
104 534
104 690
105 315
105 608
106 693
107 317
107 586
108 321
108 671
109 266
110 274
110 374
111 208
111 330
112 293
112 407
113 175
113 409
114 561
115 360
115 375
116 205
116 602
117 131
117 570
117 615
118 460
118 658
119 294
119 588
120 184
120 397
120 472
121 178
121 614
122 534
123 265
123 537
124 223
124 635
125 129
125 174
125 320
126 133
126 609
127 638
127 646
128 324
128 481
129 560
130 469
131 158
131 381
132 562
134 340
134 348
134 403
135 160
135 679
136 522
136 689
137 295
137 386
138 200
138 394
139 379
139 551
140 359
141 319
141 429
142 187
142 691
144 391
144 662
145 234
145 457
145 542
147 313
147 332
148 202
149 276
149 554
149 585
150 506
150 539
151 204
151 205
152 302
152 434
152 496
153 307
154 280
155 253
155 678
156 208
156 507
157 619
159 494
159 569
161 599
161 636
162 471
162 542
163 509
164 439
164 622
165 430
166 196
166 480
167 188
167 506
168 547
169 197
169 367
169 520
170 275
171 402
171 458
172 251
172 379
173 662
176 675
177 568
177 676
179 323
181 450
181 600
182 198
183 289
183 415
184 445
185 289
185 428
185 683
186 584
187 589
187 677
188 490
189 344
189 361
190 448
191 426
192 247
192 631
193 319
193 619
194 249
194 278
195 310
196 317
199 222
199 485
199 636
200 377
201 236
201 337
202 302
203 486
203 693
206 375
206 595
207 286
208 431
208 495
209 366
209 508
211 460
211 664
212 253
212 417
213 435
214 372
214 557
215 452
215 623
216 383
216 647
217 589
217 611
218 349
219 473
219 511
220 437
220 528
220 698
221 230
221 389
221 638
222 355
222 529
223 527
224 417
224 525
225 340
225 465
226 559
226 628
226 687
227 505
227 536
227 680
228 525
228 574
229 336
229 697
230 268
231 614
232 275
233 348
233 675
234 615
235 388
236 404
236 476
237 301
237 338
238 413
238 596
239 333
240 393
240 671
242 414
242 485
243 462
244 538
245 270
245 321
246 329
246 626
248 452
248 498
248 617
249 282
249 341
250 651
251 606
252 459
252 653
253 473
254 376
254 632
255 690
256 441
257 347
257 469
257 670
258 475
259 327
259 392
260 598
261 293
261 416
261 575
262 445
262 507
262 673
264 478
265 322
266 332
267 548
268 478
268 579
269 294
269 514
271 674
272 331
273 440
274 288
277 309
277 513
278 433
279 377
281 549
281 601
282 555
283 489
284 436
284 449
285 341
285 374
286 580
286 631
287 551
287 697
288 538
289 691
290 412
290 622
291 440
292 328
292 431
295 383
296 310
296 641
297 441
298 373
298 411
298 593
299 509
300 417
300 424
302 630
302 664
303 359
303 603
304 318
304 372
305 602
306 382
306 421
307 650
308 686
309 519
311 519
314 624
316 610
316 655
318 482
319 682
320 597
321 528
323 391
323 422
325 649
326 380
327 565
328 479
329 520
330 584
331 673
332 408
333 448
334 466
335 368
335 378
335 438
336 576
336 620
337 552
338 346
339 489
339 498
339 668
341 545
342 487
342 497
343 399
343 614
344 438
344 513
345 535
345 571
346 462
348 676
349 419
349 526
350 454
351 569
351 578
352 590
353 603
353 628
354 411
355 357
356 404
356 455
357 512
358 627
360 699
361 521
362 550
362 553
363 367
363 434
363 633
364 450
364 612
365 395
367 481
369 527
370 461
371 696
373 406
376 576
378 480
380 697
381 623
382 616
384 401
384 462
385 651
385 699
387 426
387 661
388 632
390 453
390 464
394 492
396 408
398 586
399 672
400 669
401 604
401 680
402 483
402 660
405 447
407 483
411 700
413 642
414 436
415 443
418 600
418 696
419 688
420 572
421 674
423 463
423 561
423 689
424 593
425 629
427 583
427 639
428 446
429 694
432 646
433 530
433 552
437 563
439 654
443 559
444 514
444 579
447 591
449 635
451 467
451 692
452 484
453 693
456 465
461 595
463 609
466 515
470 644
473 639
474 544
475 486
477 516
477 656
479 643
482 599
488 568
488 590
490 521
491 694
492 591
492 607
496 567
499 563
499 695
500 504
500 516
501 521
502 659
503 533
503 597
503 688
504 648
507 616
508 605
510 698
512 653
515 531
516 541
518 606
518 608
520 621
522 556
523 665
524 598
524 699
531 647
532 558
535 678
541 591
543 577
543 613
543 634
544 689
545 656
546 637
548 595
553 577
554 571
558 620
560 650
562 585
564 684
567 686
573 684
577 672
578 687
581 627
581 685
582 645
583 666
587 678
588 632
592 609
594 625
596 668
601 630
605 615
606 660
617 637
625 657
629 663
641 658
652 663
652 695
654 667
657 682
672 681
