1 1273
2 603
3 1116
4 1171
4 1488
5 669
5 1993
6 1038
7 1624
8 1075
8 1293
9 676
9 684
9 954
10 104
10 1520
11 1769
11 1984
12 1072
13 1189
13 1604
14 1728
15 345
15 574
15 1535
16 1759
16 1980
17 1056
17 1839
18 855
19 429
19 1056
20 1306
21 501
21 1471
22 1360
23 133
23 1436
24 520
24 1333
25 417
25 803
25 1510
26 1798
27 695
27 1954
28 1611
29 416
29 750
30 1192
31 391
32 1742
33 1053
34 779
34 1107
35 892
36 534
36 836
37 842
37 1721
38 611
39 1164
40 762
41 928
41 1241
42 1706
42 1793
42 1794
43 325
44 67
44 745
44 1741
45 1674
46 1302
47 396
47 776
47 1445
48 1746
49 440
49 499
50 1909
51 731
51 963
52 624
52 1639
53 1302
53 1713
54 1825
55 1413
55 1801
56 79
56 937
57 523
58 448
58 1538
59 1794
60 811
60 1173
61 440
61 558
62 921
63 312
63 560
63 1221
64 856
64 1646
64 1830
65 90
65 1706
66 398
66 697
68 490
68 1666
69 1694
69 1746
70 1554
70 1954
71 1677
71 1844
72 1277
72 1411
72 1556
73 847
74 1565
75 626
76 1153
76 1566
76 1616
77 627
78 935
78 1539
80 225
80 422
80 1991
81 280
81 477
82 1251
83 198
83 1717
84 676
84 717
84 1781
85 287
86 618
86 1598
87 1271
88 815
89 763
89 1028
89 1208
90 399
90 1581
91 1006
91 1043
91 1391
92 1112
92 1272
93 1790
94 650
94 1123
95 708
95 1776
96 1217
96 1832
97 1303
97 1649
98 1222
99 1805
100 512
100 1295
101 203
101 277
101 1913
102 610
102 969
103 340
103 678
104 864
105 344
105 877
106 690
106 858
107 705
107 1612
108 814
109 1905
110 1514
111 922
112 760
112 1812
113 822
114 190
114 1865
115 181
115 603
116 551
116 714
117 1201
117 1373
117 1724
118 1217
119 255
119 1244
119 1719
120 706
121 915
122 1254
122 1579
123 1200
123 1853
124 183
124 1891
125 524
125 1276
126 877
126 1908
127 172
127 586
128 558
129 361
129 788
129 1020
130 259
131 254
131 993
132 1962
134 725
134 1619
134 1784
135 1792
136 1267
136 1689
137 842
137 1963
138 1648
139 1405
140 158
140 1202
141 1141
141 1795
142 182
142 1340
142 1408
143 809
143 1342
144 1236
145 1282
145 1739
146 1438
147 429
147 1499
148 732
148 1889
149 1311
149 1936
149 1987
150 622
150 1612
151 775
152 1050
152 1926
152 1977
153 1303
154 835
154 1303
155 1703
156 246
156 962
157 317
157 875
157 1860
158 1257
159 286
160 440
161 1866
162 1438
163 654
163 783
163 1780
164 531
165 727
165 1888
166 1512
166 1733
167 1625
168 941
169 237
170 261
171 716
171 1700
172 439
172 495
173 370
173 1000
174 632
174 1616
175 350
175 1101
176 983
177 1169
178 530
178 1444
178 1911
179 438
180 1638
183 1765
184 205
184 1087
185 467
185 1750
186 801
187 756
187 1116
188 347
189 1462
190 885
191 888
191 919
191 1143
192 1181
193 1811
193 1875
193 1990
194 1001
194 1412
195 1208
195 1758
196 978
196 1334
197 1074
197 1087
197 1766
199 547
199 1692
200 1197
200 1697
201 1990
201 1996
202 1397
204 704
205 797
206 1370
206 1673
206 1736
207 528
207 1854
208 888
209 316
209 938
210 985
210 1550
211 431
212 852
213 1274
213 1636
214 1291
215 1413
216 1601
216 1927
217 998
217 1019
218 1591
219 1792
219 1872
220 527
220 993
221 1462
222 1037
222 1575
223 637
223 1250
224 236
224 290
224 1627
225 307
226 1408
227 685
227 1086
228 1192
228 1707
229 665
230 686
230 901
231 1474
231 1895
232 479
232 691
232 1510
233 513
233 1835
234 487
234 568
234 1955
235 733
235 1507
235 1707
236 1395
237 807
237 1526
238 1778
238 1842
239 1538
239 1714
240 777
241 1585
242 588
242 1236
242 1934
243 340
243 858
244 1249
244 1375
245 1529
246 700
246 971
247 560
248 1477
249 1058
249 1459
249 1837
250 1970
251 478
251 1167
252 567
252 1312
253 1046
253 1468
254 1576
255 1227
256 1194
256 1274
257 1890
258 860
258 1459
259 381
259 1976
260 1156
260 1561
261 1369
262 546
262 1036
262 1837
263 1222
263 1873
264 572
264 1629
265 1372
265 1727
266 724
266 1450
267 952
267 1563
268 392
268 1078
269 639
269 1010
269 1816
270 528
271 742
272 631
273 770
274 1584
274 1765
275 522
276 1259
278 284
279 1253
279 1440
280 1620
280 1621
281 1273
281 1783
281 1893
282 872
282 889
282 1031
283 1822
284 1512
285 419
285 758
286 1210
286 1959
287 400
287 862
288 1015
288 1545
288 1873
289 1230
289 1456
290 663
291 1791
292 442
292 1719
293 1167
294 898
294 945
295 1988
296 464
296 806
297 424
297 1150
298 832
299 750
300 1729
301 1090
301 1758
302 1177
302 1546
303 1483
304 1487
304 1947
305 319
305 511
305 962
306 813
306 958
307 780
307 1400
308 551
308 1422
308 1929
309 721
309 1547
310 797
311 1151
311 1475
312 938
312 1637
313 389
313 823
313 1169
314 841
314 1396
315 1210
316 1702
317 381
317 1524
318 1016
318 1453
320 720
320 774
321 1136
321 1299
322 488
323 659
323 907
324 1690
325 1465
326 525
326 851
326 1356
327 1354
327 1703
328 1010
328 1524
329 358
329 1162
330 1379
331 866
332 346
333 692
334 903
334 1418
335 687
335 726
335 835
336 1284
336 1386
337 827
338 778
338 1431
338 1994
339 653
339 909
341 1420
342 838
342 943
342 1648
343 688
343 716
343 1351
344 1591
344 1797
346 475
347 625
347 1151
348 1534
349 683
350 1207
350 1461
351 896
351 950
352 1453
352 1751
353 587
353 1551
353 1930
354 833
355 1063
355 1572
356 731
356 999
357 720
358 1712
359 360
359 1080
359 1689
361 1295
362 1563
362 1854
363 1272
364 784
364 1787
365 670
365 1659
366 1780
367 883
367 1101
368 999
369 1659
370 916
370 1440
371 822
372 1927
372 1951
373 1368
374 771
374 1614
375 537
375 1489
376 736
376 859
377 1334
378 1382
379 765
379 1584
380 384
380 1306
380 1798
382 1033
382 1103
383 1204
384 1699
385 766
386 469
386 1620
387 831
387 1485
388 392
388 1255
390 398
391 630
391 1658
392 829
393 1466
394 1013
394 1111
395 1649
397 1329
399 1116
401 1070
401 1807
402 1284
402 1869
402 1898
403 575
403 1989
404 1508
405 691
406 1163
406 1743
407 631
407 837
407 849
408 1018
408 1610
408 1949
409 749
409 1397
409 1777
410 874
411 1094
412 827
412 1980
413 857
413 1296
413 1332
414 683
414 1528
415 816
418 773
418 1471
419 1725
420 692
421 561
421 721
423 627
423 1227
423 1816
424 1350
424 1530
425 1138
426 1576
427 604
427 1002
428 1679
429 1421
430 931
431 455
431 1328
432 646
432 1672
433 1014
433 1935
434 1777
434 1848
435 1148
435 1790
435 1937
436 1182
436 1331
437 1215
438 846
439 1008
441 657
442 1098
443 738
443 1935
444 1928
445 1835
446 1333
447 703
449 625
450 1944
451 1887
452 868
453 1208
454 1395
455 1855
456 852
456 1553
456 1777
457 1140
457 1297
458 772
459 1546
460 1680
461 990
462 1643
462 1817
463 1187
464 636
465 651
465 1872
466 728
466 865
468 1050
469 1239
469 1924
470 706
470 1669
471 1667
472 1108
472 1617
473 1564
474 1383
474 1733
475 1132
476 1338
476 1600
476 1611
477 1850
477 1942
478 908
478 1997
480 1797
481 577
481 584
481 945
482 1325
482 1493
483 1427
483 1789
484 841
485 763
485 1267
486 1502
488 1247
489 717
489 1848
490 678
490 1963
491 1460
492 818
493 569
493 581
493 1796
494 657
494 921
495 1196
496 748
497 792
497 1004
498 665
498 910
498 1159
499 571
500 1294
500 1358
501 934
502 624
503 690
503 1406
504 1095
505 1678
505 1767
506 1933
507 1121
508 1955
509 1319
510 1367
510 1718
511 682
512 948
513 1972
514 788
514 849
515 673
515 886
516 859
517 1404
518 1316
518 1966
519 1587
520 1492
521 1407
521 1511
522 1381
522 1608
523 713
524 1487
525 1667
526 1983
527 601
527 1819
528 1533
529 1387
529 1507
531 1508
532 1686
533 708
533 1654
533 1793
535 1401
535 1640
536 1561
537 734
538 1029
538 1361
539 645
540 1014
541 687
541 1583
542 652
542 1634
543 1194
543 1882
544 996
545 1514
548 1487
549 1390
549 1747
550 974
550 1135
551 1850
552 761
552 1312
553 863
554 718
554 883
555 1229
555 1439
556 1473
557 960
557 1257
559 670
561 1858
562 650
562 713
562 1465
563 711
564 1465
565 1214
566 647
566 950
570 1629
571 1993
572 1257
573 797
573 860
573 866
575 1335
576 997
577 1229
578 1812
578 1887
579 886
579 1357
579 1925
580 1362
581 1861
582 1885
583 767
583 1003
584 1084
584 1097
585 1075
585 1743
586 1559
587 832
588 688
589 1574
590 636
591 1215
592 936
592 1674
593 1882
594 671
594 1099
595 1153
596 1847
597 709
598 1155
598 1582
599 1646
599 1709
600 1661
600 1853
602 1645
602 1657
603 1011
605 883
606 1404
607 1865
608 1262
609 1748
609 1796
609 1984
610 1832
611 1630
611 1774
612 1833
613 1906
614 803
614 1662
615 897
615 1858
616 736
617 1511
617 1927
618 701
618 1420
619 1211
619 1829
620 1737
620 1757
621 1475
621 1756
622 1198
623 1343
623 1574
625 1643
626 1238
628 749
628 1828
629 677
629 1679
630 1280
632 1961
633 1218
633 1999
634 1159
634 1492
634 1534
635 881
635 1170
637 1569
638 1475
638 1557
639 1129
640 1366
640 1388
641 960
641 1243
642 1250
642 1298
643 1694
644 1756
644 1767
645 1200
646 1416
646 1613
647 972
648 1002
649 1788
650 1005
651 1270
652 732
653 1057
653 1560
654 673
655 1055
656 1626
656 1764
657 1786
658 1931
659 844
660 1232
660 1300
661 1048
661 1064
661 1686
662 854
662 1135
663 1053
664 1280
664 1915
666 751
666 808
666 1501
667 1415
667 1595
668 1030
668 1930
669 1080
670 753
671 1764
672 1447
672 1918
674 1672
674 1994
675 894
675 1750
675 1768
678 1353
679 971
680 1301
681 986
681 1048
682 1277
684 760
684 884
685 1578
686 1260
687 953
688 1730
689 949
689 1176
692 1240
693 1146
693 1683
694 935
694 1393
694 1921
695 1679
696 773
696 882
696 1410
697 1673
697 1944
698 1130
698 1597
698 1740
699 1206
699 1571
700 791
701 1276
701 1473
702 936
702 1703
703 1383
704 1917
705 1896
706 734
707 856
707 961
707 1806
709 771
710 1362
711 1973
712 870
712 905
714 811
714 930
715 1036
715 1722
716 1305
718 1969
719 870
720 1027
722 1922
723 1095
723 1398
724 1593
725 1147
727 933
727 1782
728 1419
729 1419
729 1827
730 823
731 1044
732 801
733 1598
734 1572
735 966
735 1064
735 1628
736 1702
737 894
737 1997
738 1133
738 1511
739 1423
740 1705
740 1732
741 1382
741 1738
742 1886
743 1626
743 1825
744 917
744 1510
745 1932
746 975
746 1166
746 1974
747 845
747 1478
747 1539
748 1323
750 1357
751 1338
751 1467
752 1858
753 1881
754 1365
755 906
755 1161
756 900
756 1190
757 1994
758 819
759 822
759 1194
761 962
761 1110
762 973
762 1358
764 1717
764 1881
765 1862
766 848
767 1436
768 1447
768 1554
769 1731
769 1972
770 1226
770 1761
771 956
772 1092
772 1734
773 1682
774 1028
775 1480
776 1020
776 1441
777 1003
778 924
779 1498
779 1573
781 1086
782 985
782 1378
783 1258
784 998
785 1877
786 1026
786 1828
786 1889
787 1246
788 1609
789 1604
789 1636
790 802
791 1220
792 1913
793 1053
793 1731
794 868
794 873
794 1577
795 1215
795 1697
795 1971
796 1478
798 1652
798 1922
799 1198
799 1992
800 1112
800 1801
802 1399
802 1684
803 1720
804 1848
805 1089
805 1180
806 1852
807 952
808 1851
810 1219
810 1806
811 1606
812 869
812 1321
813 897
814 1270
814 1849
815 857
815 1161
816 995
817 902
817 983
817 1121
818 1899
818 1933
819 1212
819 1449
820 1076
820 1890
821 1032
821 1243
821 1759
824 839
825 1308
825 1345
826 1605
826 1928
828 1265
828 1770
828 1960
829 1655
830 1049
830 1065
831 869
833 1376
834 1103
836 1626
837 1317
838 1982
839 1184
840 1052
840 1237
842 910
843 1152
843 1716
846 1189
846 1202
847 1292
847 1981
848 1386
849 1013
850 1753
850 1770
851 1386
852 1988
853 1138
854 902
854 1214
855 862
858 955
861 1174
861 1549
861 1916
862 1234
863 882
864 1504
864 1537
865 1685
867 1536
867 1595
868 1664
870 1077
871 1122
871 1562
872 1981
873 957
873 1700
874 1772
875 1181
876 1269
876 1938
877 1735
878 913
878 1186
879 1022
879 1582
880 1702
880 1916
881 1527
882 1980
884 1497
884 1704
887 1197
887 1632
890 1639
890 1857
891 970
892 1000
893 1118
895 1992
896 1869
897 1224
898 932
899 982
899 1639
901 1275
903 1485
904 1109
904 1625
905 940
905 1052
906 1571
907 1641
908 1792
911 1144
911 1402
911 1693
912 994
912 1069
912 1145
913 1901
914 1588
914 1881
915 1623
916 1142
917 1106
918 1128
918 1383
919 1082
920 1469
920 1640
922 1113
922 1738
923 1624
923 1721
924 1026
925 969
925 979
926 1676
926 1888
927 1016
927 1371
928 1251
929 1172
929 1854
931 1774
932 1715
933 1323
934 1086
937 1597
939 1934
939 1999
941 1965
942 1172
942 1710
943 1155
944 1097
944 1346
944 1809
946 1350
946 1603
947 1168
947 1309
948 1752
949 1042
951 1109
951 1434
953 1166
954 1864
955 965
956 1024
956 1929
957 1840
958 1225
959 1096
959 1175
961 1609
963 1815
964 1300
964 1971
965 1610
966 1157
967 1131
967 1862
968 1187
968 1857
970 1513
970 1945
971 1017
972 1852
973 1359
973 1989
974 1349
975 1062
975 1081
976 1061
976 1335
977 1747
978 1751
979 1054
980 1060
980 1085
981 1337
981 1815
981 1831
982 1784
983 1822
984 1317
986 1578
987 1158
987 1662
988 1633
988 1687
988 1998
989 1260
990 1311
991 1143
991 1482
992 1079
992 1149
995 1614
996 1681
997 1186
997 1541
998 1035
999 1503
1000 1982
1001 1688
1001 1713
1002 1711
1003 1341
1004 1101
1004 1574
1006 1665
1007 1207
1007 1885
1008 1298
1009 1376
1009 1642
1009 1849
1011 1876
1012 1119
1012 1661
1017 1782
1019 1188
1020 1641
1021 1105
1022 1380
1023 1454
1023 1505
1023 1521
1025 1110
1025 1263
1025 1288
1027 1568
1030 1807
1031 1209
1032 1178
1033 1486
1034 1458
1035 1129
1037 1692
1038 1526
1039 1587
1039 1631
1039 1847
1040 1098
1040 1763
1041 1663
1041 1912
1042 1318
1043 1523
1044 1979
1045 1134
1045 1136
1046 1967
1047 1898
1049 1067
1051 1139
1051 1753
1052 1463
1054 1741
1055 1680
1056 1567
1057 1490
1058 1266
1059 1665
1059 1900
1060 1738
1061 1676
1062 1293
1063 1278
1066 1165
1066 1457
1066 1546
1067 1157
1068 1472
1068 1490
1068 1779
1069 1079
1069 1226
1070 1325
1070 1742
1071 1411
1071 1570
1072 1420
1072 1748
1073 1759
1074 1196
1076 1218
1077 1286
1078 1542
1078 1653
1080 1667
1082 1630
1082 1723
1083 1145
1083 1195
1084 1755
1085 1128
1088 1604
1088 1745
1089 1529
1091 1503
1091 1583
1091 1638
1092 1903
1093 1343
1094 1708
1099 1670
1100 1786
1100 1919
1102 1723
1102 1820
1103 1778
1104 1675
1105 1541
1107 1716
1108 1483
1108 1557
1109 1516
1111 1329
1111 1364
1112 1276
1113 1518
1114 1168
1114 1550
1115 1340
1115 1402
1117 1289
1117 1709
1118 1838
1119 1892
1120 1201
1120 1362
1120 1764
1123 1441
1124 1326
1124 1813
1125 1974
1126 1740
1127 1179
1130 1947
1131 1165
1131 1320
1132 1791
1133 1479
1134 1271
1136 1695
1137 1520
1138 1863
1139 1956
1140 1701
1140 1776
1141 1859
1142 1450
1144 1949
1146 1313
1148 1836
1149 1651
1154 1343
1154 1808
1156 1829
1157 1720
1158 1283
1160 1432
1160 1635
1161 1451
1162 1718
1163 1446
1164 1205
1164 1353
1167 1875
1168 1484
1169 1606
1170 1610
1171 1629
1171 1874
1174 1193
1175 1835
1176 1953
1177 1834
1178 1970
1179 1328
1181 1668
1182 1279
1182 1628
1183 1494
1184 1249
1184 1864
1185 1522
1185 1871
1185 1932
1187 1635
1190 1322
1190 1734
1191 1525
1191 1576
1193 1234
1195 1593
1196 1956
1199 1245
1199 1884
1203 1482
1203 1803
1204 1861
1205 1824
1206 1760
1209 1491
1210 1466
1212 1377
1212 1429
1213 1544
1213 1913
1214 1476
1216 1867
1216 1948
1219 1334
1220 1344
1222 1235
1223 1336
1223 1455
1223 1530
1224 1389
1225 1501
1226 1404
1228 1681
1228 1985
1230 1870
1231 1232
1231 1540
1232 1957
1233 1749
1233 1899
1235 1448
1237 1688
1238 1553
1239 1785
1240 1374
1240 1622
1241 1431
1242 1671
1242 1865
1245 1879
1246 1851
1247 1826
1248 1490
1249 1489
1250 1491
1251 1825
1252 1313
1253 1396
1254 1290
1255 1589
1256 1329
1258 1348
1259 1879
1260 1846
1261 1462
1261 1824
1262 1744
1262 1833
1263 1525
1264 1496
1264 1954
1268 1565
1268 1687
1269 1278
1269 1986
1271 1320
1273 1532
1277 1893
1281 1659
1281 1855
1282 1457
1283 1596
1285 1929
1286 1382
1287 1508
1287 1579
1289 1631
1290 1464
1290 1493
1291 1552
1292 1965
1293 1675
1294 1519
1296 1880
1297 1815
1301 2000
1304 1601
1304 1841
1305 1618
1307 1754
1307 1850
1308 1314
1310 1443
1310 1918
1311 1439
1313 1542
1314 1550
1314 1845
1315 1817
1315 1901
1316 1370
1318 1555
1319 1384
1320 1775
1322 1415
1324 1794
1327 1591
1327 1744
1328 1370
1330 1722
1330 1908
1331 1983
1336 1690
1336 1883
1337 1895
1338 1528
1339 1899
1341 1711
1342 1426
1344 1569
1345 1995
1347 1647
1347 1935
1351 1925
1352 1374
1352 1813
1354 1789
1355 1547
1355 1696
1356 1360
1359 1978
1361 1958
1363 1367
1363 1602
1365 1844
1366 1647
1368 1619
1369 1602
1371 1478
1372 1477
1377 1650
1379 1442
1380 1671
1381 1840
1384 1897
1385 1651
1385 1996
1387 1427
1387 1517
1388 1545
1389 1737
1390 1615
1390 1760
1392 1585
1393 1495
1394 1660
1394 1851
1395 1705
1398 1486
1399 1417
1403 1632
1405 1461
1405 1663
1406 1874
1407 1863
1408 1788
1409 1555
1409 1608
1412 1821
1414 1943
1417 1573
1417 1841
1418 1762
1423 1592
1423 1600
1424 1843
1425 1827
1426 1569
1428 1597
1428 1901
1430 1942
1430 1973
1432 1923
1433 1566
1433 1911
1434 1527
1435 1529
1435 1656
1436 1891
1437 1902
1437 1910
1438 1752
1442 1514
1442 1688
1448 1878
1449 1632
1451 1456
1451 1904
1452 1771
1454 1726
1455 1790
1458 1520
1460 1559
1463 1714
1464 1523
1466 1736
1469 1650
1469 1871
1470 1480
1470 1978
1472 1710
1474 1773
1477 1921
1479 1544
1481 1770
1481 1950
1483 1920
1484 1957
1485 1549
1488 1502
1494 1968
1495 1803
1496 1704
1498 1535
1500 1903
1501 1868
1504 1628
1505 1710
1506 1616
1506 1621
1509 1560
1509 1805
1509 1838
1513 1842
1515 1986
1518 1617
1519 2000
1531 1548
1533 1603
1534 1906
1538 1993
1540 1800
1541 1859
1543 1645
1543 1836
1544 1729
1548 1664
1551 1914
1552 1673
1558 1937
1559 1802
1561 1660
1562 1566
1563 1945
1564 1809
1567 1876
1567 1878
1568 1771
1573 1897
1575 1959
1579 1946
1580 1727
1580 1884
1585 1799
1586 1708
1586 1933
1587 1962
1588 1655
1589 1804
1589 1810
1590 1800
1592 1814
1594 1773
1594 1781
1596 1656
1599 1769
1603 1652
1605 1642
1607 1613
1607 1677
1612 1795
1622 1798
1622 1915
1623 1852
1637 1826
1644 1725
1644 1732
1649 1880
1652 1958
1653 1884
1654 1886
1656 1948
1660 1682
1665 1797
1669 1769
1670 1805
1672 1991
1677 1923
1680 1922
1681 1872
1685 1894
1690 1698
1691 1874
1693 1975
1694 1751
1696 1877
1698 1739
1699 1981
1704 1712
1708 1745
1713 1968
1715 1911
1724 1894
1728 1890
1731 1931
1737 1823
1742 1843
1746 1985
1749 1892
1757 1917
1758 1856
1762 1998
1763 1886
1772 1931
1780 1969
1785 1909
1791 1818
1799 1937
1800 1818
1808 1910
1810 1940
1818 1856
1821 1879
1822 1836
1823 1964
1834 1943
1846 1961
1866 1883
1885 1905
1896 1916
1900 1995
1902 1952
1907 1952
1908 1939
1910 1950
1919 1960
1926 1976
1939 1955
1941 1979
1953 1964
1966 1967
1982 1987
