1 902
2 146
2 232
3 218
3 681
4 475
4 787
5 180
5 735
6 750
6 764
6 931
7 753
7 833
8 383
9 266
9 931
10 157
10 505
11 315
11 812
12 197
13 808
13 871
14 39
14 263
15 92
16 279
16 397
17 565
17 645
18 151
18 387
19 241
20 70
20 74
21 165
21 407
22 960
23 659
24 498
25 267
25 642
26 271
27 324
28 126
28 692
29 420
29 468
29 834
30 186
30 788
31 77
32 266
32 859
33 109
34 59
34 770
35 265
35 951
36 331
36 640
37 954
38 106
39 98
40 474
40 544
41 258
41 301
41 493
42 312
42 466
42 926
43 132
43 582
43 679
44 96
44 259
45 707
45 796
45 933
46 198
46 277
47 308
47 735
48 322
48 508
49 146
50 210
50 785
50 973
51 54
51 77
52 83
52 102
52 845
53 626
53 756
54 75
55 210
55 987
56 175
56 410
56 843
57 655
57 914
58 631
58 802
59 721
60 78
60 547
61 143
61 549
62 170
62 534
63 579
63 880
64 94
64 422
64 971
65 905
66 77
66 357
67 388
67 967
68 644
68 719
69 164
69 393
69 624
70 659
71 720
71 847
71 903
72 273
72 740
73 890
74 99
76 983
78 494
78 914
79 441
79 467
79 852
80 190
80 451
80 487
81 640
82 435
83 299
84 407
84 784
85 886
85 993
86 725
86 760
87 587
88 886
89 779
90 118
90 527
91 856
91 933
92 786
92 985
93 205
93 984
94 419
94 453
95 139
95 517
96 166
97 745
97 910
98 458
98 573
99 997
100 594
100 991
101 805
102 669
103 291
103 884
104 149
104 894
105 608
106 794
106 942
107 317
107 586
108 791
109 266
110 274
110 374
111 727
111 743
112 407
112 938
113 409
113 996
114 561
114 857
115 360
115 375
116 205
116 602
117 570
118 798
119 710
119 740
120 184
121 178
121 614
122 534
123 265
123 957
124 635
125 129
125 174
125 900
126 609
126 902
127 638
127 646
128 324
128 481
128 751
129 813
130 469
130 993
131 158
131 381
132 562
133 902
134 348
134 403
135 679
136 522
136 689
137 295
137 386
137 936
138 200
138 970
139 379
139 551
140 756
140 940
141 319
141 853
142 187
142 691
143 916
144 391
144 662
145 234
145 457
145 542
147 811
147 979
148 202
148 767
149 276
149 585
149 703
150 539
150 834
150 892
151 204
151 714
152 302
152 434
153 307
154 768
154 963
155 253
155 885
156 208
156 507
156 616
157 619
159 569
159 914
160 745
161 806
161 937
162 542
163 509
164 826
164 949
165 430
166 196
166 480
167 506
167 799
167 858
168 547
169 197
169 367
169 520
170 275
171 402
171 458
172 251
172 379
173 662
173 944
175 996
176 675
177 568
177 676
179 323
180 833
181 450
181 771
181 849
182 198
183 289
183 415
184 445
185 428
185 683
185 829
186 584
187 589
187 790
188 490
188 858
189 344
189 361
190 896
191 426
192 247
192 631
193 319
193 619
194 249
194 278
195 310
195 767
196 317
199 222
199 636
200 377
201 236
201 718
202 302
203 486
203 794
204 848
205 714
206 375
206 595
207 286
208 431
208 495
209 366
209 919
209 921
211 460
211 825
212 417
212 728
213 435
213 984
214 372
215 452
215 623
216 383
216 952
217 589
217 611
218 349
219 473
219 511
220 698
220 838
221 230
221 389
221 638
222 355
222 529
223 527
224 417
224 525
225 465
225 724
226 559
226 628
227 536
227 948
228 574
228 765
229 336
229 697
230 268
231 614
232 275
233 675
233 941
234 921
235 388
235 781
236 404
236 476
237 301
237 882
238 413
238 596
238 711
239 333
240 393
240 671
241 973
242 414
242 898
243 462
244 538
244 965
245 270
245 715
245 920
246 329
246 626
247 741
248 732
248 775
249 341
249 817
250 814
250 860
251 606
252 459
252 653
252 763
253 728
254 376
254 789
255 690
256 441
257 347
257 469
257 670
258 475
259 327
259 861
260 975
260 991
261 797
261 828
261 890
262 445
262 507
262 673
263 832
264 922
266 332
267 548
268 478
268 579
269 294
269 514
271 674
271 758
272 947
273 954
274 288
274 862
275 891
276 824
277 513
278 433
279 377
280 736
280 812
281 549
281 601
282 817
282 862
283 489
284 436
284 449
285 374
285 965
286 580
286 631
287 551
287 697
289 691
289 829
290 566
290 897
291 904
292 431
293 704
293 938
294 740
295 383
296 310
296 641
297 441
298 820
298 972
299 509
300 424
302 734
302 846
303 359
303 603
304 482
305 810
306 421
306 976
307 650
308 686
309 702
309 866
311 519
313 808
313 979
314 776
314 957
315 850
316 610
316 655
318 482
318 905
320 597
320 706
320 883
321 528
321 791
321 920
323 391
323 895
324 766
325 649
325 785
326 380
327 565
327 841
328 479
329 520
330 584
330 743
331 673
331 947
332 782
333 448
334 466
334 793
335 368
335 378
335 438
336 620
337 871
338 346
338 913
339 489
339 668
340 769
340 906
342 487
342 497
343 399
343 614
344 438
345 535
345 989
346 462
348 676
349 526
350 784
351 578
351 1000
352 590
352 792
353 603
354 701
354 855
354 930
355 982
356 404
356 455
357 512
357 982
358 627
358 855
359 940
360 699
362 550
362 553
363 434
363 633
364 450
364 612
365 395
367 481
368 770
369 527
369 739
370 461
370 730
371 696
372 759
373 804
373 972
376 837
378 480
380 697
381 452
382 616
382 976
384 401
384 462
385 699
386 981
387 661
387 889
389 803
390 453
390 464
390 787
392 861
392 881
394 492
394 851
395 942
396 830
397 887
398 586
398 912
400 669
401 604
401 680
402 660
402 992
405 447
406 804
406 840
408 782
408 830
411 820
411 876
411 930
412 750
412 897
413 642
414 436
414 806
415 443
415 559
416 797
417 729
418 696
418 771
419 688
420 572
421 935
423 463
423 689
423 780
424 593
425 629
425 756
426 889
427 639
427 875
428 446
429 694
429 911
430 962
432 646
433 530
433 552
434 751
437 563
439 654
439 949
440 772
440 904
442 786
443 747
444 514
444 579
447 591
448 852
449 635
449 759
451 692
451 742
452 484
453 693
454 744
454 784
455 801
456 465
456 995
457 966
459 753
460 798
461 731
463 609
463 783
464 939
466 515
467 742
470 644
470 923
471 844
471 867
471 888
472 788
472 847
473 854
474 998
475 486
477 956
478 922
479 754
482 599
482 959
483 992
485 964
488 590
488 953
490 521
491 694
491 722
492 607
492 970
494 958
495 727
496 734
497 805
498 775
499 563
499 695
500 504
500 811
501 707
501 725
502 659
502 960
503 533
503 688
503 877
503 883
504 648
505 948
506 892
507 863
508 919
510 872
512 653
513 721
516 541
516 811
516 956
518 606
518 608
519 702
520 621
522 713
522 977
523 665
524 874
524 975
525 765
525 795
526 877
530 927
531 647
532 558
532 954
534 894
535 678
537 951
537 999
539 988
540 856
541 591
543 577
543 613
543 634
544 815
545 656
545 927
546 637
546 836
546 966
548 595
548 860
550 719
550 915
552 718
552 864
553 577
554 571
554 703
555 802
555 945
556 748
556 762
556 977
557 705
557 873
558 620
559 865
560 650
560 878
560 925
561 936
562 585
564 684
567 686
567 766
568 953
570 809
571 773
572 800
573 744
574 983
575 704
575 828
576 789
578 687
578 865
580 803
581 685
582 645
583 666
587 885
587 980
588 632
588 837
590 761
590 842
591 851
592 609
593 701
595 731
596 668
598 975
599 937
600 771
601 630
605 615
605 919
606 807
610 1000
612 959
613 870
614 733
615 809
617 637
617 775
618 859
620 736
622 818
622 897
622 949
623 732
625 657
625 850
627 978
628 929
629 901
629 929
630 777
630 846
631 774
633 709
636 937
637 716
641 658
641 810
642 737
643 754
643 926
647 793
647 952
651 814
652 663
652 695
654 667
656 908
657 682
660 807
663 901
664 734
664 825
665 916
666 899
668 716
670 910
672 681
676 769
677 968
678 885
682 853
684 832
685 978
690 773
690 907
691 968
698 923
699 874
700 932
702 721
705 748
706 900
708 917
708 932
710 837
711 884
712 757
712 988
713 934
715 719
717 821
720 943
722 828
723 769
723 786
723 879
724 879
726 964
726 982
728 854
729 997
733 957
737 867
738 843
738 917
738 943
746 990
749 860
752 904
752 955
753 755
757 761
758 924
763 764
768 812
768 991
770 994
772 909
773 950
776 778
776 816
779 802
780 928
781 933
783 831
790 827
792 961
796 858
800 823
800 912
803 821
813 925
816 915
819 868
822 886
822 995
826 999
832 941
833 868
835 882
835 913
839 848
839 934
844 893
845 891
857 928
862 945
864 871
865 987
869 911
870 925
872 958
875 974
876 932
880 967
887 903
890 946
893 918
895 971
899 950
899 989
918 942
924 926
924 935
931 969
961 986
974 989
977 998
986 990
