1 1180
1 1774
2 146
2 232
2 1953
3 218
3 1089
4 475
4 787
5 1473
5 1880
6 1029
6 1319
6 1762
7 753
8 1030
8 1782
9 931
9 1830
10 1720
11 315
11 1579
11 1890
12 1160
12 1793
13 871
14 263
15 92
16 1399
17 565
17 645
18 387
18 1468
19 241
19 1001
19 1605
20 1457
20 1587
20 1679
21 407
22 960
23 659
23 1665
24 1086
25 642
25 1767
26 1289
27 1502
27 1527
28 692
28 1352
29 420
29 834
30 1314
30 1752
31 1902
32 266
32 1157
33 1747
34 59
34 1354
35 265
35 1353
36 640
36 1158
36 1190
37 1384
37 1633
38 1116
38 1501
39 98
39 1103
40 474
40 544
41 258
41 493
42 312
42 1064
42 1811
43 132
43 679
44 96
45 707
45 796
45 933
46 277
46 1379
46 1987
47 308
47 1008
47 1914
48 508
48 1229
49 1772
50 973
50 1137
50 1567
51 77
51 1032
52 83
52 102
52 845
52 1953
53 756
54 75
54 1032
55 210
55 987
56 175
56 410
56 1534
57 655
57 1172
57 1999
58 631
58 1410
59 1047
60 78
60 547
60 1269
61 143
61 549
62 170
62 534
63 579
63 880
64 971
64 1225
65 905
65 1513
66 77
67 1641
67 1687
68 719
68 1476
69 164
69 393
69 624
70 659
70 1543
71 847
71 1071
71 1727
72 273
72 1273
72 1317
73 1985
74 99
74 1587
75 1025
76 983
78 494
78 1598
79 441
79 467
80 487
80 1255
80 1467
81 1243
82 435
84 784
84 1363
85 993
86 760
86 1580
87 587
87 1679
88 886
89 1922
90 527
91 856
91 933
92 786
92 985
93 205
93 1312
94 1225
95 517
95 1678
96 1684
97 745
97 1248
98 573
98 1260
100 594
100 991
101 805
102 669
103 1281
104 894
104 1054
105 608
105 1879
106 794
106 942
107 586
107 1215
108 1171
108 1608
108 1739
109 1091
109 1830
110 274
110 1348
111 727
111 743
112 938
112 1728
113 409
113 1107
113 1915
114 561
114 857
115 1321
115 1982
116 602
116 1312
117 570
117 1003
117 1906
118 798
119 710
119 1938
120 1024
120 1648
121 1063
122 534
122 1478
123 1387
124 449
124 1956
125 900
125 1482
125 1606
126 1352
126 1993
127 638
127 646
128 481
128 751
129 1204
129 1471
129 1482
130 1601
130 1825
131 381
131 1199
132 562
132 1724
133 1295
134 403
134 1845
135 1124
135 1666
136 522
136 689
137 1117
137 1569
138 200
138 970
139 1337
139 1678
140 756
140 940
140 1662
141 319
141 853
141 1245
142 691
143 1018
144 662
144 1349
144 1787
145 234
145 1784
146 1772
147 979
147 1101
147 1433
148 1226
148 1409
148 1455
149 276
149 585
149 703
150 539
150 892
150 1685
151 204
151 1037
152 302
152 1060
153 1708
153 1908
154 963
154 1960
155 885
155 1494
156 208
156 1818
157 619
158 1199
158 1582
158 1714
159 569
159 914
159 1420
160 1224
161 806
161 937
162 1324
163 1500
163 1810
164 949
165 1992
166 1138
166 1339
166 1430
167 799
167 858
168 547
168 1470
169 1411
169 1699
169 1944
169 1957
170 275
171 402
171 458
172 1070
172 1454
173 944
174 1128
174 1606
175 1765
176 1390
176 1844
177 1193
177 1539
178 1323
178 1870
179 1195
180 1055
180 1473
181 450
181 771
181 1510
182 1012
182 1549
183 289
184 445
184 1877
185 428
185 683
185 829
186 1314
186 1350
187 790
187 1111
188 490
188 858
189 344
189 361
190 896
190 1846
191 426
191 1213
192 1066
192 1306
193 319
193 1333
194 249
194 1394
195 310
195 767
196 317
196 1430
197 1160
197 1555
198 1831
198 1987
199 222
199 1504
199 1741
200 377
200 1011
201 718
201 1855
202 302
202 1409
202 1795
203 1761
203 1972
205 714
206 1709
206 1891
206 1934
207 286
208 495
209 366
209 1068
209 1184
210 973
211 1730
211 1988
212 1017
212 1829
213 984
213 1682
214 1413
214 1562
214 1941
215 452
215 623
216 952
216 1161
217 589
217 611
218 349
219 473
219 511
220 1209
220 1469
220 1865
221 389
221 638
222 355
223 527
224 1017
224 1680
225 1162
225 1931
226 1990
227 948
227 1461
227 1949
228 1400
229 697
229 1143
229 1572
230 268
231 614
231 1686
232 275
233 1118
233 1946
234 1487
234 1744
235 388
235 781
236 1316
236 1855
237 301
237 1148
238 413
238 711
239 1406
239 1983
240 393
240 671
242 1156
243 1205
243 1346
243 1431
244 538
244 1170
245 270
245 1325
246 329
246 1263
246 1663
247 1306
248 775
248 1896
249 1203
249 1796
250 814
250 860
251 1441
251 1454
252 653
253 728
253 1122
254 789
255 690
256 441
257 347
257 469
258 475
259 327
259 861
260 975
260 991
261 797
261 828
261 1975
262 445
262 673
262 1563
263 832
263 1341
264 922
264 1673
265 1227
265 1387
266 332
266 1206
267 1040
268 579
269 294
269 514
270 1043
271 674
271 1368
272 947
272 1243
274 288
275 891
276 824
277 513
277 1007
278 433
279 377
280 812
280 1890
281 601
281 1976
282 1479
282 1827
283 1626
283 1927
284 436
284 449
284 1357
285 374
285 965
285 1717
286 580
286 1083
286 1221
287 551
287 1336
288 1408
289 829
289 1042
290 897
290 1783
291 1281
291 1334
292 1208
293 704
293 1039
293 1046
294 740
295 1251
295 1344
296 641
297 441
298 820
298 1817
299 1419
300 1364
302 846
302 1583
303 603
303 1619
304 1965
305 810
305 1376
306 976
306 1404
306 1629
307 650
307 1150
308 686
309 866
309 1936
310 1329
311 1106
311 1173
313 808
313 979
314 1554
316 610
316 655
317 1163
317 1270
318 482
318 905
320 706
320 883
321 528
321 791
321 1499
322 1453
322 1599
322 1771
323 1195
323 1692
324 1527
325 649
325 1452
326 380
326 1759
326 1857
327 1069
328 479
328 1097
328 1696
329 1981
330 584
330 743
330 1545
331 673
331 947
331 1127
333 448
333 1406
334 466
334 793
334 1249
334 1811
335 378
335 438
336 1072
336 1294
336 1572
337 1753
338 346
338 1309
339 668
339 1272
340 1327
340 1372
341 1657
341 1796
342 487
342 497
343 399
343 614
344 438
344 1785
345 535
345 1098
346 1258
347 1886
348 1412
348 1553
349 526
350 784
350 1770
351 578
351 1524
352 590
353 603
353 1837
354 930
354 1603
354 1875
355 982
356 1316
356 1542
357 1427
358 1645
358 1882
359 940
360 699
360 1109
360 1321
361 1139
362 550
362 1592
363 434
363 633
364 612
364 1154
365 1116
365 1212
365 1286
366 1407
367 481
367 1944
368 1535
368 1821
369 739
369 1094
370 1237
370 1301
371 1112
371 1177
372 1129
372 1806
372 1965
373 972
373 1065
373 1310
374 1192
375 1891
375 1982
376 1660
376 1695
376 1743
378 480
378 1821
379 1070
379 1337
380 1114
381 452
382 1036
382 1769
383 1233
383 1247
384 401
384 462
385 699
386 1491
386 1842
387 661
387 889
388 1800
389 803
390 453
390 1440
390 1529
391 1787
391 1974
392 861
392 1964
394 492
394 851
395 942
395 1116
396 830
396 1628
397 1024
397 1509
398 586
398 1684
398 1812
399 1181
400 1702
400 1822
401 604
401 1937
402 992
404 1316
404 1918
405 1140
405 1186
406 804
406 840
406 1439
407 1903
407 1952
408 1142
408 1503
408 1526
409 1750
409 1856
411 820
411 876
411 930
412 1280
412 1925
413 642
414 436
414 1102
415 1899
416 797
417 729
417 1017
418 1262
418 1576
419 1723
419 1802
420 1356
421 1056
421 1560
421 1742
422 1225
423 1099
423 1401
424 593
425 629
425 756
426 889
427 639
428 1605
429 911
430 962
430 1728
430 1992
431 1208
431 1791
432 1236
432 1916
433 530
433 552
434 1060
435 1222
437 1305
437 1460
439 654
439 949
439 1564
440 772
440 904
442 1100
442 1978
443 747
443 1899
444 514
444 1211
445 1147
446 1705
447 1132
448 1216
449 635
450 1154
451 742
451 1041
452 1896
454 1363
455 801
455 1274
456 465
456 995
457 1631
457 1786
458 1260
459 753
459 1533
460 798
460 1988
461 731
461 1547
461 1610
462 1798
463 609
463 1099
464 939
465 1931
466 515
467 742
468 1463
468 1694
469 1613
470 1290
470 1381
471 844
472 847
472 1275
473 854
474 998
476 1615
477 956
477 1219
477 1472
478 1921
480 1138
482 959
482 1218
483 992
483 1757
484 1075
484 1287
484 1788
485 964
485 1516
485 1971
486 1480
486 1761
487 1612
488 953
488 1792
489 1272
489 1626
490 521
491 1466
491 1536
492 970
492 1912
494 958
495 1113
496 1141
497 805
498 775
498 1853
499 563
499 695
500 648
500 811
501 707
502 659
502 1588
503 533
503 688
503 877
503 883
504 648
504 1140
505 1023
505 1403
505 1947
506 892
506 1136
507 1563
508 919
509 1248
509 1419
510 1330
510 1871
510 1924
511 1343
512 653
512 1228
513 1725
514 1450
516 541
516 1973
517 1332
518 608
519 702
519 1059
520 1057
520 1707
521 1318
522 713
523 1910
524 874
524 1437
525 765
525 795
526 1778
526 1794
527 1607
528 1252
529 1120
530 927
531 1335
531 1766
532 1736
532 1833
534 1054
534 1232
535 1701
536 1461
537 1005
537 1550
539 1776
540 1693
541 591
541 1472
542 1324
542 1786
543 577
543 613
543 634
545 1394
545 1804
546 637
546 836
548 1040
548 1123
549 1920
549 1976
550 1361
551 1528
552 718
552 864
553 1592
553 1620
554 571
554 703
554 1105
555 802
555 1479
556 762
556 977
556 1311
556 1577
557 873
557 1911
558 1294
558 1736
559 1392
559 1899
560 878
560 1133
561 1299
562 585
564 684
564 1283
565 1069
566 1146
567 766
567 1141
567 1507
568 953
568 1621
569 1035
570 1196
572 1415
573 684
574 983
574 1447
574 1490
575 828
576 789
578 1239
578 1474
580 1038
581 1288
582 1548
583 666
583 1006
583 1574
584 1350
584 1733
587 980
587 1300
588 837
588 1715
588 1743
589 1200
590 761
591 851
591 1132
592 1495
593 1052
595 1088
595 1388
596 668
596 1497
597 1131
598 1566
599 937
599 1044
599 1218
600 1067
600 1385
601 1832
605 1639
605 1967
606 807
606 1441
607 1449
607 1912
608 1328
611 1552
612 1930
613 870
614 1063
615 1013
615 1885
615 1967
616 1769
617 1090
617 1722
618 1157
618 1557
618 1919
619 1062
619 1333
620 1572
621 1165
621 1707
622 1284
622 1962
623 732
625 657
625 1389
625 1677
625 1756
626 1859
627 978
627 1302
628 1662
628 1837
629 901
630 777
630 846
631 774
632 1715
633 709
635 1201
636 1120
637 1722
639 1343
640 1078
640 1243
641 658
641 1342
641 1847
642 1558
643 754
644 1381
644 1654
645 1548
646 1149
646 1916
647 1581
647 1591
649 1244
649 1304
650 1391
650 1900
651 1079
651 1839
652 663
652 695
652 1153
654 667
656 908
656 1444
657 682
657 1296
660 807
663 901
663 1689
664 734
664 825
665 1188
665 1910
666 899
669 1702
670 1522
670 1544
671 1171
672 1345
672 1620
674 1056
674 1289
675 1118
675 1390
676 1539
677 1111
678 885
678 1300
679 1666
680 1250
681 1345
684 1658
685 1288
686 1033
686 1691
687 1474
687 1990
688 1802
689 1813
690 773
690 907
690 1417
691 968
691 1042
692 1041
693 1917
693 1972
694 1466
696 1074
696 1112
698 1469
699 874
700 1584
701 1052
701 1875
702 721
702 1851
703 1640
705 748
706 900
708 917
708 932
709 1555
710 837
711 884
712 757
712 1754
713 1080
714 1308
714 1459
715 1076
715 1135
716 1497
717 821
717 1763
719 1361
719 1654
720 943
720 1727
721 1725
721 1734
722 1282
722 1536
723 786
723 879
723 1034
724 1162
724 1617
725 1264
726 1926
727 1113
728 854
729 1995
730 1014
730 1573
730 1935
731 1256
731 1624
733 1063
733 1554
734 1583
735 1551
735 1880
735 1914
736 1857
736 1898
737 1303
737 1558
737 1661
738 843
738 917
738 1010
739 1607
740 1317
740 1938
741 1306
743 1969
744 1395
744 1571
745 1224
746 1085
746 1604
748 1253
748 1311
749 1630
750 1783
752 1334
752 1760
753 755
754 1696
755 1483
757 1646
757 1776
758 1297
758 1368
758 1650
759 1357
759 1806
760 1700
761 1326
761 1792
763 764
764 1762
764 1797
765 1400
765 1538
766 1527
767 1226
768 991
768 1960
769 1593
770 1354
770 1535
771 1262
772 909
773 1998
774 1083
774 1492
774 1618
775 1090
776 778
776 1338
778 1824
779 802
779 1719
780 1358
780 1850
781 933
782 1217
782 1526
783 831
783 1697
784 1952
785 1137
785 1166
785 1452
786 1100
787 1266
788 1275
788 1721
789 1660
790 827
791 1739
792 1669
793 1108
794 1134
795 1680
796 1493
797 1933
798 1507
800 823
800 912
800 1812
802 1410
803 1038
803 1866
806 1102
806 1156
809 1196
809 1541
810 1868
811 1973
813 1204
814 1630
815 1575
815 1850
816 915
816 1043
816 1436
816 1651
817 1203
817 1991
818 1231
818 1675
819 868
819 1627
821 1866
821 1892
822 1371
822 1418
824 1375
824 1548
825 1730
826 999
826 1428
827 1801
828 1508
830 1503
831 1187
831 1807
833 1055
833 1768
834 1978
835 882
835 913
838 1076
839 1031
839 1155
841 1069
841 1888
842 1429
843 943
843 1380
844 1481
845 1505
848 1355
848 1996
849 1510
849 1826
850 1389
850 1451
852 1484
853 1296
854 1145
855 1302
855 1603
856 1693
857 928
858 1493
859 1157
860 1123
862 945
862 1348
863 1077
863 1563
864 1897
865 987
865 1239
865 1392
866 1851
867 1303
867 1951
868 1496
869 1421
869 1443
870 1476
870 1780
871 1753
871 1897
872 1151
872 1330
872 1716
873 1253
875 974
875 1438
876 932
876 1559
877 1175
878 1511
879 1617
880 1942
881 1861
883 1121
883 1131
884 1281
886 1418
887 903
887 1509
888 1185
888 1710
889 1037
890 1975
890 1985
891 1863
893 1481
893 1819
894 1432
895 971
895 1061
896 1467
897 1235
897 1805
898 1520
899 950
899 989
902 1295
903 1360
904 955
906 1327
906 1446
907 1640
908 1020
908 1717
910 1522
911 1443
911 1852
913 1309
914 1598
916 1018
916 1265
918 1241
918 1943
920 1325
920 1499
921 1307
921 1525
923 1644
923 1698
924 1297
924 1656
925 1391
925 1780
926 1464
926 1811
927 1804
928 1233
928 1358
929 1662
931 969
931 1764
934 1080
934 1495
935 1104
935 1261
936 1396
936 1465
936 1901
938 1039
938 1903
939 1440
941 1341
941 1946
942 1110
944 1809
945 1775
946 1933
948 1947
949 1962
950 1998
951 1353
951 1550
952 1595
954 1273
954 1833
954 1913
955 1556
955 1760
957 1532
958 1151
959 1909
960 1789
961 986
961 1669
962 1602
964 1291
966 1631
966 1664
967 1942
969 1659
972 1817
974 1087
975 1437
975 1566
976 1609
977 998
978 1288
980 1701
981 1491
982 1926
984 1456
986 1366
986 1377
988 1378
988 1776
989 1098
990 1377
990 1604
993 1418
993 1825
994 1354
994 1369
995 1371
995 1442
996 1475
996 1895
997 1119
997 1995
999 1176
999 1550
1000 1239
1001 1152
1002 1939
1002 1994
1004 1085
1004 1754
1008 1373
1009 1045
1010 1534
1010 1872
1011 1589
1012 1518
1012 1618
1013 1541
1014 1126
1014 1749
1015 1680
1016 1351
1016 1489
1016 1826
1018 1455
1019 1431
1021 1186
1021 1228
1021 1427
1021 1860
1022 1578
1022 1907
1025 1589
1026 1746
1026 1824
1027 1290
1028 1205
1028 1258
1028 1940
1029 1483
1029 1632
1029 1799
1030 1489
1031 1355
1033 1647
1034 1593
1035 1524
1036 1609
1037 1402
1038 1214
1041 1255
1045 1313
1045 1954
1046 1985
1047 1734
1048 1634
1049 1268
1049 1322
1050 1192
1050 1348
1050 1643
1051 1839
1052 1096
1053 1114
1055 1671
1057 1944
1058 1855
1059 1803
1059 1977
1061 1692
1062 1278
1064 1267
1065 1883
1066 1518
1068 1453
1072 1448
1073 1544
1074 1902
1077 1183
1077 1674
1078 1954
1081 1681
1082 1220
1082 1293
1084 1234
1084 1933
1085 1779
1086 1853
1089 1974
1090 1434
1091 1747
1092 1340
1092 1774
1092 1996
1093 1957
1094 1242
1095 1164
1095 1433
1099 1697
1101 1217
1103 1115
1105 1729
1107 1635
1107 1895
1110 1241
1111 1893
1112 1576
1113 1191
1115 1441
1117 1396
1119 1364
1120 1504
1122 1494
1122 1843
1123 1731
1124 2000
1125 1777
1126 1435
1128 1133
1129 1562
1130 1148
1130 1480
1134 1668
1134 1972
1135 1966
1136 1867
1137 1517
1139 1318
1139 1637
1140 1498
1144 1193
1144 1285
1145 1438
1146 1353
1149 1211
1150 1511
1152 1869
1153 1460
1155 1577
1156 1516
1159 1391
1161 1581
1163 1683
1163 1781
1165 1502
1165 1636
1167 1500
1167 1522
1168 1512
1168 1603
1169 1610
1169 1819
1170 1706
1171 1638
1172 1622
1173 1977
1174 1359
1175 1778
1177 1773
1178 1464
1178 1656
1179 1308
1179 1402
1181 1338
1182 1411
1182 1859
1183 1648
1184 1525
1188 1265
1188 1426
1189 1202
1189 1696
1189 1958
1191 1238
1191 1905
1193 1621
1194 1590
1194 1961
1195 1787
1197 1968
1198 1237
1198 1836
1198 1937
1202 1404
1206 1815
1207 1425
1207 1878
1209 1292
1210 1302
1210 1645
1212 1481
1213 1565
1215 1270
1216 1846
1219 1515
1219 1820
1220 1369
1220 1514
1222 1308
1223 1240
1223 1661
1224 1681
1227 1424
1229 1771
1230 1349
1234 1642
1240 1786
1242 1254
1244 1597
1245 1590
1246 1823
1247 1465
1248 2000
1250 1712
1250 1937
1252 1445
1254 1956
1257 1279
1257 1347
1258 1732
1259 1496
1260 1395
1261 1560
1261 1629
1262 1385
1264 1637
1266 1529
1266 1917
1268 1876
1271 1670
1271 1710
1271 1848
1272 1276
1274 1918
1275 1331
1276 1853
1277 1726
1278 1521
1279 1772
1280 1783
1282 1328
1284 1805
1285 1386
1285 1963
1288 1594
1290 1704
1292 1445
1292 1614
1293 1861
1295 1993
1298 1843
1301 1435
1305 1608
1307 1744
1310 1416
1312 1456
1313 1365
1313 1773
1315 1694
1319 1764
1320 1448
1320 1600
1324 1784
1326 1646
1327 1617
1331 1703
1333 1858
1335 1591
1336 1873
1337 1528
1338 1651
1341 1862
1342 1711
1344 1854
1347 1997
1351 1929
1352 1807
1356 1415
1358 1401
1358 1813
1359 1601
1361 1966
1362 1407
1362 1578
1363 1757
1364 1994
1367 1673
1367 1687
1367 1700
1370 1751
1370 1788
1372 1531
1374 1471
1376 1968
1378 1693
1382 1468
1382 1540
1382 1996
1383 1595
1383 1842
1384 1556
1386 1553
1386 1946
1388 1397
1388 1547
1389 1579
1392 1462
1393 1413
1393 1611
1397 1891
1398 1721
1398 1970
1399 1509
1400 1447
1403 1884
1405 1588
1405 1979
1408 1814
1410 1690
1412 1845
1414 1826
1421 1961
1422 1619
1422 1713
1423 1672
1425 1639
1428 1962
1429 1621
1432 1640
1436 1488
1439 1883
1439 1939
1442 1463
1444 1820
1449 1706
1450 1477
1452 1653
1457 1543
1458 1713
1458 1801
1459 1652
1470 1887
1475 1625
1478 1904
1484 1846
1485 1741
1485 1971
1486 1940
1488 1592
1496 1675
1496 1768
1497 1616
1501 1848
1503 1932
1506 1625
1507 1691
1512 1584
1514 1816
1519 1613
1519 1986
1520 1533
1521 1623
1521 1720
1521 1884
1523 1573
1525 1885
1530 1856
1532 1554
1537 1747
1539 1593
1546 1561
1546 1878
1552 1832
1557 1561
1558 1928
1564 1864
1566 1570
1567 1945
1568 1831
1569 1834
1569 1842
1570 1756
1572 1759
1575 1667
1576 1828
1582 1639
1585 1849
1586 1689
1590 1808
1595 1854
1596 1982
1597 1758
1598 1999
1599 1876
1601 1894
1612 1959
1615 1855
1623 1835
1626 1955
1628 1714
1630 1839
1632 1925
1633 1948
1634 1635
1637 1840
1641 1800
1642 1852
1643 1657
1649 1892
1650 1777
1655 1872
1655 1915
1658 1844
1663 1859
1665 1861
1666 1737
1667 1782
1671 1980
1672 1877
1674 1905
1676 1977
1677 1989
1682 1950
1686 1870
1686 1984
1687 1921
1688 1954
1698 1704
1704 1716
1705 1758
1708 1887
1709 1731
1711 1868
1712 1949
1713 1793
1715 1800
1718 1719
1718 1991
1719 1922
1724 1745
1724 1748
1726 1841
1732 1798
1735 1829
1735 1843
1738 1755
1740 1751
1740 1790
1751 1896
1755 1901
1758 1869
1769 1818
1789 1803
1791 1969
1809 1907
1810 1822
1815 1830
1816 1841
1823 1938
1827 1881
1838 1979
1847 1950
1849 1877
1874 1986
1879 1890
1886 1894
1889 1945
1909 1930
1911 1941
1913 1948
1921 1942
1923 1997
1956 1980
