1 1902
2 1048
2 1296
3 1700
3 1849
4 882
4 1883
5 1276
6 1218
6 1540
7 491
7 626
7 1294
8 35
8 97
9 1043
9 1223
10 65
10 197
10 1497
11 295
11 1795
12 207
12 673
13 266
13 1100
13 1101
14 1755
15 1178
15 1431
15 1603
16 417
16 1424
17 421
17 1028
17 1287
18 1350
19 144
19 765
19 797
20 130
20 177
20 1341
21 1599
21 1800
22 1157
22 1893
23 896
23 966
24 970
24 1927
25 1361
26 684
27 1936
28 881
28 1968
29 1205
30 834
31 588
31 1366
32 565
32 1365
33 741
34 221
34 286
35 219
35 1012
36 1161
36 1730
37 119
37 1062
38 472
38 1938
39 56
40 54
41 332
41 1631
42 428
43 284
43 1347
43 1864
44 283
45 878
46 148
46 988
47 744
48 54
48 408
48 1912
49 1288
50 299
50 1783
50 1885
51 126
51 1662
52 1280
53 860
53 1461
54 494
55 782
55 1262
56 74
56 843
57 1029
58 1654
59 1977
60 297
61 756
62 1743
63 139
63 1435
64 163
64 1495
66 1184
67 1194
68 373
69 110
69 757
69 1549
70 1032
71 951
71 1713
71 1925
72 914
72 1369
72 1573
73 1946
74 1359
75 1899
76 289
76 1913
77 328
78 189
78 207
78 1173
79 369
79 694
80 1044
81 433
81 1718
82 751
82 1786
83 1363
83 1682
84 141
84 363
85 1823
86 1797
86 1866
87 856
88 1931
89 628
89 873
89 1872
90 1323
91 1556
91 1694
92 149
93 795
93 1686
94 164
94 481
95 969
95 1366
96 719
98 863
98 897
99 443
99 1037
100 371
100 373
101 754
101 1905
102 293
102 359
103 159
103 1639
104 857
104 867
105 893
105 1538
106 820
107 520
108 604
109 228
109 1693
110 1450
111 882
111 1390
112 446
113 518
113 1700
114 993
115 1255
116 1388
117 1718
118 1388
120 1615
120 1723
121 1024
122 412
122 1221
123 663
123 784
123 1910
124 794
125 267
125 918
126 229
126 1406
127 1222
127 1268
128 1166
128 1780
129 1440
129 1681
130 946
131 958
132 679
133 866
134 480
134 834
134 1404
135 1731
136 745
137 537
137 1358
138 1229
138 1294
139 518
139 580
140 515
140 990
141 540
142 321
142 1431
143 672
143 1204
143 1206
145 1810
145 1962
146 928
147 525
147 1379
149 1233
149 1333
150 1228
150 1407
151 1469
152 1405
153 164
153 1766
154 1481
155 1265
156 1045
156 1619
157 773
158 609
159 720
159 1343
160 213
161 360
162 1479
163 342
165 1156
165 1482
166 283
166 1864
167 1342
167 1597
168 1139
169 1467
169 1897
170 903
171 1717
172 1185
173 854
174 723
174 1822
175 1706
175 1733
176 635
177 1441
178 196
179 299
179 593
180 760
180 1212
180 1579
181 1566
182 767
183 521
183 783
184 254
184 348
185 1863
185 1958
186 474
186 1477
186 1550
187 1290
187 1475
188 548
189 1266
190 987
190 1784
191 923
191 1200
192 1894
193 876
193 1061
194 1325
195 495
195 1543
195 1770
196 1014
196 1921
197 1561
198 398
198 1798
199 347
199 428
199 756
200 616
200 710
201 840
202 785
202 1229
203 1759
204 1564
205 749
205 1498
206 1227
206 1279
206 1989
208 697
208 895
209 1360
210 936
211 1056
211 1668
212 695
212 827
213 1168
213 1928
214 407
214 957
215 380
215 426
215 704
216 1740
217 1317
217 1773
217 1782
218 693
220 350
220 1005
220 1434
222 241
222 475
222 1826
223 1143
223 1983
224 1833
225 336
225 622
226 1236
226 1664
227 1492
228 414
228 1129
229 1372
230 261
230 269
231 935
231 968
232 601
233 1408
233 1791
234 1963
235 471
235 1277
235 1674
236 613
236 1100
237 1206
237 1831
238 907
239 717
239 731
239 982
240 1184
240 1724
241 1253
241 1946
242 917
243 777
243 1616
244 1394
245 1067
245 1304
246 1570
247 667
247 1569
248 967
248 1300
249 548
249 750
249 1868
250 386
250 1343
250 1961
251 1254
252 910
252 921
253 1667
254 679
254 1813
255 1374
255 1386
256 1698
256 1852
257 589
257 1887
258 356
258 735
259 1001
259 1522
260 852
260 870
261 1256
262 1546
263 529
263 586
263 625
264 568
264 1485
265 781
265 1187
267 1222
268 947
268 1466
268 1929
270 1555
271 528
271 1803
272 1632
273 1493
273 1949
274 729
274 1729
275 506
276 1140
276 1160
276 1668
277 1364
278 1265
279 1396
279 1411
279 1966
280 1541
281 943
282 847
282 929
285 686
285 1975
286 1352
287 560
287 1667
288 1601
288 1674
289 362
290 975
290 1037
290 1337
291 786
291 1081
292 1088
292 1336
293 326
293 1200
294 832
294 1416
295 1141
296 656
297 1285
297 1632
298 1207
298 1276
300 516
300 1361
301 912
301 1435
301 1634
302 404
303 659
303 1034
304 704
304 916
304 1505
305 816
306 1278
307 1315
308 1116
309 1083
309 1386
310 1503
311 323
312 1484
312 1533
313 902
313 951
314 590
314 1526
315 471
315 1012
316 1155
317 695
317 1332
318 1373
318 1425
319 387
319 688
319 1488
320 653
320 1987
322 1997
323 1623
324 399
325 741
327 1224
327 1274
328 553
328 1212
329 603
329 1574
330 1191
331 1242
331 1823
331 1843
332 1323
333 1459
334 347
334 1022
335 702
336 1137
337 750
337 1898
338 503
338 620
339 1197
340 1019
340 1372
341 821
343 645
343 1088
344 1630
345 1511
346 443
349 599
349 1692
350 1752
351 1301
351 1518
351 1969
352 1825
353 405
353 1822
354 519
354 1427
355 495
355 1760
356 787
357 1011
358 729
359 1295
359 1383
360 566
361 1775
362 1529
364 1098
364 1102
364 1970
365 479
366 758
367 800
367 1193
367 1860
368 1283
368 1585
369 849
369 1843
370 832
371 1954
372 1679
373 1447
374 1598
375 1167
376 1159
376 1708
377 813
377 1038
378 506
378 612
379 866
380 555
380 1920
381 1561
382 1433
382 1811
383 823
384 737
384 846
385 799
385 1589
386 1572
387 1398
388 1258
388 1651
388 1774
389 604
389 1359
389 1991
390 827
391 448
391 677
391 1583
392 652
392 796
393 977
393 1327
393 1513
394 1291
395 1845
396 1118
397 682
398 883
399 525
399 871
400 569
400 1427
401 1553
402 1057
403 1647
404 580
404 1117
406 1904
407 1460
409 449
409 1933
410 1816
411 1611
411 1819
413 1441
415 740
415 1107
415 1851
416 807
416 1000
417 1489
418 471
419 659
420 517
420 1932
422 1108
423 575
423 746
424 725
424 1464
425 556
427 912
427 1136
428 1707
429 698
429 1702
430 1535
431 456
431 1189
431 1846
432 1073
432 1977
433 1411
434 960
434 1281
434 1685
435 618
435 1852
436 648
436 687
436 1605
437 1142
438 1374
438 1579
438 1999
439 1151
439 1253
440 1764
441 1305
442 836
442 1182
443 1090
444 1089
444 1972
445 1430
445 1595
445 1917
446 1365
446 1948
447 1092
447 1837
449 568
450 1321
450 1641
451 1878
452 1932
453 892
453 1698
454 488
455 1048
456 1759
457 624
458 751
458 942
459 1027
460 804
461 1753
462 748
462 947
462 1342
463 1867
464 814
464 875
464 1382
465 1056
465 1357
466 935
467 1824
468 1375
469 996
469 1604
470 715
470 766
472 1654
473 1281
475 1506
476 818
476 1054
476 1874
477 1271
477 1781
478 1788
479 803
481 1329
481 1922
482 666
482 768
482 1557
483 618
483 930
484 725
485 1303
486 727
487 1332
488 773
488 1451
489 1558
490 953
490 1027
491 989
492 763
492 798
492 1691
493 922
493 1819
496 1429
496 1524
497 1307
497 1348
498 730
498 1032
499 1446
499 1945
500 586
501 825
501 1742
501 1756
502 737
503 1672
503 1793
504 1014
504 1395
505 631
505 1042
505 1972
506 732
507 1250
508 622
508 1663
509 1442
509 1452
510 1160
510 1463
511 884
511 1666
512 1771
513 711
513 1504
513 1768
514 919
517 1115
517 1838
519 1196
520 1297
520 1760
522 532
522 1621
522 1800
523 1176
524 896
524 1414
525 1589
526 1109
526 1362
526 1696
527 646
528 1471
530 1527
531 793
531 965
533 1756
533 1768
534 1953
535 615
535 1880
536 777
537 1071
538 778
538 1203
539 1575
540 1260
541 1240
541 1923
542 874
542 1640
543 863
543 1474
544 694
545 962
545 1115
546 1285
546 1755
547 707
547 984
549 862
550 819
550 848
550 1447
551 1704
552 982
553 1417
553 1521
554 1873
556 759
556 925
557 873
557 1491
558 726
558 1735
559 565
559 654
559 693
560 1033
561 1117
562 1023
563 1465
563 1957
564 926
564 1720
565 1995
566 875
566 1035
567 833
567 1536
567 1971
569 861
569 1939
570 573
571 1491
572 1774
573 1287
574 609
574 656
574 1627
575 1749
576 1029
576 1214
577 1534
578 1532
578 1629
579 924
579 1888
581 908
581 1853
582 1377
583 708
583 1205
584 587
584 1159
585 957
588 1216
589 1101
590 938
591 1858
591 1871
592 739
594 1375
594 1759
595 780
596 664
596 1273
597 1882
598 1067
599 913
599 1217
600 657
600 1180
600 1258
601 933
602 1280
602 1490
605 1251
606 724
607 1777
607 1990
608 1367
608 1727
608 1950
610 999
610 1214
611 1547
611 1687
614 847
614 1619
617 1222
618 1243
619 1368
619 1763
620 1751
621 1401
623 1103
623 1741
624 1018
624 1879
625 1273
626 1980
627 1598
627 1611
628 738
629 1072
630 692
630 1259
630 1767
632 1582
632 1790
633 1588
634 1608
635 1495
635 1683
636 992
636 1483
637 1069
638 1874
639 1181
639 1354
640 953
641 1107
642 715
643 877
644 1362
645 1762
646 829
646 972
647 689
649 968
649 1890
650 1365
651 1291
651 1415
652 1445
652 1902
654 1494
655 1642
655 1778
657 1413
658 701
658 817
658 1176
659 1244
660 1404
661 828
661 1278
661 1615
662 853
662 1244
663 1783
664 1076
665 838
666 893
666 1318
668 927
668 1940
669 1320
669 1407
670 1410
670 1739
671 1703
671 1934
672 709
673 949
674 1382
674 1568
675 739
675 791
676 1308
678 829
679 974
680 837
680 895
680 1232
681 1019
681 1095
681 1114
682 1754
683 1266
684 1402
684 1965
685 831
685 1362
687 898
688 1306
689 1049
689 1987
690 1293
690 1389
690 1898
691 1267
691 1663
692 1264
696 716
696 851
698 1593
699 1035
699 1249
700 810
700 1264
701 1020
702 1650
703 855
703 1180
703 2000
705 1086
705 1351
706 1264
706 1475
707 1261
708 976
708 1729
709 1602
710 1041
710 1637
711 772
712 1827
712 1895
713 1099
713 1275
713 1989
714 1177
714 1762
715 864
716 1919
717 889
717 1638
718 1999
719 1664
720 771
720 1988
721 1886
721 1973
722 919
722 937
723 811
723 1976
724 1387
725 805
726 1130
727 1716
728 933
728 1345
730 1547
731 749
732 1190
733 994
733 1367
734 1400
734 1812
735 963
736 1422
736 1744
738 1830
739 1936
740 1582
740 1736
741 1669
742 985
742 1186
742 1208
743 1516
743 1962
744 1973
745 1224
745 1239
746 1006
747 1164
748 1066
749 1060
750 1237
751 1521
752 1880
753 761
753 1887
754 1087
754 1437
755 810
756 881
757 1463
758 1163
758 1260
759 1252
760 1058
760 1750
761 867
761 1701
762 864
762 1388
763 1053
763 1747
764 1807
764 1863
765 1545
765 1616
766 1033
767 1105
767 1509
768 809
768 1094
769 1057
769 1181
769 1313
770 1202
770 1960
771 937
771 1622
774 1083
775 840
775 1272
776 815
776 1507
778 858
779 954
779 1163
780 1630
781 1011
782 1990
783 1125
783 1967
784 1791
785 1311
787 906
788 1131
788 1941
789 1148
789 1733
790 898
790 1341
792 1257
792 1316
793 1724
794 1539
794 1567
795 1791
796 907
797 1758
798 1477
801 812
801 942
802 843
802 1190
803 1286
804 864
804 1646
805 1358
806 993
806 1448
807 1122
807 1937
808 1453
808 1728
808 1797
809 1077
809 1947
811 1270
811 1969
812 1129
812 1548
813 1860
813 1911
814 1553
815 1828
815 1973
816 1506
817 1444
818 1165
819 1678
820 1869
821 1440
822 1618
822 1632
823 1147
824 1735
824 1901
825 1144
826 960
826 1005
827 1699
828 1805
830 1438
832 1650
833 915
834 1926
835 871
835 1807
836 1617
838 1331
839 1576
841 1718
841 1951
842 1261
842 1745
843 1986
844 1491
844 1841
845 1331
845 1432
846 1747
846 1764
848 1446
849 1456
849 1773
850 1203
850 1219
851 924
851 1914
852 1517
852 1717
853 1300
854 977
855 1154
856 1218
856 1842
857 881
858 872
858 915
859 1231
859 1696
860 1483
861 1543
862 1523
863 1149
865 1479
865 1565
865 1631
866 1643
868 1122
869 1165
869 1449
870 1587
872 1642
874 1903
875 1478
876 1184
876 1459
877 1015
878 1064
879 1091
879 1577
880 933
880 1878
882 1908
883 1988
884 1764
885 1719
885 1745
886 1113
886 1178
887 894
887 1183
888 1104
888 1539
888 1704
889 1215
890 1226
891 1319
891 1529
892 1979
894 1537
895 1832
896 947
897 964
899 1016
900 1013
900 1794
901 1877
902 980
903 1783
904 1423
904 1487
905 1034
905 1347
906 1802
907 1787
908 1303
909 1000
909 1806
910 1003
910 1688
911 1047
911 1935
912 1862
915 1524
917 1456
918 1685
920 1782
922 1698
923 1277
923 1371
924 1376
925 1775
926 938
926 1196
927 1648
928 1579
931 1084
931 1544
932 1031
932 1402
934 1946
936 1710
939 1429
940 1501
940 1737
940 1744
941 1143
941 1717
943 1004
943 1070
944 1554
944 1931
945 1288
945 1465
946 1292
948 1519
948 1766
949 1548
949 1564
950 1468
950 1476
950 1797
952 1559
952 1819
954 1198
955 1385
955 1778
956 1471
957 1653
958 1714
959 1052
959 1709
960 1745
961 1016
961 1868
962 1076
962 1112
963 1985
964 1040
966 1633
967 999
969 1540
970 1825
971 1148
971 1731
971 1873
972 1083
973 1210
974 1335
975 1346
975 1981
976 1508
976 1549
977 1867
978 1249
979 1501
979 1941
980 1627
981 1353
981 1706
983 1604
983 1785
984 1507
985 1074
986 1544
986 1602
988 1504
989 1267
990 1671
991 1799
991 1829
992 1531
995 1584
995 1738
995 1927
997 1138
997 1337
997 1704
998 1390
998 1586
1000 1787
1001 1565
1001 1755
1002 1330
1002 1880
1003 1400
1004 1618
1004 1716
1005 1026
1006 1334
1007 1590
1007 1805
1007 1852
1008 1818
1009 1078
1009 1850
1010 1397
1010 1838
1011 1599
1012 1142
1013 1439
1014 1560
1015 1547
1016 1790
1017 1496
1017 1514
1018 1164
1018 1836
1020 1930
1021 1507
1021 1580
1022 1437
1023 1959
1024 1651
1024 1734
1025 1526
1025 1578
1026 1635
1027 1235
1028 1486
1029 1943
1030 1795
1030 1850
1031 1998
1036 1398
1036 1494
1037 1225
1038 1652
1039 1236
1039 1849
1041 1455
1042 1144
1043 1644
1044 1595
1044 1757
1045 1712
1046 1360
1046 1462
1047 1351
1049 1393
1050 1289
1050 1371
1051 1626
1051 1930
1054 1938
1055 1092
1055 1270
1055 1875
1056 1145
1058 1079
1058 1378
1059 1246
1059 1984
1060 1446
1061 1092
1062 1238
1062 1610
1063 1185
1063 1732
1064 1409
1064 1736
1065 1399
1065 1567
1066 1192
1068 1345
1068 1697
1069 1267
1070 1213
1072 1777
1073 1188
1074 1254
1074 1443
1075 1552
1077 1681
1078 1202
1079 1458
1080 1748
1080 1924
1081 1403
1082 1158
1082 1317
1084 1328
1084 1517
1085 1330
1085 1451
1085 1908
1086 1355
1086 1724
1087 1384
1088 1520
1091 1313
1093 1922
1096 1392
1096 1433
1096 1574
1097 1691
1097 1909
1098 1133
1100 1438
1102 1126
1103 1381
1103 1845
1105 1709
1106 1339
1106 1569
1108 1992
1109 1370
1110 1246
1111 1403
1112 1952
1114 1189
1114 1314
1115 1315
1116 1573
1116 1725
1117 1845
1118 1307
1119 1231
1119 1894
1120 1290
1120 1958
1121 1268
1121 1993
1123 1714
1123 1739
1124 1326
1124 1892
1125 1456
1125 1959
1126 1215
1127 1199
1127 1249
1127 1284
1128 1263
1128 1738
1131 1503
1132 1639
1133 1296
1133 1335
1134 1257
1134 1536
1135 1146
1135 1889
1136 1828
1137 1338
1139 1789
1140 1847
1141 1931
1146 1793
1147 1185
1147 1881
1149 1280
1150 1445
1150 1628
1151 1243
1151 1964
1152 1308
1152 1851
1153 1980
1154 1830
1155 1926
1156 1728
1157 1978
1158 1178
1161 1816
1162 1192
1162 1499
1163 1512
1166 1525
1167 1556
1167 1813
1168 1299
1169 1511
1169 1646
1170 1590
1170 1836
1171 1275
1172 1648
1172 1975
1174 1232
1175 1304
1175 1944
1177 1250
1177 1934
1179 1230
1182 1885
1183 1510
1186 1976
1188 1467
1191 1656
1193 1970
1194 1948
1195 1454
1195 1962
1196 1500
1197 1545
1197 1925
1198 1356
1198 1420
1201 1645
1201 1986
1202 1576
1204 1571
1204 1865
1207 1903
1209 1338
1209 1637
1209 1643
1210 1328
1211 1430
1213 1776
1214 1216
1217 1414
1220 1890
1220 1900
1221 1241
1221 1283
1225 1854
1226 1422
1227 1305
1228 1368
1229 1457
1230 1803
1232 1589
1233 1666
1234 1348
1235 1776
1236 1541
1237 1665
1238 1334
1238 1840
1239 1455
1239 1963
1240 1911
1241 1928
1244 1464
1245 1673
1245 1715
1247 1659
1247 1726
1248 1614
1248 1786
1251 1684
1251 1846
1252 1641
1255 1424
1255 1660
1256 1818
1259 1690
1260 1896
1262 1297
1263 1708
1263 1748
1265 1699
1269 1492
1269 1584
1269 1594
1271 1968
1272 1320
1272 1827
1274 1558
1275 1452
1276 1848
1277 1542
1282 1722
1284 1599
1286 1510
1286 1751
1287 1753
1288 1771
1289 1380
1293 1855
1298 1395
1298 1971
1299 1373
1302 1454
1303 1578
1304 1907
1306 1359
1307 1368
1309 1620
1310 1735
1310 1769
1312 1804
1312 1899
1314 1967
1316 1788
1316 1997
1318 1675
1321 1568
1322 1677
1324 1673
1325 1499
1326 1781
1327 1626
1329 1746
1333 1516
1336 1915
1339 1487
1340 1392
1340 1727
1344 1586
1346 1419
1347 1904
1349 1915
1350 1535
1350 1711
1352 1402
1352 1476
1353 1653
1354 1675
1354 1891
1355 1913
1357 1416
1357 1784
1360 1575
1361 1990
1363 1410
1364 1784
1366 1606
1367 1428
1369 1461
1369 1876
1370 1823
1370 1857
1371 1583
1373 1417
1376 1785
1377 1461
1380 1403
1381 1829
1383 1992
1384 1930
1385 1754
1387 1900
1390 1707
1391 1649
1391 1861
1393 1839
1393 1968
1394 1483
1396 1983
1397 1849
1399 1533
1399 1984
1401 1556
1404 1981
1405 1571
1405 1669
1406 1952
1406 1982
1407 1505
1408 1906
1409 1523
1410 1624
1411 1472
1412 1448
1413 1699
1415 1514
1416 1643
1418 1581
1418 1752
1419 1473
1420 1763
1420 1936
1421 1696
1421 1705
1423 1444
1424 1951
1426 1504
1426 2000
1428 1554
1432 1815
1436 1619
1436 1895
1439 1833
1440 1497
1441 1940
1442 1809
1448 1870
1449 1807
1453 1820
1458 1577
1460 1680
1466 1644
1467 1587
1469 1971
1470 1645
1470 1687
1471 1682
1472 1743
1473 1858
1477 1877
1478 1694
1480 1640
1481 1995
1485 1686
1486 1866
1487 1779
1488 1592
1490 1912
1492 1810
1495 1563
1496 1620
1496 1776
1502 1636
1502 1941
1509 1701
1511 1796
1513 1575
1514 1842
1515 1675
1516 1629
1518 1956
1519 1593
1522 1527
1523 1746
1525 1893
1527 1769
1528 1750
1530 1636
1530 1917
1531 1596
1534 1614
1535 1919
1537 1592
1538 1917
1544 1861
1546 1896
1546 1906
1550 1992
1551 1942
1552 1856
1555 1608
1555 1658
1558 1687
1559 1796
1560 1900
1562 1721
1563 1591
1563 1596
1564 1767
1566 1886
1567 1844
1568 1706
1570 1680
1572 1581
1572 1655
1585 1726
1586 1953
1588 1809
1588 1892
1591 1889
1597 1770
1598 1640
1600 1920
1600 1994
1601 1974
1603 1683
1605 1719
1607 1644
1607 1866
1609 1662
1610 1613
1612 1905
1613 1661
1613 1916
1615 1749
1617 1779
1621 1897
1623 1995
1624 1697
1625 1789
1625 1905
1628 1878
1630 1677
1634 1957
1636 1939
1647 1960
1647 1975
1656 1676
1656 1884
1657 1715
1658 1882
1658 1888
1661 1824
1663 1942
1665 1711
1666 1824
1670 1882
1671 1965
1672 1692
1673 1944
1677 1747
1678 1811
1679 1966
1680 1740
1689 1894
1689 1921
1690 1859
1693 1919
1695 1911
1703 1798
1705 1761
1705 1812
1710 1774
1712 1937
1719 1870
1720 1869
1721 1844
1722 1910
1725 1879
1730 1742
1730 1907
1732 1765
1734 1818
1740 1881
1758 1876
1772 1843
1775 1794
1785 1815
1792 1964
1798 1801
1801 1996
1802 1834
1803 1804
1808 1856
1808 1947
1814 1826
1817 1915
1817 1994
1821 1834
1821 1982
1822 1978
1835 1902
1837 1848
1841 1912
1844 1933
1847 1884
1854 1872
1859 1901
1909 1955
1918 1945
1920 1949
