1 293
2 24
2 411
3 39
3 412
4 179
4 455
5 49
5 73
6 40
6 256
7 181
7 474
8 46
8 98
9 75
9 371
10 137
10 187
11 28
11 259
12 163
12 176
13 434
13 499
14 194
14 484
15 67
15 430
16 52
16 64
17 150
17 454
18 260
18 351
19 196
19 425
20 102
20 234
21 122
21 247
22 104
22 384
23 71
23 144
24 200
25 158
25 377
26 87
26 168
27 431
27 469
28 157
29 55
29 450
30 131
30 370
31 311
31 468
32 77
32 282
33 85
33 145
34 396
34 485
35 109
35 183
36 297
36 396
37 243
37 311
38 89
38 305
39 130
40 42
41 124
41 456
42 176
43 292
43 401
44 155
44 356
45 354
45 479
46 222
47 63
47 137
48 241
48 274
49 90
50 328
50 481
51 217
51 244
52 498
53 385
53 466
54 136
54 308
55 335
56 99
56 368
57 295
57 429
58 123
58 376
59 169
59 389
60 105
60 177
61 237
61 437
62 330
62 337
63 408
64 395
65 241
65 498
66 78
66 489
67 236
68 161
68 301
69 345
69 459
70 220
70 287
71 291
72 433
72 468
73 409
74 263
74 387
75 319
76 113
76 233
77 92
78 224
79 232
79 499
80 82
80 416
81 134
81 256
82 259
83 393
83 487
84 264
84 395
85 152
86 145
86 444
87 313
88 158
88 368
89 355
90 489
91 119
91 142
92 400
93 333
93 461
94 313
94 388
95 212
95 375
96 194
96 326
97 116
97 150
98 149
99 434
100 209
100 414
101 230
101 382
102 370
103 327
103 335
104 275
105 213
106 218
106 490
107 367
107 389
108 415
108 420
109 294
110 120
110 352
111 190
111 439
112 144
112 245
113 404
114 336
114 472
115 391
115 447
116 242
117 242
117 496
118 360
118 441
119 386
120 378
121 226
121 397
122 206
123 275
124 229
125 290
125 367
126 204
126 265
127 151
127 225
128 221
128 272
129 334
129 402
130 399
131 329
132 225
132 466
133 363
133 364
134 265
135 147
135 174
136 188
138 212
138 465
139 400
139 458
140 416
140 459
141 252
141 307
142 191
143 317
143 369
146 263
146 374
147 277
148 321
148 436
149 422
151 390
152 234
153 154
153 312
154 267
155 419
156 206
156 451
157 379
159 355
159 390
160 380
160 426
161 460
162 399
162 478
163 190
164 192
164 495
165 226
165 404
166 223
166 273
167 200
167 453
168 359
169 437
170 203
170 323
171 319
171 445
172 383
172 474
173 286
173 471
174 211
175 339
175 431
177 456
178 184
178 482
179 264
180 213
180 246
181 326
182 193
182 240
183 444
184 397
185 238
185 318
186 315
186 343
187 375
188 237
189 204
189 381
191 497
192 418
193 198
195 281
195 441
196 423
197 293
197 479
198 325
199 366
199 426
201 270
201 306
202 352
202 497
203 280
205 231
205 271
207 210
207 253
208 378
208 414
209 296
210 382
211 269
214 357
214 460
215 347
215 439
216 309
216 486
217 255
218 251
219 332
219 349
220 379
221 278
222 429
223 228
224 369
227 448
227 496
228 462
229 262
230 481
231 314
232 492
233 402
235 451
235 494
236 492
238 251
239 248
239 425
240 291
243 485
244 342
245 287
246 268
247 351
248 365
249 316
249 321
250 300
250 330
252 305
253 470
254 316
254 366
255 340
257 296
257 358
258 283
258 423
260 428
261 413
261 421
262 299
266 376
266 494
267 276
268 361
269 457
270 410
271 410
272 436
273 338
274 348
276 475
277 467
278 417
279 310
279 477
280 309
281 469
282 446
283 424
284 302
284 328
285 470
285 476
286 318
288 405
288 493
289 323
289 341
290 491
292 358
294 463
295 304
297 380
298 354
298 443
299 445
300 364
301 403
302 418
303 345
303 362
304 415
307 331
308 452
310 384
312 338
314 393
315 331
317 406
320 385
320 442
322 432
322 473
324 398
324 449
325 333
327 332
329 337
334 464
336 344
339 350
340 452
341 438
342 467
343 357
344 495
346 372
346 377
347 447
348 435
349 411
350 374
353 446
353 482
356 398
359 394
360 409
361 401
362 365
363 450
371 417
372 388
373 427
373 443
381 406
383 432
386 462
387 493
391 463
392 420
392 487
394 421
403 422
405 457
407 435
407 491
408 488
412 413
419 428
424 472
427 465
430 438
433 500
440 458
440 461
442 486
448 471
449 488
453 483
454 478
455 480
464 483
473 480
475 477
476 490
484 500
