1 36
2 42
2 63
3 52
3 62
4 35
4 58
5 23
5 34
6 10
6 63
7 17
7 21
8 36
8 80
9 43
9 99
10 34
11 65
11 88
12 31
12 70
13 30
13 31
14 85
14 92
15 17
15 72
16 55
16 92
18 43
18 97
19 29
19 56
20 64
20 98
21 56
22 51
22 90
23 64
24 37
24 72
25 70
25 76
26 35
26 73
27 37
27 61
28 83
28 91
29 44
30 68
32 52
32 96
33 48
33 55
38 46
38 69
39 40
39 82
40 81
41 49
41 54
42 89
44 73
45 49
45 60
46 67
47 85
47 93
48 65
50 57
50 90
51 66
53 67
53 77
54 98
57 59
58 100
59 71
60 88
61 91
62 86
66 94
68 79
69 87
71 83
74 89
74 96
75 76
75 80
77 95
78 81
78 94
79 97
82 86
84 87
84 93
95 99
