1 130
1 238
2 38
2 76
3 37
3 196
4 9
4 193
5 32
5 221
6 38
6 214
7 71
7 245
8 52
8 202
9 123
10 41
10 46
11 47
11 155
12 229
12 246
13 14
13 116
14 213
15 81
15 167
16 40
16 243
17 143
17 151
18 122
18 133
19 242
19 287
20 128
20 218
21 120
21 190
22 102
22 286
23 172
23 202
24 25
24 76
25 200
26 110
26 208
27 130
27 173
28 172
28 249
29 88
29 159
30 158
30 208
31 51
31 241
32 83
33 79
33 97
34 177
34 199
35 248
35 267
36 246
36 299
37 143
39 140
39 234
40 297
41 66
42 135
42 282
43 80
43 250
44 222
44 283
45 85
45 174
46 291
47 117
48 99
48 108
49 61
49 239
50 200
50 293
51 224
52 254
53 62
53 67
54 102
54 203
55 163
55 278
56 141
56 217
57 67
57 125
58 225
58 251
59 170
59 300
60 175
60 188
61 253
62 96
63 180
63 296
64 99
64 223
65 95
65 280
66 192
68 94
68 236
69 150
69 281
70 86
70 260
71 283
72 113
72 201
73 155
73 198
74 157
74 257
75 105
75 231
77 88
77 257
78 146
78 184
79 112
80 150
81 119
82 178
82 179
83 219
84 181
84 226
85 271
86 154
87 116
87 272
89 101
89 256
90 115
90 136
91 107
91 235
92 129
92 144
93 139
93 254
94 171
95 177
96 274
97 141
98 183
98 243
100 258
100 275
101 206
103 145
103 220
104 148
104 181
105 266
106 147
106 156
107 182
108 285
109 135
109 184
110 240
111 154
111 212
112 115
113 256
114 118
114 284
118 125
119 174
120 221
121 179
121 233
122 271
123 237
124 146
124 265
126 230
126 247
127 173
127 185
128 149
129 268
131 219
131 285
132 192
132 280
133 281
134 164
134 266
136 269
137 204
137 273
138 140
138 189
139 298
142 209
142 229
144 239
145 288
147 241
148 215
149 217
151 214
152 186
152 196
153 176
153 235
156 194
157 203
158 168
159 216
160 207
160 294
161 195
161 237
162 220
162 230
163 180
164 218
165 186
165 212
166 206
166 278
167 211
168 187
169 262
169 282
170 195
171 264
175 227
176 247
178 286
182 224
183 255
185 261
187 249
188 279
189 279
190 298
191 277
191 299
193 225
194 269
197 205
197 242
198 216
199 267
201 205
204 270
207 262
209 248
210 226
210 292
211 300
213 232
215 268
222 270
223 231
227 275
228 273
228 290
232 264
233 295
234 252
236 244
238 263
240 258
244 296
245 276
250 291
251 255
252 265
253 288
259 289
259 292
260 272
261 284
263 294
274 287
276 297
277 295
290 293
