1 46
2 213
2 296
3 6
3 308
4 175
4 303
5 114
5 269
6 236
7 276
7 354
8 21
8 301
9 330
9 391
10 319
10 358
11 224
11 286
12 15
12 324
13 36
13 57
14 253
14 319
15 252
16 262
16 276
17 237
17 274
18 22
18 231
19 74
19 219
20 151
20 391
21 254
22 91
23 217
23 344
24 164
24 246
25 218
25 228
26 69
26 264
27 200
27 312
28 141
28 377
29 272
29 339
30 96
30 238
31 42
31 399
32 89
32 241
33 99
33 221
34 139
34 214
35 73
35 268
36 177
37 195
37 371
38 343
38 357
39 288
39 290
40 260
40 328
41 61
41 375
42 201
43 166
43 378
44 48
44 201
45 303
45 359
46 255
47 176
47 387
48 322
49 184
49 203
50 336
50 370
51 168
51 190
52 287
52 345
53 59
53 120
54 65
54 311
55 118
55 157
56 156
56 254
57 299
58 120
58 267
59 128
60 219
60 384
61 332
62 161
62 162
63 180
63 222
64 166
64 257
65 97
66 175
66 397
67 106
67 299
68 129
68 145
69 131
70 102
70 288
71 188
71 215
72 187
72 366
73 127
74 93
75 78
75 160
76 154
76 238
77 173
77 270
78 277
79 119
79 121
80 249
80 394
81 272
81 304
82 289
82 312
83 139
83 390
84 86
84 106
85 380
85 388
86 393
87 155
87 194
88 100
88 283
89 301
90 157
90 335
91 146
92 103
92 294
93 342
94 105
94 149
95 153
95 205
96 306
97 263
98 160
98 356
99 152
100 257
101 344
101 360
102 364
103 337
104 248
104 273
105 196
107 151
107 187
108 235
108 306
109 270
109 389
110 172
110 324
111 205
111 325
112 113
112 118
113 163
114 275
115 243
115 251
116 381
116 389
117 226
117 368
119 237
121 271
122 170
122 351
123 212
123 400
124 191
124 311
125 196
125 394
126 382
126 400
127 372
128 130
129 168
130 225
131 265
132 285
132 390
133 363
133 392
134 159
134 194
135 243
135 376
136 185
136 192
137 184
137 373
138 182
138 340
140 169
140 349
141 373
142 317
142 347
143 148
143 262
144 343
144 369
145 383
146 345
147 250
147 369
148 271
149 183
150 169
150 281
152 379
153 227
154 230
155 329
156 365
158 259
158 289
159 213
161 218
162 236
163 300
164 167
165 327
165 348
167 284
170 283
171 351
171 365
172 388
173 282
174 185
174 190
176 327
177 375
178 189
178 204
179 198
179 210
180 247
181 222
181 273
182 265
183 350
186 241
186 353
188 364
189 209
191 249
192 309
193 230
193 381
195 233
197 291
197 387
198 340
199 221
199 281
200 331
202 256
202 279
203 341
204 393
206 242
206 314
207 269
207 377
208 280
208 293
209 275
210 318
211 274
211 370
212 362
214 352
215 315
216 285
216 357
217 261
220 325
220 386
223 258
223 310
224 290
225 282
226 313
227 277
228 374
229 267
231 321
232 294
232 323
233 315
234 244
234 252
235 361
239 259
239 395
240 330
240 397
242 382
244 245
245 392
246 378
247 336
248 263
250 310
251 399
253 367
255 358
256 363
258 323
260 353
261 291
264 380
266 284
266 298
268 279
278 295
278 342
280 308
286 347
287 346
292 304
292 337
293 307
295 395
296 320
297 305
297 309
298 396
300 352
302 354
302 366
305 372
307 321
313 361
314 383
316 333
316 355
317 379
318 338
320 362
322 348
326 339
326 376
328 329
331 335
332 360
333 338
334 359
334 396
341 385
346 386
349 356
350 374
355 398
367 384
368 398
371 385
