1 50
2 10
2 159
3 42
3 151
4 44
4 78
5 131
5 185
6 154
6 193
7 11
7 175
8 111
8 199
9 64
9 89
10 105
11 74
12 37
12 107
13 75
13 170
14 19
14 121
15 73
15 177
16 61
16 178
17 82
17 132
18 166
18 193
19 169
20 38
20 58
21 46
21 103
22 122
22 135
23 25
23 168
24 88
24 177
25 159
26 186
26 190
27 31
27 69
28 149
28 155
29 149
29 188
30 139
30 173
31 49
32 62
32 77
33 136
33 163
34 63
34 165
35 91
35 174
36 99
36 181
37 103
39 77
39 133
40 147
40 184
41 76
41 150
42 54
43 60
43 147
44 180
45 112
45 171
46 116
47 67
47 196
48 57
48 197
49 67
50 55
51 92
51 189
52 111
52 134
53 194
53 195
54 176
55 135
56 84
56 102
57 191
58 96
59 168
59 192
60 142
61 79
62 104
63 156
64 113
65 141
65 146
66 108
66 110
68 83
68 158
69 139
70 137
70 157
71 153
71 187
72 120
72 160
73 119
74 124
75 117
76 141
78 89
79 125
80 81
80 86
81 176
82 100
83 88
84 98
85 87
85 198
86 120
87 93
90 126
90 154
91 124
92 192
93 156
94 100
94 130
95 114
95 145
96 173
97 181
97 190
98 117
99 121
101 115
101 179
102 167
104 200
105 126
106 116
106 155
107 123
108 142
109 119
109 130
110 191
112 188
113 166
114 140
115 186
118 137
118 179
122 125
123 146
127 150
127 151
128 132
128 153
129 158
129 171
131 175
133 161
134 183
136 196
138 170
138 200
140 164
143 144
143 148
144 183
145 197
148 161
152 165
152 172
157 160
162 180
162 182
163 187
164 172
167 174
169 185
178 182
184 194
189 198
195 199
