1 217
2 262
2 281
3 105
3 229
4 51
4 206
5 124
5 234
6 112
6 119
7 200
7 272
8 188
8 190
9 193
9 256
10 278
10 298
11 87
11 214
12 142
12 179
13 157
13 243
14 236
14 283
15 41
15 116
16 22
16 43
17 174
17 245
18 161
18 184
19 49
19 214
20 118
20 180
21 103
21 216
22 114
23 111
23 175
24 71
24 79
25 47
25 177
26 120
26 241
27 128
27 138
28 129
28 208
29 37
29 284
30 131
30 274
31 68
31 139
32 65
32 151
33 137
33 183
34 225
34 288
35 108
35 254
36 147
36 156
37 121
38 146
38 294
39 40
39 275
40 181
41 163
42 157
42 297
43 171
44 128
44 213
45 67
45 170
46 99
46 167
47 130
48 93
48 151
49 194
50 249
50 265
51 77
52 153
52 211
53 266
53 267
54 154
54 184
55 64
55 226
56 257
56 299
57 219
57 252
58 104
58 246
59 148
59 298
60 243
60 271
61 90
61 161
62 277
62 293
63 97
63 127
64 92
65 178
66 127
66 284
67 139
68 207
69 135
69 203
70 228
70 266
71 260
72 189
72 242
73 134
73 212
74 186
74 254
75 77
75 300
76 158
76 272
78 140
78 270
79 201
80 172
80 275
81 91
81 244
82 114
82 164
83 131
83 146
84 191
84 233
85 239
85 251
86 100
86 144
87 95
88 197
88 262
89 240
89 295
90 117
91 219
92 267
93 176
94 176
94 227
95 130
96 231
96 286
97 280
98 129
98 290
99 119
100 124
101 261
101 287
102 108
102 255
103 165
104 147
105 233
106 187
106 205
107 159
107 162
109 175
109 224
110 189
110 217
111 169
112 273
113 143
113 177
115 149
115 273
116 228
117 138
118 195
120 259
121 258
122 137
122 166
123 180
123 248
125 188
125 213
126 232
126 246
132 216
132 291
133 174
133 192
134 200
135 229
136 153
136 248
140 292
141 235
141 253
142 223
143 238
144 150
145 257
145 289
148 154
149 281
150 258
152 159
152 170
155 218
155 269
156 240
158 203
160 202
160 268
162 231
163 215
164 245
165 194
166 211
167 276
168 234
168 287
169 237
171 198
172 198
173 253
173 278
178 252
179 255
181 261
182 196
182 235
183 260
185 230
185 247
186 209
187 274
190 225
191 242
192 202
193 220
195 212
196 250
197 218
199 280
199 283
201 256
204 279
204 285
205 286
206 268
207 276
208 239
209 232
210 222
210 247
215 289
220 295
221 227
221 264
222 250
223 291
224 294
226 251
230 290
236 296
237 244
238 282
241 296
249 264
259 297
263 271
263 292
265 288
269 277
270 279
282 299
285 293
