1 289
2 168
2 226
3 127
3 166
4 125
4 285
5 194
5 270
6 212
6 239
7 169
7 202
8 30
8 228
9 209
9 264
10 287
10 295
11 238
11 287
12 27
12 270
13 98
13 277
14 148
14 191
15 96
15 173
16 235
16 266
17 115
17 137
18 40
18 48
19 193
19 248
20 100
20 125
21 165
21 242
22 190
22 204
23 35
23 209
24 113
24 195
25 289
25 291
26 139
26 294
27 59
28 220
28 280
29 72
29 74
30 31
31 97
32 230
32 245
33 107
33 259
34 46
34 129
35 207
36 108
36 181
37 203
37 214
38 130
38 292
39 219
39 244
40 178
41 152
41 235
42 110
42 160
43 186
43 232
44 143
44 203
45 136
45 163
46 219
47 133
47 273
48 290
49 229
49 241
50 63
50 126
51 118
51 267
52 61
52 230
53 78
53 294
54 71
54 104
55 147
55 246
56 152
56 244
57 141
57 237
58 130
58 291
59 117
60 128
60 279
61 284
62 158
62 296
63 159
64 96
64 128
65 91
65 223
66 192
66 251
67 254
67 260
68 126
68 158
69 116
69 204
70 146
70 290
71 296
72 91
73 213
73 231
74 233
75 115
75 164
76 222
76 242
77 155
77 236
78 90
79 154
79 267
80 89
80 210
81 218
81 238
82 160
82 198
83 154
83 176
84 124
84 228
85 88
85 252
86 139
86 218
87 192
87 224
88 118
89 205
90 185
92 149
92 234
93 144
93 211
94 109
94 223
95 233
95 276
97 221
98 121
99 146
99 240
100 131
101 134
101 206
102 181
102 293
103 111
103 156
104 176
105 172
105 284
106 133
106 243
107 182
108 157
109 256
110 258
111 236
112 234
112 280
113 153
114 249
114 250
116 248
117 254
119 145
119 293
120 225
120 269
121 183
122 151
122 278
123 127
123 250
124 148
129 208
131 275
132 194
132 271
134 184
135 179
135 216
136 150
137 180
138 214
138 260
140 177
140 265
141 258
142 172
142 269
143 263
144 224
145 281
147 213
149 261
150 268
151 156
153 186
155 217
157 225
159 243
161 217
161 266
162 184
162 229
163 231
164 189
165 264
166 215
167 273
167 297
168 299
169 283
170 171
170 220
171 216
173 272
174 195
174 221
175 178
175 179
177 240
180 262
182 187
185 199
187 212
188 255
188 283
189 265
190 207
191 282
193 247
196 200
196 253
197 226
197 257
198 211
199 200
201 268
201 274
202 245
205 215
206 276
208 249
210 279
222 263
227 275
227 299
232 241
237 256
239 286
246 300
247 255
251 252
253 300
257 272
259 285
261 281
262 278
271 298
274 277
282 286
288 295
288 297
292 298
