1 155
2 143
2 171
3 67
4 15
4 108
5 176
6 142
7 30
7 88
8 105
9 42
9 44
10 121
11 135
11 190
12 130
12 191
13 102
14 70
15 195
16 32
16 117
17 107
17 194
18 27
18 99
18 140
19 145
20 150
20 167
21 134
21 183
22 93
22 104
23 71
23 116
24 44
24 157
24 173
25 36
25 151
26 82
26 165
28 154
29 111
29 180
31 100
31 162
33 109
34 142
34 159
35 105
36 50
37 133
37 162
38 84
39 64
39 73
40 107
40 169
41 140
42 70
43 60
43 112
43 118
45 75
45 167
46 138
47 119
48 72
48 97
49 58
50 87
50 89
51 183
52 81
52 197
53 79
53 144
54 74
54 184
55 193
56 61
56 98
56 126
57 142
57 160
58 62
58 158
59 106
59 121
59 196
61 193
62 166
62 178
63 90
64 105
64 120
65 147
65 166
66 67
66 76
66 128
68 158
69 140
71 80
72 176
73 137
73 168
74 96
74 135
75 86
76 182
76 196
77 85
77 131
78 117
78 177
79 182
80 174
81 114
83 136
83 152
84 146
85 126
86 100
87 185
88 197
89 149
90 114
90 150
91 173
91 174
92 139
92 152
93 164
94 124
94 161
95 103
95 161
96 101
97 175
98 175
99 186
100 125
101 109
102 111
103 148
103 151
104 184
106 118
108 122
110 153
110 186
112 177
113 129
113 165
115 183
115 190
116 132
119 198
121 145
122 157
123 170
123 191
124 173
127 185
129 192
130 168
132 181
133 141
134 136
135 144
136 198
137 169
138 182
141 189
143 164
146 177
147 156
148 156
148 188
151 171
152 159
153 162
154 181
154 199
155 158
159 167
160 192
163 189
170 180
172 191
172 200
174 179
176 200
187 188
194 199
