1 133
2 146
2 232
3 144
3 218
4 203
4 390
5 180
6 109
6 252
7 180
7 252
8 181
8 383
9 266
10 157
11 280
11 315
12 197
13 313
13 337
14 263
15 92
15 177
16 244
16 279
16 397
17 327
18 151
18 387
19 241
20 74
21 84
21 112
21 165
22 311
23 70
23 392
24 339
24 356
25 238
25 267
26 271
26 371
27 324
28 126
29 150
30 186
31 66
31 357
32 266
33 109
34 59
34 368
35 265
35 290
36 81
36 331
37 154
38 106
38 179
38 395
39 98
40 65
41 258
41 301
42 312
42 334
43 132
43 135
44 96
45 188
46 277
47 308
48 322
49 146
50 210
51 54
51 77
52 83
52 102
52 299
53 140
53 246
54 66
54 75
55 210
55 241
56 175
57 78
57 159
57 316
58 89
60 168
61 143
62 170
63 268
63 269
64 94
65 318
67 388
68 362
69 164
69 393
71 175
71 397
72 273
73 293
74 99
75 200
76 228
76 358
79 297
80 114
80 190
82 213
84 171
84 350
85 130
86 235
86 264
86 361
87 99
87 155
88 225
89 207
89 282
90 118
90 223
90 308
91 235
92 150
93 205
93 213
94 323
95 139
95 352
96 166
96 392
97 160
97 163
97 299
98 171
100 154
100 260
101 342
102 146
102 400
103 238
103 283
103 291
104 122
104 149
105 251
105 315
105 326
106 203
107 317
107 398
108 240
108 321
108 329
109 332
110 274
110 374
111 208
111 330
112 293
113 175
113 373
114 137
115 360
115 370
115 375
116 205
116 305
117 131
117 234
118 211
119 294
119 376
120 184
120 397
121 178
121 231
122 255
123 265
123 314
124 223
124 284
125 174
125 320
126 133
126 136
127 221
127 230
128 324
128 367
129 320
130 347
131 158
131 381
132 276
133 256
134 340
134 348
135 160
137 295
137 386
138 200
138 394
139 287
139 379
140 359
141 260
141 319
142 187
142 289
142 303
143 148
143 281
144 391
145 162
145 234
147 313
148 195
148 202
149 276
149 345
150 167
151 204
152 211
152 302
152 363
153 168
153 307
154 280
155 253
155 345
156 208
156 262
156 382
157 193
158 396
159 351
160 257
161 199
161 242
161 304
166 196
167 188
167 317
168 316
169 197
169 246
169 367
170 275
172 251
172 350
172 379
173 178
173 179
176 233
177 348
179 323
180 308
181 364
182 198
183 289
184 262
184 272
185 289
186 330
189 344
189 361
190 333
190 342
191 387
192 247
193 319
194 249
194 278
195 310
196 317
196 378
198 264
198 277
199 222
200 377
201 236
201 337
202 302
203 301
204 205
206 250
206 375
207 286
207 389
209 234
209 322
209 366
212 224
212 253
213 296
214 372
215 248
215 381
216 334
216 383
217 281
218 349
219 253
220 321
221 389
222 355
223 369
224 228
224 300
225 340
226 241
226 351
226 353
227 360
229 336
229 380
230 268
231 343
232 275
233 263
235 388
236 356
237 301
237 338
239 333
240 393
242 284
243 346
244 288
245 270
245 321
246 329
247 311
249 282
249 341
250 291
254 376
254 388
256 297
257 347
259 327
259 392
260 385
261 293
263 379
265 322
266 332
269 294
270 362
271 306
272 331
273 376
274 288
277 309
279 377
283 339
285 341
285 374
292 328
295 383
296 310
297 333
298 300
298 354
298 373
303 353
303 359
304 318
304 372
306 382
309 311
314 343
316 325
318 364
320 349
323 391
326 380
328 382
335 344
335 368
335 378
338 346
343 399
346 384
355 357
360 385
362 399
363 367
365 395
370 384
