1 133
2 62
2 146
3 94
3 144
4 41
4 94
5 47
5 180
6 7
6 9
6 32
7 180
8 181
9 109
10 157
11 100
11 105
11 141
12 53
12 187
12 197
13 147
14 39
14 139
14 176
15 92
16 120
17 43
18 151
18 191
19 55
19 183
20 70
20 74
20 87
21 84
21 112
21 165
22 23
23 34
23 70
24 127
25 103
26 36
26 181
27 47
27 128
28 79
28 126
29 88
29 150
30 71
30 186
31 77
32 147
33 109
34 59
34 166
35 48
35 123
36 42
36 81
37 72
37 154
38 64
38 106
39 98
40 65
40 136
43 132
43 135
44 96
44 160
45 86
45 91
45 188
46 59
46 189
46 198
47 90
48 158
49 146
50 55
51 54
51 77
52 83
52 102
53 140
54 75
55 57
56 71
56 175
57 78
58 89
58 192
60 78
60 168
61 143
62 170
63 67
63 119
63 127
64 94
65 161
65 181
66 77
67 86
68 129
68 153
69 108
69 164
71 120
72 103
72 119
73 112
74 99
75 81
75 200
76 99
78 159
79 190
80 101
80 114
80 190
81 184
82 93
82 195
84 171
85 88
85 130
87 155
89 194
90 118
92 150
92 177
93 116
93 151
95 139
96 166
97 160
97 163
98 171
100 154
102 146
104 122
104 132
104 149
105 172
107 196
108 169
110 175
110 194
111 156
111 186
113 175
114 137
115 154
117 131
117 145
118 195
120 184
121 178
122 170
123 164
124 161
124 180
125 129
125 174
126 133
126 136
128 152
128 169
131 158
134 177
135 160
138 200
139 172
141 193
142 183
142 187
143 148
144 179
145 162
148 195
150 167
153 168
157 193
161 199
162 173
166 196
167 188
169 197
173 178
173 179
182 192
182 198
183 185
188 196
