1 133
2 146
2 232
3 144
3 218
4 203
4 258
5 180
6 109
6 252
7 180
7 252
8 181
8 216
9 266
10 157
11 280
12 197
13 147
13 201
14 263
15 92
15 177
16 120
16 244
16 279
17 276
18 151
18 191
19 241
20 74
21 84
21 112
21 165
22 59
23 34
23 70
24 127
24 248
24 283
25 238
25 267
26 181
26 271
27 128
28 126
29 150
30 71
30 186
31 77
31 222
32 266
33 109
34 59
35 265
35 290
36 81
36 271
36 272
37 154
38 106
38 162
38 179
39 98
40 65
41 237
41 258
42 271
43 132
43 135
44 96
45 91
46 277
47 90
48 209
49 146
50 210
51 54
51 77
52 83
52 102
53 140
53 246
54 75
55 210
55 241
56 175
57 78
57 168
58 89
60 78
61 143
62 170
63 268
63 269
64 94
65 214
66 77
67 235
68 245
69 164
69 240
70 259
71 175
72 119
72 273
73 293
74 99
75 200
76 228
78 159
79 190
79 297
80 114
80 190
82 213
83 299
84 171
84 172
85 88
85 130
86 235
86 264
87 99
87 155
88 225
89 207
89 282
90 118
90 223
91 188
91 235
92 150
92 225
93 205
93 213
94 218
95 139
95 263
96 166
96 259
97 160
97 163
97 299
98 171
100 154
100 260
101 190
101 239
102 146
103 238
103 283
103 291
104 122
104 149
105 251
105 280
106 203
107 167
107 196
108 220
108 240
108 246
109 266
110 274
111 186
111 208
112 293
113 175
113 247
113 298
114 137
115 206
115 227
116 205
117 131
117 234
118 211
119 254
119 294
120 184
121 178
121 231
122 255
123 265
124 223
124 284
125 129
125 174
126 133
126 136
127 221
128 152
128 169
130 257
131 158
131 215
132 276
133 256
134 177
134 233
135 160
137 295
138 200
139 172
139 287
140 226
141 193
141 260
142 187
142 289
143 148
143 281
144 179
145 162
145 234
148 195
148 202
149 276
150 167
151 204
152 202
152 211
153 168
153 174
154 280
155 253
156 208
156 262
156 292
157 193
159 226
160 257
161 199
161 242
166 196
167 188
169 197
169 246
170 275
172 251
173 178
173 179
176 233
180 223
182 192
182 198
183 289
184 262
184 272
185 289
187 217
189 264
189 277
192 247
194 249
194 278
195 296
198 277
199 222
200 279
201 236
204 205
206 250
207 286
209 234
209 265
212 224
212 253
213 296
214 284
215 248
216 295
217 281
219 253
220 245
221 230
224 228
224 300
226 241
227 243
229 287
230 268
232 275
233 263
236 248
236 278
242 284
244 285
245 270
249 282
249 285
250 291
256 297
261 293
269 294
274 288
285 288
298 300
