1 291
2 25
3 285
3 290
4 186
4 211
5 56
5 194
5 296
6 207
7 199
7 255
8 266
9 16
10 110
11 190
11 297
12 135
13 87
13 132
13 277
14 129
14 274
15 109
16 185
17 203
18 112
18 168
19 263
20 122
20 136
20 288
21 259
21 281
22 83
22 174
22 262
23 98
23 162
24 68
24 118
24 127
25 63
25 90
26 68
26 300
27 29
27 261
28 146
28 179
30 96
30 194
31 64
31 196
32 101
33 52
33 76
34 262
35 296
36 230
36 269
37 49
37 128
38 99
38 117
38 166
39 86
39 138
40 151
41 67
41 263
42 267
43 287
44 292
45 226
46 176
46 240
46 294
47 105
48 103
48 224
50 279
51 191
51 297
52 207
52 294
53 217
53 257
54 116
54 159
54 219
55 152
57 193
58 122
58 174
59 164
60 118
60 229
60 275
61 104
61 213
62 156
63 252
64 293
65 108
65 280
66 248
67 198
67 248
68 203
69 237
70 74
70 160
71 258
71 298
72 220
73 165
73 202
74 115
74 171
75 137
75 244
75 295
76 213
77 85
77 135
78 220
78 267
79 297
80 232
81 179
81 190
82 114
82 205
84 175
85 192
86 164
86 247
88 168
89 158
89 248
91 107
92 261
93 168
93 253
94 104
95 127
95 215
96 229
97 170
98 166
100 214
100 283
101 140
102 113
102 224
103 172
104 232
105 125
106 132
106 152
107 282
108 112
108 250
109 299
110 132
111 184
113 247
114 200
115 144
115 173
117 260
119 250
120 265
121 281
121 283
122 177
123 177
123 209
124 181
124 242
125 243
126 186
126 195
128 245
128 288
129 154
130 163
130 266
131 201
131 233
131 241
133 250
134 200
134 226
137 184
137 254
138 189
138 208
139 177
140 154
140 277
141 147
141 150
142 175
142 178
143 191
144 293
145 194
145 201
146 210
147 238
147 253
148 236
148 267
149 183
149 225
150 252
150 292
151 207
151 236
152 231
153 278
153 289
154 161
155 239
156 246
157 261
157 292
158 259
160 185
161 273
162 206
163 258
163 269
165 209
165 219
166 187
167 170
167 220
169 190
169 231
171 265
172 264
173 247
175 243
176 197
178 218
180 193
180 210
181 293
182 206
182 217
185 222
186 299
187 286
188 255
189 254
191 221
192 238
193 287
195 199
195 260
196 221
197 268
198 276
202 205
202 270
203 249
204 259
205 243
212 272
213 274
214 229
215 246
215 298
216 228
216 237
218 234
221 279
223 231
224 271
225 227
225 257
228 235
234 242
235 296
239 295
240 256
241 255
251 285
265 280
268 284
268 290
272 280
275 284
278 300
282 289
290 291
