1 133
2 146
2 232
3 218
3 681
4 475
4 787
5 180
5 735
6 9
6 750
6 764
7 753
8 383
9 266
10 157
10 505
11 280
11 315
12 197
13 313
13 337
14 39
14 263
14 684
15 92
16 279
16 397
17 565
17 645
18 151
18 387
19 241
20 70
20 74
20 87
21 165
21 407
22 502
23 659
24 356
24 498
25 267
25 642
26 271
27 324
28 126
28 692
29 420
29 442
29 468
30 186
30 788
31 77
32 266
32 618
33 109
34 59
34 770
35 265
35 566
36 331
36 640
37 154
38 106
38 395
39 98
40 474
41 258
41 301
41 493
42 312
42 466
42 643
43 132
43 582
43 679
44 96
44 259
45 707
45 796
46 198
46 277
47 308
47 735
48 322
48 508
49 146
50 210
50 785
51 54
51 77
52 83
52 102
53 626
53 756
54 75
55 210
55 241
55 610
56 175
56 410
56 738
57 78
57 655
58 631
58 779
59 721
60 78
60 547
61 143
61 549
62 170
62 534
63 579
64 94
64 422
65 482
65 612
66 77
66 357
67 388
68 644
68 719
69 164
69 393
69 624
70 659
71 472
71 720
72 273
72 740
73 293
74 99
75 200
76 358
76 574
78 494
79 441
79 467
80 190
80 451
80 487
81 640
82 296
82 435
82 523
83 299
84 407
84 784
85 88
85 130
86 725
86 760
87 587
88 456
89 779
90 118
90 527
91 540
91 781
92 786
93 205
93 213
94 419
94 453
95 139
95 517
96 166
97 509
97 745
98 458
98 573
100 260
100 594
101 497
102 146
102 669
103 283
103 291
104 149
104 534
105 608
106 794
107 317
107 586
108 671
108 791
109 266
110 274
110 374
111 727
111 743
112 293
112 407
113 175
113 409
114 561
115 360
115 375
116 205
116 602
117 131
117 570
117 615
118 798
119 376
119 710
119 740
120 184
120 397
121 178
121 614
122 534
123 265
123 537
124 223
124 635
125 129
125 174
125 706
126 133
126 609
127 638
127 646
128 324
128 481
128 751
129 560
130 469
131 158
131 381
132 562
134 348
134 403
135 679
136 522
136 689
137 295
137 386
138 200
138 394
139 379
139 551
140 359
140 756
141 319
142 187
142 691
144 391
144 662
145 234
145 457
145 542
147 313
147 332
148 202
148 767
149 276
149 585
149 703
150 506
150 539
151 204
151 714
152 302
152 434
153 307
154 768
155 253
155 678
156 208
156 507
157 619
159 494
159 569
160 745
161 636
162 471
162 542
163 509
164 439
164 622
165 430
166 196
166 480
167 188
167 506
167 799
168 547
169 197
169 367
169 520
170 275
171 402
171 458
172 251
172 379
173 662
176 675
177 568
177 676
179 323
181 450
181 771
182 198
183 289
183 415
184 445
185 289
185 428
185 683
186 584
187 589
187 677
187 790
188 490
189 344
189 361
190 448
191 426
192 247
192 631
193 319
193 619
194 249
194 278
195 310
195 767
196 317
199 222
199 485
199 636
200 377
201 236
201 718
202 302
203 486
203 794
205 714
206 375
206 595
206 749
207 286
208 431
208 495
209 366
209 508
211 460
211 664
212 417
212 728
213 435
214 372
214 557
215 452
215 623
216 383
216 647
217 589
217 611
218 349
219 473
219 511
220 528
220 698
221 230
221 389
221 638
222 355
222 529
223 527
224 417
224 525
225 465
225 724
226 559
226 628
226 687
227 505
227 536
227 680
228 574
228 765
229 336
229 697
230 268
231 614
232 275
233 348
233 675
234 615
235 388
235 781
236 404
236 476
237 301
237 338
238 413
238 596
238 711
239 333
240 393
240 671
242 414
242 485
243 462
244 538
245 270
245 715
246 329
246 626
247 741
248 732
248 775
249 282
249 341
250 749
251 606
252 459
252 653
252 763
253 728
254 376
254 789
255 690
256 441
257 347
257 469
257 670
258 475
259 327
259 392
260 598
261 575
261 704
261 797
262 445
262 507
262 673
264 478
265 322
266 332
267 548
268 478
268 579
269 294
269 514
270 778
271 674
271 758
272 331
273 440
274 288
277 513
278 433
279 377
280 736
281 549
281 601
282 555
283 489
284 436
284 449
285 341
285 374
286 580
286 631
287 551
287 697
288 538
289 691
290 622
290 750
291 752
292 328
292 431
293 704
294 740
295 383
296 310
296 641
297 441
298 373
298 411
299 509
300 424
300 729
302 630
302 734
303 359
303 603
304 318
304 372
305 602
306 382
306 421
307 650
308 686
309 702
311 519
314 733
314 776
316 610
316 655
318 482
319 682
320 597
320 706
321 528
321 791
323 391
323 422
324 766
325 649
325 785
326 380
327 565
328 479
329 520
330 584
330 743
331 673
332 782
333 448
334 466
334 793
335 368
335 378
335 438
336 576
336 620
337 552
338 346
339 489
339 668
340 769
341 545
342 487
342 497
343 399
343 614
344 438
345 535
345 571
346 462
348 676
349 419
349 526
350 784
351 569
351 578
352 590
352 792
353 603
353 628
354 411
354 701
356 404
356 455
357 512
357 726
358 627
360 699
362 550
362 553
363 434
363 633
364 450
364 612
365 395
367 481
368 770
369 527
369 739
370 461
370 730
371 696
372 759
373 406
378 480
380 697
381 452
382 616
384 401
384 462
385 651
385 699
387 426
387 661
388 632
390 453
390 464
390 787
394 492
396 408
398 586
398 800
400 669
401 604
401 680
402 660
405 447
407 483
408 782
412 750
413 642
414 436
415 443
415 559
416 797
417 729
418 696
418 771
419 688
420 572
421 674
423 463
423 689
423 780
424 593
425 629
425 756
427 583
427 639
428 446
429 694
432 646
433 530
433 552
434 751
437 563
439 654
440 772
442 786
443 747
444 514
444 579
447 591
449 635
449 759
451 692
451 742
452 484
453 693
454 744
454 784
456 465
459 753
460 798
461 731
463 609
463 783
466 515
467 742
470 644
472 788
473 639
473 728
474 544
475 486
477 516
479 754
482 599
485 726
488 568
488 590
490 521
491 694
491 722
492 591
492 607
495 727
496 734
498 775
499 563
499 695
500 504
500 516
501 521
501 707
501 725
502 659
503 533
503 597
503 688
504 648
507 616
508 605
510 698
512 653
513 721
516 541
518 606
518 608
519 702
520 621
522 713
523 665
524 598
524 699
525 765
525 795
531 647
532 558
535 678
540 712
540 796
541 591
543 577
543 613
543 634
544 689
545 656
546 637
548 595
550 719
552 718
553 577
554 571
554 703
555 779
556 713
556 748
556 762
557 705
558 620
560 650
561 783
562 585
564 684
567 686
567 766
571 773
572 800
573 744
575 722
576 789
577 672
578 687
580 717
581 627
581 685
582 645
583 666
587 678
588 632
588 710
590 761
592 609
593 701
594 625
594 768
595 731
596 668
600 771
601 630
605 615
606 660
614 733
617 637
617 775
620 736
623 732
625 657
629 663
630 777
631 774
633 709
637 716
641 658
642 737
643 754
647 793
652 663
652 695
654 667
657 682
664 734
668 716
672 681
676 769
690 773
700 708
702 721
705 748
708 738
712 757
715 719
720 738
723 724
723 769
723 786
746 789
752 772
753 755
757 761
763 764
776 778
