1 205
1 270
1 328
2 122
3 90
3 161
3 469
4 308
4 486
5 21
5 69
5 238
6 200
7 416
8 125
8 329
9 223
10 122
10 467
11 344
11 429
12 307
13 155
13 250
14 195
14 278
15 487
16 158
16 417
17 395
18 94
18 233
18 357
19 295
20 292
20 402
21 269
22 31
22 35
23 126
23 464
24 79
24 394
25 240
25 425
26 336
26 422
27 234
28 349
28 461
29 181
30 277
30 400
30 476
31 107
32 265
33 410
33 482
34 280
34 398
36 409
37 378
38 85
38 165
39 369
39 469
40 301
41 145
41 305
42 276
43 220
43 257
44 253
44 284
45 252
45 463
46 223
46 229
47 91
47 193
47 290
48 249
49 344
49 444
50 138
50 202
50 297
51 309
51 380
52 57
52 338
53 188
53 352
53 492
54 93
54 163
54 483
55 428
56 61
56 185
56 323
58 400
59 133
60 214
61 102
61 137
62 310
63 90
63 184
64 78
64 155
65 142
66 430
66 464
67 93
67 466
68 478
69 404
70 221
70 356
71 263
72 355
73 160
74 160
74 289
74 312
75 231
76 268
76 445
77 236
77 425
79 410
80 373
81 302
81 332
81 460
82 144
82 271
82 449
83 378
83 459
84 487
85 411
86 205
87 91
88 253
88 392
89 391
91 304
92 395
94 302
95 232
96 250
96 301
97 306
98 382
99 474
100 465
100 499
101 227
102 153
103 173
103 330
104 313
105 228
106 267
107 311
107 358
108 140
108 412
108 473
109 326
109 370
109 418
110 300
110 467
111 266
111 340
112 380
113 325
114 346
115 274
116 426
117 259
118 157
118 214
119 396
120 472
121 278
121 465
122 295
123 491
124 275
125 220
126 376
127 218
127 303
127 426
128 427
129 299
130 295
130 496
131 433
132 210
133 250
133 407
134 214
134 322
135 191
135 257
136 438
139 297
140 242
141 300
142 280
142 293
143 333
145 286
146 357
147 280
148 201
148 352
149 255
150 277
151 227
151 350
152 269
154 272
154 306
156 196
157 350
158 211
158 225
159 459
159 486
161 397
162 287
162 493
163 360
164 169
164 219
165 281
166 194
166 366
167 235
167 309
168 261
168 287
169 399
170 410
171 198
171 373
172 247
172 255
174 453
174 484
175 186
175 198
175 347
176 187
176 362
177 213
177 431
178 415
179 264
179 303
179 436
180 384
180 471
180 494
181 185
181 260
182 439
182 468
183 391
183 479
184 335
186 319
187 252
188 204
188 262
189 243
189 387
190 447
191 449
192 234
192 361
193 401
194 251
194 343
196 319
196 448
197 263
197 337
199 203
199 241
200 441
201 296
202 269
203 227
204 428
205 368
206 220
206 254
207 209
207 337
208 240
208 376
209 450
210 318
210 354
211 457
212 272
212 408
213 453
215 282
215 300
215 421
216 490
217 423
219 451
221 322
222 358
222 402
224 398
224 497
225 317
226 348
226 488
228 352
229 331
229 475
230 276
230 385
231 353
231 466
232 339
233 383
234 245
235 350
236 347
236 400
237 255
237 293
237 359
238 260
238 342
239 353
239 365
241 273
242 423
242 455
243 439
244 320
244 441
245 476
246 499
247 251
248 443
248 462
249 370
249 419
251 376
252 482
254 440
256 407
256 497
258 301
258 427
259 382
261 351
262 394
263 279
264 484
265 417
266 369
266 488
267 365
268 484
271 375
273 321
274 283
275 463
277 317
279 297
281 386
282 307
283 405
284 307
285 408
285 462
285 485
286 476
287 442
288 305
288 339
291 363
291 416
294 351
294 374
296 440
298 341
298 472
299 456
304 415
310 347
311 394
312 443
313 357
314 399
314 471
315 377
315 433
316 318
316 348
320 342
320 437
321 382
323 479
324 411
325 461
327 396
327 408
327 416
328 460
330 402
331 409
332 487
333 360
334 359
334 380
335 406
336 386
337 480
338 478
339 367
340 472
341 424
343 490
345 369
346 421
346 458
348 447
349 414
354 383
355 450
356 385
356 478
361 389
364 406
367 434
368 375
368 413
371 446
371 481
371 499
372 412
374 403
375 436
377 390
379 413
381 388
381 393
384 442
387 392
387 473
388 390
389 489
393 438
395 420
396 496
401 435
405 451
411 450
415 429
418 461
419 427
420 457
424 432
430 498
431 434
432 480
437 456
438 481
444 498
445 454
446 477
448 486
451 468
452 464
452 470
452 474
453 475
454 468
456 500
458 495
477 497
483 488
491 494
