1 207
2 6
2 19
3 69
3 178
4 174
4 263
5 317
5 350
6 277
7 22
7 310
8 271
8 462
9 192
9 459
10 233
10 441
11 204
11 336
12 99
12 484
13 76
13 182
14 280
14 366
15 276
15 302
16 160
16 398
17 327
17 345
18 423
18 495
19 311
20 62
20 420
21 209
21 383
22 131
23 101
23 447
24 231
24 353
25 107
25 499
26 361
26 496
27 98
27 114
28 43
28 242
29 74
29 164
30 284
30 443
31 33
31 111
32 167
32 423
33 352
34 128
34 210
35 94
35 380
36 174
36 386
37 411
37 413
38 157
38 283
39 155
39 221
40 79
40 237
41 371
41 445
42 112
42 179
43 452
44 257
44 417
45 115
45 354
46 262
46 427
47 109
47 117
48 327
48 356
49 196
49 437
50 76
50 294
51 288
51 370
52 165
52 254
53 214
53 306
54 172
54 218
55 251
55 416
56 104
56 330
57 241
57 305
58 250
58 365
59 225
59 362
60 227
60 302
61 235
61 436
62 270
63 278
63 385
64 231
64 291
65 287
65 426
66 389
66 402
67 129
67 452
68 388
68 457
69 445
70 171
70 285
71 92
71 118
72 337
72 407
73 79
73 463
74 391
75 162
75 169
77 367
77 500
78 259
78 275
80 86
80 405
81 230
81 380
82 261
82 372
83 157
83 298
84 200
84 464
85 324
85 455
86 467
87 122
87 260
88 261
88 458
89 110
89 460
90 260
90 273
91 233
91 493
92 348
93 220
93 485
94 265
95 264
95 344
96 272
96 440
97 312
97 381
98 238
99 297
100 142
100 232
101 469
102 215
102 236
103 450
103 479
104 165
105 372
105 419
106 287
106 477
107 171
108 147
108 295
109 358
110 167
111 181
112 320
113 217
113 242
114 132
115 326
116 410
116 461
117 180
118 370
119 153
119 418
120 227
120 363
121 328
121 499
122 347
123 156
123 269
124 315
124 334
125 362
125 363
126 268
126 434
127 173
127 318
128 355
129 348
130 330
130 471
131 211
132 466
133 238
133 247
134 136
134 253
135 326
135 343
136 154
137 183
137 245
138 365
138 446
139 343
139 383
140 241
140 304
141 354
141 470
142 303
143 443
143 466
144 189
144 408
145 221
145 333
146 310
146 394
147 230
148 194
148 206
149 431
149 475
150 266
150 340
151 182
151 465
152 328
152 486
153 346
154 394
155 401
156 303
158 256
158 361
159 219
159 280
160 483
161 183
161 429
162 223
163 465
163 473
164 456
166 314
166 406
168 173
168 470
169 273
170 421
170 431
172 232
175 203
175 377
176 255
176 438
177 440
177 496
178 438
179 427
180 240
181 293
184 250
184 412
185 285
185 402
186 226
186 490
187 323
187 406
188 430
188 435
189 498
190 239
190 378
191 205
191 322
192 308
193 313
193 399
194 223
195 299
195 425
196 432
197 248
197 484
198 351
198 475
199 229
199 313
200 352
201 396
201 483
202 248
202 405
203 220
204 295
205 490
206 412
207 436
208 237
208 388
209 283
210 304
211 375
212 228
212 420
213 263
213 341
214 277
215 246
216 386
216 488
217 289
218 374
219 282
222 373
222 395
224 357
224 489
225 393
226 398
228 444
229 457
234 351
234 478
235 482
236 319
239 279
240 428
243 360
243 497
244 473
244 479
245 467
246 486
247 296
249 292
249 476
251 472
252 397
252 472
253 278
254 454
255 306
256 433
257 392
258 359
258 384
259 359
262 413
264 426
265 329
266 346
267 342
267 379
268 284
269 368
270 460
271 449
272 485
274 296
274 355
275 320
276 316
279 395
281 305
281 374
282 487
286 317
286 323
288 385
289 439
290 387
290 478
291 468
292 449
293 299
294 349
297 403
298 311
300 315
300 344
301 377
301 476
307 314
307 390
308 364
309 360
309 401
312 332
316 324
318 356
319 463
321 334
321 453
322 494
325 425
325 448
329 416
331 464
331 481
332 338
333 378
335 342
335 345
336 387
337 369
338 422
339 364
339 366
340 389
341 421
347 491
349 454
350 482
353 408
357 424
358 414
367 417
368 409
369 441
371 453
373 450
375 459
376 396
376 415
379 451
381 495
382 411
382 462
384 477
390 447
391 471
392 444
393 404
397 432
399 494
400 418
400 451
403 480
404 456
407 424
409 461
410 439
414 498
415 429
419 434
422 442
428 430
433 487
435 469
437 491
442 497
446 493
448 480
455 492
458 474
468 489
474 488
481 492
