1 165
1 387
2 359
2 383
3 7
3 255
4 26
4 194
5 117
5 213
6 62
6 146
7 395
8 113
8 397
9 254
9 325
10 99
10 234
11 337
11 396
12 260
12 392
13 33
13 141
14 212
14 217
15 319
15 342
16 297
16 371
17 193
17 304
18 52
18 382
19 188
19 348
20 205
20 341
21 98
21 269
22 102
22 372
23 264
23 361
24 188
24 354
25 328
25 355
26 274
27 196
27 260
28 42
28 301
29 164
29 207
30 73
30 294
31 56
31 393
32 192
32 287
33 195
34 116
34 366
35 109
35 155
36 64
36 302
37 107
37 177
38 180
38 232
39 189
39 191
40 144
40 186
41 317
41 343
42 159
43 281
43 381
44 136
44 362
45 224
45 280
46 198
46 387
47 348
47 374
48 112
48 162
49 73
49 246
50 166
50 222
51 204
51 302
52 261
53 155
53 363
54 117
54 375
55 196
55 235
56 255
57 242
57 373
58 76
58 206
59 273
59 344
60 279
60 298
61 352
61 389
62 391
63 116
63 134
64 77
65 91
65 115
66 284
66 345
67 244
67 306
68 265
68 392
69 81
69 110
70 114
70 239
71 202
71 377
72 89
72 357
74 135
74 146
75 242
75 343
76 244
77 363
78 229
78 338
79 130
79 339
80 320
80 330
81 361
82 90
82 131
83 275
83 393
84 280
84 337
85 315
85 365
86 257
86 268
87 334
87 349
88 150
88 231
89 321
91 379
92 121
92 398
93 180
93 199
94 138
94 143
95 123
95 156
96 283
96 386
97 353
97 368
98 129
99 390
100 174
100 296
101 123
101 201
102 335
103 272
103 301
104 182
104 295
105 237
105 266
106 152
106 303
107 271
108 171
108 327
109 142
110 185
111 218
111 281
112 202
113 126
114 313
115 365
118 119
118 177
119 206
120 139
120 157
121 148
122 323
122 372
124 257
124 367
125 129
125 223
126 156
127 153
127 183
128 167
128 353
130 172
131 359
132 263
132 394
133 234
133 277
134 288
135 259
136 307
137 272
137 295
138 267
139 374
140 183
140 208
141 330
142 226
143 209
144 218
145 200
145 211
147 163
147 344
148 336
149 243
149 318
150 357
151 189
151 214
152 324
153 213
154 226
154 266
157 160
158 161
158 181
159 308
160 399
161 306
162 220
163 195
164 384
165 386
166 258
167 216
168 345
168 397
169 278
169 307
170 282
170 321
171 274
172 219
173 219
173 388
174 261
175 197
175 376
176 380
176 385
178 186
178 313
179 227
179 400
181 329
182 384
184 203
184 239
185 350
187 207
187 358
190 212
190 362
191 235
192 342
193 316
194 230
197 291
198 225
199 355
200 220
201 310
203 241
204 258
205 311
208 358
209 303
210 268
210 385
211 338
214 221
215 366
215 380
216 298
217 315
221 299
222 227
223 331
224 248
225 322
228 269
228 325
229 322
230 256
231 290
232 278
233 243
233 267
236 238
236 356
238 340
240 368
240 396
241 379
245 371
245 378
246 364
247 311
247 350
248 329
249 332
249 351
250 252
250 395
251 285
251 333
252 400
253 259
253 293
254 310
256 391
262 270
262 277
263 375
264 376
265 356
270 318
271 388
273 326
275 312
276 326
276 349
279 394
282 340
283 292
284 354
285 399
286 293
286 309
287 300
288 291
289 319
289 370
290 390
292 346
294 297
296 324
299 309
300 351
304 373
305 335
305 367
308 389
312 369
314 377
314 382
316 352
317 332
320 378
323 364
327 370
328 331
333 360
334 369
336 341
339 347
346 360
347 398
381 383
