1 86
2 124
2 150
3 87
3 89
4 6
4 158
5 46
5 85
6 115
7 97
7 125
8 163
8 196
9 145
9 197
10 22
10 97
11 105
11 181
12 111
12 144
13 40
13 117
14 36
14 71
15 25
15 106
16 156
16 192
17 175
17 188
18 156
18 165
19 27
19 99
20 28
20 98
21 162
21 180
22 134
23 129
23 168
24 75
24 164
25 81
26 78
26 177
27 141
28 89
29 61
29 192
30 147
30 152
31 56
31 164
32 40
32 79
33 42
33 159
34 58
34 110
35 65
35 118
36 183
37 114
37 173
38 43
38 166
39 79
39 120
41 146
41 177
42 75
43 176
44 90
44 104
45 92
45 188
46 58
47 66
47 78
48 185
48 198
49 88
49 126
50 94
50 96
51 131
51 195
52 132
52 193
53 112
53 181
54 93
54 122
55 94
55 175
56 68
57 83
57 135
59 96
59 174
60 111
60 165
61 163
62 115
62 187
63 148
63 153
64 87
64 160
65 191
66 155
67 71
67 113
68 84
69 72
69 123
70 131
70 138
72 106
73 80
73 170
74 117
74 157
76 125
76 137
77 149
77 182
80 108
81 198
82 160
82 161
83 93
84 91
85 114
86 190
88 107
90 174
91 194
92 116
95 105
95 167
98 126
99 124
100 157
100 171
101 118
101 146
102 109
102 119
103 113
103 140
104 128
107 143
108 169
109 199
110 183
112 194
116 122
119 130
120 168
121 170
121 184
123 129
127 179
127 186
128 139
130 132
133 162
133 178
134 191
135 148
136 138
136 154
137 142
139 143
140 189
141 151
142 182
144 150
145 147
149 189
151 158
152 171
153 172
154 190
155 200
159 173
161 199
166 184
167 187
169 196
172 180
176 197
178 185
179 195
186 193
