1 291
2 119
2 294
3 68
3 295
4 246
4 293
5 46
5 128
6 176
6 312
7 337
7 394
8 39
8 150
9 20
9 92
10 41
10 152
11 27
11 69
12 97
12 275
13 72
13 99
14 186
14 354
15 378
15 394
16 67
16 334
17 61
17 194
18 79
18 372
19 68
19 333
20 388
21 133
21 190
22 59
22 251
23 52
23 371
24 165
24 181
25 284
25 359
26 283
26 285
27 289
28 181
28 293
29 150
29 245
30 107
30 271
31 238
31 277
32 88
32 184
33 320
33 360
34 327
34 385
35 86
35 330
36 157
36 324
37 89
37 183
38 117
38 317
39 291
40 53
40 65
41 252
42 212
42 277
43 234
43 342
44 135
44 299
45 75
45 138
46 94
47 132
47 174
48 273
48 379
49 141
49 221
50 174
50 266
51 244
51 328
52 110
53 227
54 134
54 380
55 87
55 391
56 84
56 226
57 130
57 251
58 115
58 376
59 102
60 274
60 383
61 212
62 166
62 247
63 109
63 206
64 89
64 138
65 344
66 114
66 306
67 109
69 97
70 287
70 342
71 211
71 288
72 386
73 304
73 355
74 198
74 217
75 242
76 276
76 335
77 229
77 235
78 221
78 363
79 359
80 149
80 272
81 225
81 357
82 270
82 325
83 247
83 260
84 105
85 112
85 188
86 299
87 219
88 385
90 304
90 374
91 192
91 320
92 127
93 227
93 307
94 126
95 121
95 206
96 137
96 292
98 107
98 142
99 167
100 278
100 333
101 155
101 258
102 140
103 190
103 344
104 193
104 281
105 189
106 164
106 234
108 121
108 225
110 336
111 203
111 216
112 367
113 157
113 194
114 236
115 324
116 118
116 185
117 366
118 161
119 167
120 353
120 366
122 136
122 354
123 183
123 241
124 205
124 391
125 237
125 313
126 361
127 377
128 170
129 228
129 340
130 369
131 322
131 374
132 395
133 263
134 146
135 376
136 379
137 273
139 154
139 209
140 259
141 346
142 399
143 144
143 240
144 169
145 314
145 328
146 254
147 187
147 396
148 372
148 397
149 177
151 303
151 387
152 228
153 154
153 226
155 331
156 203
156 249
158 382
158 393
159 197
159 229
160 364
160 395
161 384
162 282
162 368
163 205
163 267
164 238
165 365
166 187
168 244
168 363
169 362
170 175
171 308
171 337
172 316
172 343
173 356
173 357
175 384
176 195
177 383
178 263
178 309
179 213
179 235
180 265
180 397
182 270
182 279
184 301
185 268
186 303
188 200
189 311
191 373
191 387
192 286
193 364
195 350
196 241
196 358
197 261
198 204
199 310
199 339
200 331
201 240
201 271
202 219
202 298
204 224
207 246
207 315
208 281
208 319
209 300
210 231
210 345
211 278
213 352
214 230
214 392
215 253
215 276
216 295
217 309
218 308
218 326
220 282
220 375
222 252
222 386
223 338
223 361
224 233
230 373
231 305
232 239
232 296
233 343
236 336
237 312
239 352
242 369
243 306
243 332
245 390
248 330
248 388
249 262
250 274
250 398
253 268
254 348
255 297
255 345
256 307
256 311
257 298
257 362
258 319
259 292
260 334
261 349
262 290
264 375
264 400
265 390
266 380
267 300
269 286
269 399
272 326
275 322
279 332
280 289
280 313
283 338
284 341
285 347
287 323
288 327
290 370
294 314
296 355
297 317
301 396
302 335
302 348
305 365
310 381
315 351
316 329
318 323
318 370
321 358
321 382
325 393
329 351
339 353
340 349
341 367
346 347
350 371
356 392
360 378
368 389
377 398
381 389
