1 2
1 65
2 66
3 44
3 185
4 81
4 186
5 58
5 130
6 144
6 194
7 15
7 148
8 17
8 99
9 27
9 175
10 105
10 168
11 96
11 151
12 190
12 197
13 60
13 119
14 36
14 171
15 155
16 110
16 156
17 161
18 85
18 121
19 64
19 126
20 37
20 123
21 43
21 168
22 132
22 182
23 57
23 89
24 60
24 68
25 116
25 196
26 31
26 77
27 45
28 147
28 177
29 103
29 180
30 37
30 82
31 117
32 167
32 176
33 102
33 187
34 104
34 118
35 177
35 179
36 173
38 171
38 174
39 47
39 160
40 129
40 138
41 54
41 101
42 142
42 193
43 139
44 138
45 181
46 158
46 196
47 189
48 50
48 125
49 54
49 114
50 134
51 109
51 182
52 93
52 130
53 121
53 198
55 139
55 164
56 95
56 166
57 180
58 186
59 132
59 150
61 158
61 159
62 107
62 112
63 125
63 152
64 84
65 181
66 94
67 124
67 172
68 163
69 75
69 110
70 153
70 188
71 169
71 200
72 161
72 184
73 78
73 133
74 90
74 91
75 114
76 112
76 140
77 145
78 146
79 118
79 193
80 86
80 183
81 157
82 141
83 105
83 108
84 104
85 178
86 92
87 109
87 191
88 119
88 200
89 140
90 199
91 100
92 159
93 135
94 97
95 172
96 141
97 153
98 123
98 133
99 116
101 188
102 157
103 122
106 149
106 183
107 128
108 137
111 134
111 151
113 162
113 198
115 152
115 154
117 167
120 170
120 191
122 169
124 187
126 192
127 147
127 184
128 164
129 131
131 165
135 145
136 137
136 173
142 143
143 165
144 162
146 179
148 166
149 195
154 197
155 163
156 176
160 199
170 192
174 195
175 178
185 190
189 194
