1 40
1 70
2 6
2 51
3 35
3 72
4 55
4 90
5 26
5 28
6 86
7 13
7 85
8 42
8 66
9 65
9 71
10 67
10 79
11 79
11 97
12 21
12 98
13 80
14 16
14 61
15 38
15 70
16 43
17 33
17 92
18 57
18 69
19 35
19 56
20 49
20 77
21 36
22 45
22 48
23 62
23 65
24 32
24 61
25 49
25 90
26 82
27 72
27 84
28 31
29 82
29 83
30 54
30 68
31 87
32 41
33 47
34 37
34 81
36 53
37 55
38 46
39 62
39 93
40 66
41 99
42 68
43 91
44 60
44 73
45 64
46 84
47 100
48 78
50 69
50 77
51 94
52 95
52 96
53 85
54 94
56 71
58 63
58 75
59 60
59 95
63 80
64 87
67 89
73 78
74 76
74 88
75 93
76 99
81 83
86 97
88 100
91 98
92 96
