1 133
2 146
2 232
3 218
4 258
4 390
5 47
5 180
6 9
6 290
7 180
7 252
8 181
8 383
9 266
10 157
10 227
11 280
11 315
12 197
12 303
13 313
13 337
14 39
14 263
14 379
15 92
16 279
16 397
17 276
17 327
18 151
18 387
19 183
19 241
20 70
20 74
20 87
21 84
21 112
21 165
22 23
23 70
23 392
24 339
24 356
25 238
25 267
26 271
26 371
27 47
27 324
28 79
28 126
29 150
30 186
31 77
32 266
32 396
33 109
34 59
34 368
35 265
36 331
37 154
37 273
38 106
38 395
39 98
40 65
40 136
41 258
42 312
42 334
43 132
43 135
43 276
44 96
44 259
45 91
45 188
46 198
46 277
47 308
48 209
48 322
49 146
50 210
50 325
51 54
51 77
52 83
52 102
53 140
54 75
55 210
55 241
55 316
56 71
56 175
57 78
57 316
58 89
58 192
60 78
60 168
61 143
62 104
62 122
62 170
63 67
63 268
63 269
64 94
64 323
65 318
65 364
66 77
66 357
67 388
68 362
69 164
69 393
71 120
72 273
72 376
73 293
74 99
75 200
76 228
76 358
78 159
79 80
79 297
80 114
80 190
81 272
82 213
82 296
83 299
84 350
85 88
85 130
86 235
86 264
87 155
88 225
89 207
89 282
90 118
90 223
91 388
92 150
93 205
93 213
94 218
94 390
95 139
96 166
97 299
98 171
98 350
100 154
100 260
101 342
102 146
102 400
103 238
103 283
103 291
104 149
105 315
105 326
106 203
107 317
107 398
108 240
108 321
108 329
109 266
110 274
111 208
111 330
112 293
113 175
114 137
115 360
115 375
116 205
116 305
117 131
117 234
118 310
119 294
119 376
120 184
120 397
121 178
121 231
122 255
123 265
123 314
124 180
124 284
125 129
125 174
125 320
126 133
127 221
128 324
128 367
130 347
131 158
131 381
134 340
134 348
135 160
137 295
137 386
138 200
138 394
139 287
139 379
140 359
141 319
142 187
142 289
143 148
143 281
144 391
145 162
145 234
147 313
147 332
148 195
148 202
149 276
150 167
151 204
151 205
152 302
152 363
153 168
153 307
154 280
155 253
155 345
156 208
156 262
156 292
157 193
158 396
159 351
161 199
161 242
163 400
166 196
167 188
169 197
169 246
169 367
170 275
172 251
172 379
173 178
173 179
176 233
177 348
177 352
179 323
181 364
182 309
183 289
184 262
184 272
185 289
186 330
189 277
189 361
190 342
191 387
192 247
193 319
194 249
194 278
195 310
196 317
196 378
198 264
199 222
200 377
201 236
201 337
202 302
203 301
206 250
206 375
207 286
209 234
209 366
211 302
212 219
212 224
212 253
214 372
215 248
215 381
216 334
216 383
217 281
218 349
220 321
221 230
221 389
222 355
223 369
224 228
224 300
225 340
226 351
226 353
227 360
229 287
229 336
229 380
230 268
231 343
232 275
233 263
233 348
235 388
236 356
237 301
237 338
239 333
240 393
242 284
243 346
244 279
244 288
245 270
245 321
246 329
247 311
249 282
249 341
250 291
254 376
256 297
257 347
258 301
259 327
259 392
260 385
261 293
265 322
266 332
269 294
271 306
272 331
274 288
277 309
279 377
283 339
284 372
285 374
288 374
292 328
295 383
296 310
297 333
298 300
298 354
298 373
303 353
303 359
304 318
304 372
306 382
309 311
314 399
320 349
323 391
326 380
328 382
335 344
335 368
335 378
338 346
341 374
343 399
344 361
346 384
355 357
360 385
362 399
363 367
365 395
370 384
