1 133
2 146
2 232
3 218
4 464
4 475
5 47
5 180
6 9
6 412
7 180
7 459
8 383
8 450
9 266
10 157
10 227
11 280
11 315
12 197
12 303
13 313
13 337
14 39
14 263
14 379
15 92
16 279
16 397
17 276
17 327
18 151
18 387
19 241
19 415
20 70
20 74
20 87
21 165
21 407
22 23
23 70
23 392
24 356
24 498
25 267
25 413
26 271
27 47
27 324
28 126
28 451
29 150
29 420
29 442
29 468
30 186
30 472
31 77
32 266
32 396
33 109
34 59
34 368
35 265
36 331
36 421
37 154
37 273
38 106
38 395
39 98
40 65
40 474
41 258
41 301
41 493
42 312
42 466
43 132
43 135
43 276
44 96
44 259
45 91
45 188
46 198
46 277
47 308
48 209
48 322
49 146
50 210
50 325
51 54
51 77
52 83
52 102
53 140
53 425
54 75
55 210
55 241
55 316
56 71
56 175
56 410
57 60
57 316
58 89
58 192
60 78
60 168
61 143
62 104
62 122
62 170
63 67
63 268
64 94
64 422
65 364
65 482
66 77
66 357
66 405
67 86
67 388
68 362
68 470
69 164
69 393
71 472
72 273
72 376
73 293
74 99
75 200
76 228
76 358
78 159
78 494
79 441
79 467
80 190
80 451
80 487
81 272
82 435
83 299
84 407
84 454
85 88
85 130
87 155
88 456
89 207
89 476
90 118
90 223
91 235
92 442
93 205
93 213
93 435
94 419
94 453
95 139
96 166
97 299
98 458
100 154
100 260
101 497
102 146
102 400
103 238
103 283
103 291
104 149
105 315
105 326
106 203
107 317
107 398
108 240
108 321
108 329
109 266
110 274
111 208
111 330
112 293
112 407
113 175
113 409
114 423
115 360
115 375
116 205
116 305
117 234
117 381
118 460
119 294
119 376
120 184
120 397
121 178
121 231
122 255
123 265
123 314
124 180
124 449
125 129
125 174
125 320
126 133
126 463
127 221
127 432
128 324
128 481
130 469
131 158
131 381
134 340
134 348
134 403
135 160
136 463
136 474
137 295
137 386
138 200
138 394
139 287
139 379
140 359
141 319
141 429
142 187
142 289
143 148
143 281
144 391
145 162
145 234
145 457
147 313
147 332
147 500
148 195
148 202
149 276
150 167
151 204
151 205
152 302
152 434
152 496
153 307
153 494
154 280
155 253
155 345
156 208
156 262
157 193
159 351
161 199
161 482
162 471
163 400
164 439
165 430
166 196
166 480
167 188
169 197
169 367
170 275
171 402
171 458
172 251
172 379
173 178
173 179
176 233
177 348
177 488
179 323
181 418
181 450
182 309
183 289
183 415
184 445
185 289
185 428
186 330
188 490
189 277
189 361
190 448
191 426
192 247
193 319
194 249
194 278
195 310
196 317
199 222
199 485
200 377
201 236
201 337
202 302
203 486
206 250
206 375
206 461
207 286
208 431
208 495
209 234
209 366
211 460
211 496
212 253
212 417
213 296
214 372
215 248
215 452
216 334
216 383
217 281
218 349
219 473
220 437
221 230
221 389
222 355
223 369
224 228
224 417
224 424
225 340
225 465
226 351
229 287
229 336
229 380
230 268
230 444
231 343
232 275
233 348
235 388
236 404
237 301
237 338
238 413
239 333
240 393
242 414
242 485
243 462
244 279
244 288
245 270
245 321
246 329
246 499
247 311
248 498
249 282
249 341
250 291
252 459
253 473
254 376
256 441
257 347
257 469
258 475
259 327
259 392
261 293
261 416
262 445
264 478
265 322
266 332
268 478
269 294
269 444
271 421
272 331
272 445
273 440
274 288
277 309
278 433
278 476
279 377
283 489
284 436
284 449
285 374
288 374
290 412
291 440
292 431
295 383
296 310
297 441
298 300
298 373
298 411
300 424
303 353
303 359
304 318
304 372
306 382
306 421
309 311
315 491
318 482
320 349
323 391
323 422
326 380
328 382
328 479
333 448
334 466
335 368
335 378
335 438
337 433
338 346
339 489
339 498
341 374
342 487
342 497
343 399
344 361
344 438
346 462
349 419
350 454
352 488
353 443
354 411
355 357
356 404
356 455
360 385
362 399
363 367
363 434
364 450
365 395
367 481
370 401
370 461
371 418
373 406
378 480
381 452
384 401
384 462
387 426
390 453
390 464
394 492
396 408
402 483
405 447
407 483
414 436
415 443
423 463
425 499
427 473
428 446
429 491
437 499
451 467
452 484
456 465
456 468
475 486
477 500
