1 133
1 848
2 146
2 232
3 218
4 475
4 787
5 180
5 735
6 9
6 750
6 764
7 753
7 833
8 383
8 815
9 266
10 157
10 505
11 315
11 812
12 197
13 808
13 871
14 263
15 92
16 279
16 397
17 565
17 645
18 151
18 387
19 241
20 70
20 74
20 87
21 165
21 407
22 840
23 659
24 498
25 267
25 642
26 674
27 324
28 126
28 692
29 420
29 468
29 834
30 186
30 788
31 77
32 266
32 859
33 109
34 59
34 770
35 265
35 566
36 331
36 640
37 154
38 106
38 395
39 98
40 474
41 258
41 493
42 312
42 466
43 132
43 582
43 679
44 96
44 259
45 540
45 707
45 796
46 198
46 277
47 308
47 735
48 322
48 508
49 146
50 210
50 785
51 54
51 77
52 83
52 102
52 845
53 626
53 756
54 75
55 210
55 241
55 865
56 175
56 410
56 843
57 60
57 655
58 631
58 802
59 721
60 78
60 547
61 143
61 549
62 170
62 534
63 579
63 880
64 94
64 422
64 895
65 482
66 77
66 357
67 388
67 880
68 550
68 719
69 164
69 393
69 624
70 659
71 720
71 847
72 273
72 740
73 890
74 99
76 574
78 159
78 494
79 441
79 467
79 852
80 190
80 451
80 487
81 640
82 435
82 523
83 299
84 407
84 784
85 130
85 886
86 725
86 760
87 587
88 886
89 779
90 527
90 658
91 781
91 856
92 786
93 205
93 213
93 435
94 419
94 453
95 139
95 517
96 166
97 509
97 745
98 458
98 573
98 744
100 594
100 768
101 805
102 669
103 291
103 884
104 149
104 894
105 608
106 794
107 317
107 586
108 791
109 266
110 274
110 862
111 727
111 743
112 293
112 407
113 409
113 738
114 561
114 857
115 360
115 375
116 205
116 602
117 381
117 570
118 798
119 710
119 740
120 788
121 178
121 614
122 534
123 265
123 537
124 635
125 129
125 174
125 900
126 609
127 638
127 646
128 324
128 481
128 751
129 560
129 813
130 469
131 158
131 381
132 562
134 348
134 403
135 679
136 522
136 689
137 295
137 386
138 200
138 492
139 379
139 551
140 359
140 756
141 319
141 853
142 187
142 691
144 391
144 662
145 234
145 457
145 542
147 313
147 811
148 202
148 767
149 276
149 585
149 703
150 539
150 834
150 892
151 204
151 714
152 302
152 434
153 307
154 768
155 253
155 885
156 208
156 507
156 616
157 619
159 569
160 745
161 199
161 806
162 542
163 509
164 439
164 826
165 430
166 196
166 480
167 506
167 799
167 858
168 547
169 367
169 520
170 275
171 402
171 458
172 251
172 379
173 662
176 675
176 832
177 568
177 676
179 323
180 833
181 450
181 771
181 849
182 309
183 289
183 415
184 445
185 428
185 683
185 829
186 584
187 589
187 677
187 790
188 490
188 858
189 344
189 361
190 896
191 426
192 247
192 631
193 319
193 619
194 249
194 278
195 310
195 767
196 317
197 367
199 222
199 485
199 636
200 377
201 236
201 718
202 302
203 486
203 794
204 839
205 714
206 375
206 595
207 286
208 431
208 495
209 366
209 508
211 460
211 825
212 417
212 728
213 641
214 372
214 557
215 381
215 452
216 383
216 647
217 589
217 611
218 349
219 473
219 511
220 528
220 698
220 838
221 230
221 389
221 638
222 355
222 529
223 527
224 417
224 525
225 465
225 724
226 559
226 628
227 505
227 536
228 574
228 765
229 336
229 697
230 268
231 614
232 275
233 675
234 809
235 388
235 781
236 404
237 301
237 882
238 413
238 711
239 333
240 671
240 791
242 414
242 898
243 462
244 538
245 270
245 715
246 329
246 626
247 741
248 732
248 775
249 341
249 817
250 814
250 860
251 606
252 459
252 653
252 763
253 728
254 376
254 789
255 690
256 441
257 347
257 469
257 670
258 301
258 475
259 327
259 861
260 594
260 598
261 797
261 890
262 445
262 507
262 673
262 863
263 832
264 478
266 332
267 548
268 478
268 579
269 294
269 514
270 816
271 674
271 758
272 331
273 440
274 288
275 891
276 824
277 513
278 433
278 476
279 377
280 736
280 812
281 549
281 601
282 555
282 862
283 489
284 436
284 449
285 374
286 580
286 631
287 551
287 697
288 374
289 691
289 829
290 897
291 752
292 328
292 431
293 704
294 740
295 383
296 310
296 641
297 441
298 373
298 820
299 509
300 424
300 729
302 734
302 846
303 359
303 603
304 318
305 810
306 382
306 421
307 650
308 686
309 702
309 866
311 519
313 808
314 733
314 776
315 850
316 610
316 655
318 482
320 597
320 706
320 883
321 528
321 791
323 391
323 895
324 766
325 649
325 785
326 380
327 565
327 841
328 479
329 520
330 584
330 743
331 673
332 782
333 448
334 466
334 793
335 368
335 378
335 438
336 620
337 871
338 346
338 835
339 489
339 668
340 769
341 374
341 545
342 487
342 497
343 399
343 614
344 438
345 535
345 899
346 462
348 676
349 526
350 784
351 569
351 578
352 590
352 792
353 603
353 628
354 701
354 855
356 404
356 455
357 512
357 726
358 855
360 699
362 550
362 577
363 434
363 633
364 450
364 612
365 395
365 893
367 481
368 770
369 527
369 739
370 604
370 730
371 696
372 759
373 804
376 837
378 480
380 697
382 616
384 401
384 462
385 699
387 661
387 889
389 803
390 453
390 464
390 787
392 861
392 881
393 671
394 492
394 851
396 830
397 887
398 586
398 800
400 669
401 604
401 680
402 660
405 447
406 804
406 840
407 483
408 782
408 830
411 820
411 876
412 750
412 897
413 596
413 642
414 436
414 806
415 443
415 559
416 797
416 828
417 729
418 696
418 771
419 688
420 572
421 674
423 463
423 689
423 780
424 593
425 629
425 756
426 889
427 639
427 875
428 446
429 694
429 869
432 646
433 530
433 552
434 751
437 563
439 654
440 772
442 786
443 747
444 514
444 579
447 591
448 852
449 635
449 759
451 692
451 742
452 484
452 623
453 693
454 744
454 784
455 801
456 465
456 822
459 753
460 798
461 731
463 609
463 783
466 515
467 742
470 644
471 844
471 867
471 888
472 788
472 847
473 854
473 875
474 544
475 486
477 516
479 754
482 599
485 726
488 568
488 761
490 521
491 694
491 722
492 607
494 872
495 727
496 734
497 805
498 775
499 563
499 695
500 504
500 811
501 521
501 707
501 725
502 659
503 533
503 688
503 877
503 883
504 648
506 892
508 605
510 698
510 872
512 653
513 721
516 541
516 811
518 606
518 608
519 702
520 621
522 713
523 665
524 598
524 874
525 765
525 795
526 877
531 647
532 558
534 894
535 678
537 826
538 887
540 712
540 856
541 591
543 577
543 613
543 634
544 689
545 656
546 637
546 836
548 595
548 860
550 816
552 718
552 864
553 577
553 672
554 571
554 703
555 802
556 713
556 748
556 762
557 873
558 620
559 865
560 650
560 878
561 831
562 585
564 684
567 686
567 766
570 809
571 773
572 800
573 684
575 828
576 789
578 687
578 865
580 803
581 627
581 685
582 645
583 666
587 885
588 632
588 837
590 761
590 842
591 851
592 609
593 701
595 731
596 668
599 612
599 636
600 771
601 630
605 615
606 807
614 733
615 809
617 637
617 775
618 859
620 736
622 818
623 732
625 657
625 850
627 855
629 663
630 777
630 846
631 774
633 709
634 813
634 870
637 716
641 658
641 810
642 737
643 754
644 719
647 793
651 814
652 663
654 667
657 682
660 807
663 695
664 734
664 825
666 899
668 716
672 681
676 769
678 885
682 853
684 832
690 773
699 874
700 876
701 820
702 721
704 890
705 748
705 873
706 900
708 738
708 876
710 837
711 884
712 757
715 838
717 821
720 843
722 828
723 769
723 786
723 879
724 879
728 854
737 867
738 843
746 789
749 860
752 772
753 755
757 761
763 764
768 812
773 899
776 778
776 816
779 802
780 815
783 831
790 827
800 823
803 821
818 819
819 868
822 886
833 868
835 882
839 848
844 893
845 891
864 871
