1 682
2 153
2 1620
3 804
3 1833
4 1726
5 909
6 520
6 689
6 1968
7 1907
8 435
8 1351
9 92
9 1077
10 174
11 838
11 861
11 907
12 1935
13 1589
14 72
14 1911
15 1401
15 1481
16 247
17 1040
17 1365
18 433
18 1939
19 1370
19 1532
20 1386
21 542
22 892
22 910
23 331
23 935
24 810
24 1819
25 785
25 1043
25 1486
26 988
26 1483
27 1643
28 321
28 1191
29 196
30 665
30 824
31 1673
31 1765
32 179
32 745
32 1873
33 1276
33 1692
34 1439
35 882
35 1461
36 1272
37 96
38 108
38 1289
39 1591
39 1746
40 1761
41 475
41 1372
41 1680
42 700
43 724
43 1388
43 1889
44 1482
45 1375
46 1307
47 1132
47 1162
48 1319
48 1712
48 1918
49 423
49 1742
50 950
50 1030
50 1631
51 1861
52 361
52 866
52 1921
53 932
53 1976
54 387
55 551
55 1149
56 435
56 1627
57 284
57 1553
58 399
58 1052
58 1471
59 773
59 1295
60 931
61 1716
62 427
62 1296
63 457
63 721
64 1371
64 1443
65 776
65 1937
65 1943
66 439
67 1080
68 810
68 979
69 502
69 1363
70 1840
71 1019
71 1167
73 746
73 1540
73 1695
74 1177
75 469
75 1926
76 985
76 1771
77 971
78 632
78 1182
79 571
79 636
79 1381
80 1706
80 1971
81 313
82 117
82 1985
83 1194
83 1304
84 415
84 780
84 1598
85 1480
85 1515
86 1724
87 621
87 969
87 1997
88 1428
88 1793
89 1815
90 713
90 860
91 667
92 1325
92 1862
93 1442
94 779
94 1070
95 1264
96 165
97 1408
98 223
98 1358
99 1008
99 1513
100 1117
100 1229
101 956
102 1838
103 703
104 401
105 1543
106 329
106 1283
106 1761
107 879
107 1464
107 1523
108 397
109 931
110 757
110 1216
110 1593
111 948
112 572
112 1152
113 1944
114 175
115 1826
116 672
116 1046
117 1174
118 1891
119 901
120 1216
121 856
121 1314
122 1295
123 923
123 1044
124 396
124 548
124 1291
125 1975
126 861
127 1608
127 1823
128 549
128 1697
129 1348
129 1429
129 1690
130 808
131 1452
132 1491
132 1510
133 1479
133 1718
134 1859
134 1905
135 1605
135 1857
136 849
137 973
138 1399
139 1902
139 1935
140 227
140 1933
141 976
142 348
143 1042
143 1582
144 854
144 1142
144 1773
145 756
145 787
146 1282
146 1682
146 1904
147 632
147 756
148 1660
149 749
150 726
150 1986
151 743
152 1309
152 1568
153 1970
154 1247
154 1651
155 505
155 1664
156 812
156 878
157 1676
158 962
158 1729
159 1332
160 388
160 558
160 1514
161 1763
161 1832
161 1902
162 718
162 1199
163 1047
164 558
165 799
166 858
166 1060
167 1977
168 1331
168 1569
169 875
169 1013
170 560
170 1632
171 995
171 1026
171 1159
172 857
172 1504
172 1953
173 605
173 653
174 753
175 1906
176 761
177 604
177 1828
178 675
178 1877
179 1296
180 1379
181 880
181 1796
182 1166
182 1543
183 662
183 702
184 821
184 1931
185 466
185 1750
186 1612
187 1253
188 1280
188 1340
188 1579
189 1900
190 1910
191 901
191 1225
191 1359
192 834
192 1467
193 1035
193 1213
194 1898
195 776
196 1142
196 1831
197 1917
198 948
198 1947
199 1041
199 1871
199 1998
200 717
200 1027
201 763
201 1929
202 714
202 1309
202 1361
203 1667
204 797
204 1010
205 520
205 1991
206 273
206 1687
207 493
207 977
207 1622
208 1570
209 491
209 1816
210 557
211 1024
211 1068
211 1557
212 229
213 1010
213 1933
214 1298
215 804
215 1527
216 1088
216 1728
217 231
217 1665
217 1710
218 406
218 2000
219 246
220 1677
221 1564
222 930
223 1928
224 287
224 1567
225 1766
226 1469
227 1252
228 1337
228 1446
229 255
229 1600
230 614
230 1816
232 1103
232 1765
233 1484
233 1640
234 1516
235 1402
235 1668
236 1303
236 1696
237 1097
237 1334
238 1094
239 799
239 1096
240 585
241 1289
241 1299
241 1711
242 1324
243 916
243 918
244 1172
245 1350
245 1747
246 343
247 982
248 895
248 1118
248 1151
249 1497
250 545
250 570
251 695
252 1168
252 1301
253 381
253 1381
254 790
254 1789
255 966
256 1583
257 1028
258 715
258 724
259 1702
260 1793
261 560
261 1125
262 1056
263 1104
263 1260
264 1235
264 1588
265 1554
265 1645
266 676
266 794
266 1113
267 800
268 1328
269 431
269 1219
270 844
270 1317
271 1878
272 1305
272 1413
273 764
273 1450
274 599
275 1033
275 1436
276 642
277 515
277 1420
277 1493
278 1960
279 997
280 295
281 336
281 484
282 515
282 1662
283 1979
284 581
284 1175
285 643
285 1642
286 567
286 1306
287 1173
288 1245
288 1965
289 400
289 741
290 1402
291 634
292 960
293 1292
293 1304
294 527
295 784
295 1400
296 542
296 1890
297 672
297 1449
297 1546
298 358
298 680
299 434
299 1401
300 1871
301 1246
302 706
303 678
303 714
304 967
305 807
305 921
306 943
306 1083
307 1076
308 1426
309 382
310 768
311 569
311 1172
312 1246
313 1192
314 1113
315 1054
316 335
316 451
316 1753
317 944
317 1562
318 1544
318 1611
319 332
319 832
319 990
320 1634
321 422
321 1092
322 807
323 1697
323 1811
324 1670
325 1490
325 1676
325 1956
326 1455
327 1224
328 540
328 543
328 857
330 1116
331 733
333 1204
334 543
334 1385
336 1734
337 1370
338 603
339 851
339 1532
340 1429
340 1992
341 1597
342 580
342 727
342 816
343 438
343 1732
344 390
345 1137
346 1074
347 1051
347 1291
348 1973
349 1075
350 1161
351 1176
351 1919
352 743
352 1430
353 1294
353 1646
354 1158
354 1224
355 1211
355 1983
356 541
356 1387
356 1988
357 1463
359 1528
359 1723
360 1348
361 1613
362 1548
363 789
363 1576
363 1955
364 1482
365 1594
366 391
366 494
367 964
367 1524
368 1467
368 1591
369 711
369 1009
370 635
370 789
371 1687
372 735
372 1269
372 1671
373 883
373 1031
373 1484
374 1359
375 1626
376 859
377 465
377 1985
378 1034
379 823
379 1939
380 968
381 1809
382 1887
382 1959
383 960
384 541
384 946
385 1163
386 1939
387 698
388 1410
389 1120
390 1568
391 771
391 980
392 1878
392 1950
393 1256
394 1272
395 1429
397 1058
398 537
398 628
398 862
399 485
399 1508
400 441
400 1302
401 853
401 1183
402 451
403 1052
404 840
404 1114
405 1527
405 1843
406 1250
407 1946
408 1061
408 1218
409 718
410 822
410 1437
411 783
412 1021
413 1677
413 1998
414 1501
414 1537
414 1773
415 1172
415 1587
416 1735
417 1111
417 1656
418 1131
419 562
420 556
420 1287
420 1453
421 1029
421 1143
422 1899
423 1768
424 609
424 1096
425 1162
425 1575
426 645
427 1084
428 1502
429 667
429 999
430 1464
431 1784
432 596
432 744
432 1785
433 1212
436 781
436 1932
437 1955
438 1089
439 1128
440 793
440 1910
442 745
442 884
442 1115
443 1135
444 1442
444 1520
445 1522
446 715
446 878
447 1646
448 656
449 1767
449 1897
450 671
451 1040
452 456
452 885
453 1212
454 1173
455 963
456 1800
457 1327
458 902
458 1415
459 957
459 1222
460 1847
461 666
461 1912
462 1875
463 1204
463 1607
464 1699
465 946
466 1069
466 1599
467 796
467 811
467 1445
468 679
468 681
469 1672
470 543
470 1835
471 1936
471 1996
472 685
472 801
473 1023
474 853
474 1944
476 1383
477 1949
478 1690
479 1894
480 920
480 1621
481 1973
482 693
482 719
483 952
483 1062
483 1205
484 1222
485 1973
486 659
486 1339
486 1490
487 1572
487 1808
488 1383
489 1673
490 1297
490 1755
492 943
493 549
494 526
495 1602
496 1257
496 1555
496 1626
497 1472
498 669
498 1334
499 1726
500 605
501 1647
503 1545
504 1057
505 817
506 1434
506 1909
507 1545
508 1354
509 1578
510 1085
511 1099
511 1858
512 817
512 1530
513 1882
514 1202
514 1485
515 1293
516 547
516 1133
516 1641
517 1278
517 1304
518 824
518 1834
519 1856
520 1230
521 942
522 1215
522 1329
523 1374
523 1624
524 982
525 913
525 1242
526 1210
527 1257
527 1425
528 770
528 1746
528 1840
529 568
530 1288
530 1394
531 737
532 1798
533 570
533 1224
533 1386
534 847
534 1922
535 704
536 982
536 1265
537 1753
538 1154
538 1595
539 1103
544 1732
546 630
546 670
546 1324
547 1954
550 1492
552 924
553 1680
554 1207
554 1377
555 1095
555 1207
556 673
557 1117
557 1246
559 1926
561 731
562 1770
563 1438
563 1788
564 1684
564 1768
565 1443
565 1984
566 1446
567 949
568 1369
571 1109
572 1735
573 1577
574 1279
575 1486
576 973
576 1300
576 1513
577 697
577 1137
578 1235
579 699
579 1024
582 994
582 1574
583 692
584 1424
585 776
585 907
586 877
586 1516
587 727
588 712
588 1329
588 1359
589 1032
589 1065
590 1837
591 987
592 1277
593 1678
594 641
594 968
594 1042
595 1341
596 1666
596 1981
597 672
598 1352
598 1717
598 1782
599 1302
599 1715
600 647
600 1655
601 906
601 1993
602 1122
603 1781
604 1914
605 1598
606 1068
607 852
608 766
609 1841
610 747
610 784
611 1866
611 1881
612 759
612 794
612 1986
613 970
613 1453
614 1354
615 1606
616 1146
617 826
617 1416
618 1217
619 663
619 1255
620 711
621 1988
622 930
622 1754
623 1695
624 943
624 1717
625 1262
625 1689
626 1905
627 1042
629 1547
631 1237
633 1756
634 850
635 1195
637 832
638 821
638 1438
638 1664
639 1263
639 1606
639 1838
640 1200
640 1313
640 1632
642 1427
643 1053
643 1266
644 1338
645 1496
646 1639
647 1687
648 1123
649 1402
649 1581
650 1953
651 1574
651 1898
652 985
652 1748
652 1867
653 843
654 1058
654 1418
654 1419
655 1435
656 1261
656 1890
657 1089
657 1138
658 877
658 1971
659 1713
660 1614
661 927
661 1100
662 1512
663 831
663 1210
664 1081
664 1412
665 1099
665 1159
666 696
667 1678
668 852
668 1164
669 1596
670 1426
671 923
674 1513
675 1169
676 1472
676 1735
677 819
677 1987
678 786
678 1248
679 1132
680 864
681 716
682 1218
683 1465
683 1759
684 879
685 806
686 915
686 1179
687 950
688 716
688 1770
690 869
690 1769
691 1160
691 1728
692 725
692 1485
693 1802
693 1967
694 1628
694 1704
695 806
695 1826
696 1290
697 1744
698 1183
698 1433
699 1411
700 1139
700 1459
701 836
701 1663
702 814
702 1724
703 1869
704 1357
704 1492
705 764
705 885
705 1059
706 1798
707 741
707 917
707 1301
708 918
709 1036
709 1451
709 1822
710 1666
711 1637
712 957
713 1323
713 1500
714 1928
716 1903
717 1752
718 1720
719 1590
719 1727
720 1274
720 1306
721 1978
722 984
722 1694
723 812
723 1240
724 947
725 1870
726 1102
727 1041
728 899
728 1217
728 1250
729 755
729 1719
730 1141
730 1601
731 934
732 895
733 1356
734 1232
734 1482
736 1270
736 1881
737 1320
737 1639
738 1418
738 1792
739 1189
739 1212
740 1156
740 1493
742 984
742 1256
742 1685
743 1998
744 1819
746 954
746 1459
747 1349
747 1592
748 783
748 994
749 1275
749 1379
750 1206
750 1509
751 1285
751 1619
751 1686
752 814
752 908
752 1823
753 1548
753 1772
754 1084
755 846
755 1157
756 929
757 1353
758 1027
758 1091
758 1602
760 799
760 1250
760 1251
761 1112
762 1088
762 1510
763 827
763 1865
765 1116
765 1649
766 839
767 1834
768 1688
769 865
769 1616
770 1847
772 1503
772 1868
772 1919
773 1102
773 1558
774 1752
775 866
775 926
775 1253
777 1110
777 1320
778 910
778 1390
778 1645
779 1883
780 865
781 1262
782 816
785 1472
787 1468
788 947
790 1405
791 1209
791 1445
792 1011
792 1818
793 865
793 1693
795 844
796 1701
796 1737
797 1248
798 1506
798 1537
800 1419
800 1684
801 993
802 1941
803 1190
803 1251
805 968
806 971
808 929
808 1435
809 1412
809 1628
811 1265
812 973
813 1587
815 1582
815 1663
816 1488
818 1122
818 1201
819 859
820 1566
820 1729
822 1076
823 1037
823 1200
824 1309
825 844
826 1189
827 1034
828 1211
828 1720
829 1648
829 1760
830 1002
830 1026
830 1238
831 904
832 1951
833 1182
833 1561
834 1456
834 1820
835 1409
835 1518
836 1585
836 1629
837 1366
837 1584
839 850
839 1075
840 876
841 945
841 1833
842 940
843 1560
845 991
846 1541
846 1638
847 1543
847 1849
848 1109
848 1153
848 1709
849 1169
850 1199
851 1312
851 1315
854 1144
855 1488
856 1236
857 1229
858 1958
859 1087
860 894
860 1088
861 1416
862 1532
863 1615
863 1744
864 1133
867 1107
867 1856
868 1473
869 1243
870 1526
870 1784
871 938
871 1891
872 886
872 1843
872 1860
873 1507
873 1769
874 1111
874 1798
875 1277
876 1302
877 1583
879 1374
881 1043
881 1345
882 1080
882 1267
883 1161
886 1074
886 1454
887 1376
887 1980
888 1020
888 1824
889 1686
889 1974
890 1937
891 1106
891 1859
892 1491
892 1589
893 1559
894 1119
895 1608
896 1850
897 1185
897 1700
898 1169
898 1475
899 905
900 1879
900 1920
902 937
902 1985
903 1121
903 1236
904 1054
904 1917
905 1404
905 1803
906 1243
907 1606
908 1297
909 1431
909 1476
911 1878
911 1963
912 1059
912 1342
913 1710
914 1252
915 1105
915 1341
916 1046
917 1517
918 1566
919 1611
919 1978
920 1055
921 960
921 1742
922 1470
922 1780
924 1087
925 1500
925 1703
927 1473
928 1633
928 1698
930 1925
931 1914
932 1734
933 1078
933 1892
934 942
935 1781
936 1497
936 1759
937 1627
937 1959
938 1473
939 1245
939 1383
940 1460
941 1541
941 1790
942 1323
944 1405
945 1491
947 1249
948 1520
949 1178
950 1416
951 1807
952 1569
953 1073
953 1340
954 1618
955 1260
956 1014
956 1896
957 1223
958 1150
958 1830
959 1242
961 1710
962 1997
963 992
964 1030
965 1152
965 1239
966 1066
966 1764
967 986
969 1542
970 1165
972 1739
972 1806
974 1196
974 1427
975 1017
975 1705
976 1061
976 1667
978 1768
978 1775
979 1035
979 1758
980 1576
981 1130
981 1238
983 1883
983 1930
986 1595
987 1721
988 1397
989 1308
989 1842
991 1638
992 1315
993 998
993 1714
996 1201
996 1738
997 1167
998 1335
999 1001
1000 1517
1000 1525
1001 1574
1002 1839
1003 1198
1003 1458
1004 1351
1004 1423
1005 1668
1005 1957
1006 1506
1007 1156
1007 1730
1008 1254
1008 1911
1009 1570
1009 1704
1010 1681
1011 1600
1012 1021
1012 1471
1013 1209
1013 1653
1014 1720
1015 1961
1016 1179
1016 1896
1017 1214
1018 1362
1020 1826
1021 1192
1022 1061
1022 1234
1023 1164
1025 1079
1025 1097
1026 1848
1027 1613
1028 1316
1028 1625
1029 1733
1031 1966
1032 1276
1032 1898
1033 1657
1034 1281
1036 1631
1038 1222
1038 1227
1039 1244
1044 1867
1045 1995
1047 1408
1047 1626
1048 1231
1048 1417
1049 1736
1049 1974
1050 1358
1050 1849
1051 1364
1052 1428
1053 1565
1056 1231
1057 1353
1060 1307
1060 1470
1062 1944
1063 1585
1063 1586
1064 1286
1064 1630
1066 1514
1067 1682
1067 1979
1070 1835
1071 1602
1072 1111
1072 1163
1073 1821
1074 1480
1075 1460
1076 1723
1077 1945
1078 1730
1079 1694
1081 1476
1082 1810
1083 1346
1085 1215
1085 1381
1086 1398
1086 1514
1089 1706
1090 1585
1090 1912
1092 1410
1093 1126
1093 1466
1094 1331
1095 1907
1098 1124
1098 1508
1100 1963
1101 1786
1101 1841
1104 1337
1105 1424
1105 1965
1107 1331
1108 1962
1110 1220
1110 1688
1112 1327
1112 1615
1113 1533
1114 1357
1116 1324
1117 1572
1118 1322
1120 1486
1120 1630
1121 1945
1122 1395
1123 1925
1124 1196
1126 1149
1127 1452
1127 1580
1128 1727
1128 1994
1129 1571
1129 1965
1130 1882
1131 1536
1131 1651
1134 1330
1134 1529
1135 1319
1136 1421
1136 1511
1136 1886
1138 1559
1138 1757
1139 1777
1140 1644
1140 1837
1141 1345
1142 1844
1143 1946
1145 1690
1145 1905
1146 1682
1146 1916
1147 1565
1147 1775
1148 1411
1148 1554
1148 1783
1150 1700
1151 1774
1152 1667
1153 1536
1154 1326
1154 1659
1155 1844
1157 1646
1158 1392
1161 1221
1164 1999
1165 1610
1165 1862
1166 1906
1167 1469
1168 1421
1168 1545
1170 1558
1171 1766
1171 1868
1173 1975
1174 1502
1175 1821
1175 1874
1176 1563
1177 1990
1178 1785
1178 1888
1180 1810
1180 1816
1181 1739
1181 1947
1184 1887
1185 1927
1186 1349
1187 1501
1188 1629
1188 1952
1190 1332
1191 1447
1192 1564
1193 1237
1193 1737
1194 1241
1195 1474
1195 1738
1197 1484
1198 1757
1201 1610
1202 1281
1203 1343
1203 1382
1203 1854
1208 1389
1208 1477
1210 1367
1213 1920
1214 1362
1216 1529
1219 1779
1220 1333
1221 1470
1223 1448
1226 1457
1226 1790
1227 1629
1228 1791
1230 1945
1232 1573
1233 1284
1233 1642
1234 1766
1235 1511
1237 1283
1240 1326
1240 1407
1241 1786
1242 1579
1243 1948
1244 1633
1244 1980
1251 1487
1254 1743
1255 1465
1258 1714
1259 1635
1259 1761
1260 1901
1261 1806
1262 1751
1263 1534
1264 1858
1266 1915
1266 1969
1267 1817
1267 1932
1268 1802
1269 1477
1270 1417
1271 1830
1271 1929
1272 1852
1273 1318
1274 1528
1275 1622
1278 1385
1279 1618
1279 1861
1280 1863
1282 1567
1284 1693
1286 1838
1286 1995
1287 1450
1288 1462
1288 1614
1290 1880
1293 1305
1294 1992
1295 1842
1296 1552
1298 1968
1299 1505
1308 1444
1310 1812
1310 1933
1311 1908
1312 1496
1313 1436
1316 1812
1317 2000
1318 1790
1321 1729
1322 1444
1325 1406
1325 1603
1326 1961
1328 1590
1328 1979
1330 1456
1335 1347
1335 1783
1336 1468
1338 1391
1342 1617
1343 1696
1344 1377
1344 1504
1346 1725
1350 1604
1354 1556
1355 1464
1355 1599
1355 1856
1356 1572
1358 1397
1360 1462
1361 1801
1362 1846
1363 1549
1363 1817
1364 1478
1365 1996
1367 1872
1368 1442
1368 1505
1369 1786
1370 1811
1371 1526
1371 1713
1372 1617
1373 1556
1373 1803
1373 1877
1374 1535
1375 1818
1376 1405
1378 1583
1379 1716
1380 1540
1382 1897
1384 1689
1389 1393
1389 1425
1390 1575
1391 1988
1392 1879
1394 1825
1395 1516
1396 1462
1396 1563
1398 1869
1399 1487
1399 1588
1400 1571
1401 1489
1403 1792
1403 1851
1408 1814
1409 1553
1411 1672
1413 1731
1413 1983
1414 1770
1414 1837
1422 1522
1422 1855
1423 1866
1424 1669
1426 1814
1427 1789
1428 1616
1430 1454
1430 1807
1431 1942
1432 1663
1433 1941
1434 1634
1435 1437
1439 1531
1439 1948
1440 1709
1440 1940
1441 1599
1447 1951
1449 1623
1451 1647
1452 1650
1455 1911
1458 1531
1461 1991
1463 1993
1466 1515
1469 1926
1475 1901
1477 1875
1478 1936
1481 1593
1483 1519
1488 1722
1494 1848
1495 1704
1495 1960
1497 1633
1498 1597
1498 1731
1499 1846
1501 1674
1503 1990
1505 1975
1508 1795
1509 1580
1509 1969
1512 1827
1518 1804
1519 1855
1521 1750
1525 1936
1526 1820
1530 1619
1533 1656
1534 1686
1534 1799
1536 1691
1538 1741
1538 1805
1539 1652
1540 1605
1544 1678
1546 1658
1547 1922
1549 1552
1550 1923
1550 1935
1551 1947
1555 1654
1557 1620
1560 1827
1560 1864
1562 1624
1562 1699
1563 1846
1568 1634
1570 1675
1573 1804
1577 1614
1578 1819
1581 1794
1582 1733
1584 1942
1588 1900
1593 1957
1594 1938
1594 1989
1596 1815
1596 1913
1601 1661
1603 1787
1604 1647
1607 1675
1609 1921
1611 1805
1612 1825
1618 1894
1621 1748
1622 1700
1623 1718
1628 1665
1635 1683
1636 1671
1636 1880
1637 1641
1639 1857
1640 1962
1641 1685
1643 1879
1649 1745
1650 1749
1652 1670
1652 1830
1653 1860
1655 1726
1658 1749
1659 1673
1660 1683
1661 1778
1669 1884
1679 1882
1680 1831
1681 1829
1692 1823
1698 1977
1701 1914
1701 1964
1702 1937
1703 1889
1706 1923
1707 1888
1708 1746
1708 1852
1708 1893
1712 1813
1715 1754
1718 1853
1719 1813
1721 1831
1725 1836
1732 1982
1740 1850
1740 1943
1743 1762
1745 1972
1748 1903
1752 1792
1754 1866
1755 1999
1756 1797
1760 1960
1764 1845
1767 1777
1771 1873
1772 1824
1774 1859
1776 1788
1777 1913
1778 1885
1779 1780
1788 1836
1791 1895
1794 1796
1797 1994
1808 1899
1810 1940
1812 1904
1828 1950
1839 1884
1863 1865
1870 1934
1871 1987
1876 1884
1888 1970
1892 1949
1895 1976
1896 1908
1912 1966
1920 1989
1924 1978
