1 66
1 70
2 6
2 51
3 35
3 72
4 55
4 90
5 26
5 28
6 15
7 13
7 53
8 40
8 42
9 65
9 71
10 79
11 79
11 97
12 21
12 88
13 80
14 43
14 61
15 38
16 43
16 91
17 33
17 92
18 57
18 69
19 35
19 56
20 50
20 77
21 85
22 45
22 48
23 62
23 65
24 32
24 61
25 88
25 90
26 29
27 72
27 84
28 37
29 31
30 54
30 89
31 81
32 46
33 47
34 69
34 82
36 49
36 98
37 55
38 46
39 62
39 93
40 66
41 86
41 99
42 68
44 60
44 73
45 64
47 100
48 78
49 77
50 57
51 94
52 95
52 96
53 85
54 94
56 71
58 63
58 75
59 60
59 95
63 80
64 87
67 68
67 89
70 84
73 78
74 76
74 100
75 93
76 99
81 83
83 87
86 97
91 98
92 96
