1 36
2 63
2 78
3 32
3 62
4 35
4 58
5 23
5 34
6 42
6 63
7 17
7 21
8 24
8 80
9 18
9 30
10 11
10 34
11 65
12 31
12 36
13 31
13 70
14 85
14 92
15 17
15 72
16 55
16 92
18 43
19 46
19 56
20 64
20 98
21 56
22 66
22 90
23 45
24 72
25 70
25 94
26 35
26 73
27 61
27 90
28 83
28 91
29 38
29 44
30 68
32 52
33 48
33 55
37 76
37 79
38 46
39 40
39 82
40 81
41 49
41 54
42 64
43 99
44 73
45 60
47 85
47 93
48 65
49 88
50 52
50 57
51 66
51 94
53 67
53 77
54 98
57 59
58 100
59 71
60 88
61 91
62 86
67 69
68 97
69 87
71 83
74 89
74 96
75 76
75 80
77 95
78 96
79 97
81 89
82 86
84 87
84 93
95 99
