1 289
2 226
2 275
3 127
3 215
4 125
4 285
5 194
5 278
6 212
6 239
7 169
7 202
8 30
8 228
9 209
9 264
10 287
10 295
11 283
11 287
12 27
12 270
13 98
13 121
14 148
14 183
15 96
15 272
16 235
16 266
17 115
17 137
18 40
18 135
19 248
19 298
20 100
20 125
21 76
21 165
22 69
22 204
23 207
23 209
24 153
24 195
25 289
25 291
26 139
26 294
27 59
28 220
28 280
29 72
29 74
30 31
31 97
32 61
32 245
33 107
33 224
34 46
34 129
35 69
35 207
36 108
36 181
37 199
37 203
38 130
38 165
39 219
39 244
40 178
41 152
41 235
42 110
42 160
43 49
43 186
44 67
44 143
45 136
45 163
46 219
47 106
47 273
48 108
48 123
49 232
50 126
50 243
51 71
51 267
52 225
52 230
53 238
53 294
54 71
54 104
55 68
55 246
56 152
56 244
57 141
57 237
58 254
58 291
59 117
60 96
60 128
61 284
62 158
62 296
63 133
63 159
64 128
64 279
65 91
65 144
66 192
66 251
67 260
68 126
70 281
70 290
72 91
73 213
73 231
74 233
75 145
75 164
76 242
77 111
77 236
78 90
78 200
79 83
79 267
80 210
80 215
81 218
81 238
82 198
82 223
83 154
84 124
84 228
85 118
85 252
86 130
86 218
87 192
87 224
88 118
88 268
89 173
89 205
90 185
92 149
92 234
93 144
93 211
94 109
94 223
95 233
95 276
97 221
98 277
99 146
99 240
100 131
101 206
101 276
102 181
102 293
103 156
103 189
104 176
105 142
105 284
106 133
107 182
109 256
110 259
111 177
112 234
112 280
113 153
113 186
114 250
114 299
115 169
116 190
116 248
117 254
119 145
119 293
120 157
120 269
121 256
122 151
122 262
123 250
124 148
127 166
129 208
131 275
132 194
132 242
134 184
134 206
135 216
136 150
137 180
138 214
138 260
139 163
140 146
140 265
141 258
142 172
143 263
147 154
147 213
149 261
150 268
151 156
155 217
155 266
157 225
158 176
159 243
160 237
161 217
161 258
162 184
162 229
164 189
166 171
167 273
167 297
168 227
168 257
170 171
170 175
172 269
173 272
174 195
174 221
175 179
177 240
178 220
179 216
180 265
182 187
183 191
185 199
187 212
188 255
188 283
190 204
191 282
193 247
193 264
196 200
196 253
197 226
197 257
198 211
201 231
201 274
202 245
203 214
205 249
208 249
210 279
222 236
222 263
227 299
229 241
230 290
232 241
239 286
246 300
247 255
251 252
253 300
259 285
261 281
262 278
270 271
271 292
274 277
282 286
288 295
288 297
292 298
