1 27
1 130
2 38
2 76
3 196
3 212
4 9
4 123
5 32
5 221
6 38
6 214
7 71
7 245
8 187
8 202
9 222
10 41
10 46
11 47
11 155
12 36
12 229
13 116
13 213
14 213
14 232
15 81
15 287
16 40
16 243
17 143
17 151
18 122
18 133
19 242
19 287
20 128
20 218
21 120
21 190
22 102
22 117
23 172
23 202
24 25
24 264
25 200
26 110
26 208
27 173
28 139
28 249
29 159
29 277
30 150
30 158
31 51
31 241
32 226
33 79
33 111
34 177
34 199
35 248
35 267
36 246
37 196
37 272
39 140
39 234
40 297
41 66
42 135
42 282
43 80
43 250
44 171
44 283
45 85
45 174
46 291
47 117
48 99
48 108
49 84
49 288
50 200
50 293
51 224
52 208
52 254
53 62
53 67
54 102
54 203
55 163
55 296
56 141
56 217
57 67
57 125
58 132
58 225
59 170
59 276
60 175
60 188
61 83
61 253
62 96
63 180
63 278
64 99
64 223
65 95
65 260
66 192
68 94
68 236
69 150
69 281
70 86
70 260
71 283
72 113
72 205
73 155
73 286
74 157
74 257
75 105
75 231
76 154
77 88
77 257
78 146
78 184
79 112
80 281
81 167
82 178
82 286
83 219
84 181
85 271
86 154
87 116
87 272
88 198
89 101
89 256
90 115
90 136
91 107
91 231
92 268
92 289
93 172
93 254
94 171
95 177
96 274
97 141
97 191
98 183
98 243
100 227
100 275
101 206
103 145
103 220
104 148
104 181
105 223
106 147
106 241
107 182
108 285
109 173
109 184
110 219
111 212
112 115
113 256
114 118
114 284
118 125
119 167
119 174
120 221
121 179
121 233
122 271
123 237
124 146
124 265
126 230
126 247
127 135
127 185
128 149
129 144
129 268
130 238
131 240
131 285
132 280
133 168
134 164
134 266
136 269
137 204
137 273
138 140
138 189
139 298
142 209
142 229
143 245
144 239
145 288
147 156
148 215
149 217
151 214
152 165
152 199
153 176
153 235
156 194
157 203
158 168
159 216
160 207
160 294
161 195
161 237
162 220
162 230
163 180
164 277
165 186
166 206
166 278
169 262
169 282
170 211
175 227
176 247
178 179
182 224
183 255
185 261
186 267
187 249
188 279
189 279
190 298
191 299
192 280
193 225
193 251
194 269
195 300
197 205
197 242
198 216
201 274
204 270
207 262
209 248
210 226
210 292
211 300
215 239
218 266
222 270
228 273
228 290
232 264
233 295
234 252
235 295
236 244
238 263
240 258
244 296
246 299
250 291
251 255
252 265
258 275
259 289
259 292
261 284
263 294
276 297
290 293
