1 18
1 28
2 49
2 52
2 62
3 68
3 94
4 41
4 94
5 7
5 47
6 7
6 9
6 33
8 40
8 80
9 32
10 11
11 37
11 100
12 53
12 61
13 32
13 89
14 39
14 95
15 92
16 71
16 81
17 43
17 87
18 93
19 55
20 70
20 74
20 87
21 73
21 84
22 23
23 34
23 70
24 25
24 89
26 36
26 42
27 47
27 69
28 79
29 45
29 88
29 92
30 71
30 76
31 77
34 59
34 96
35 48
35 69
36 81
37 72
38 64
39 98
40 65
43 62
43 97
44 96
45 91
46 58
46 59
46 86
47 90
50 55
51 54
51 77
52 83
53 55
54 75
55 57
56 71
57 78
58 89
60 78
61 82
63 67
63 72
64 94
66 77
67 86
67 91
68 78
74 99
75 81
76 99
79 80
82 93
84 98
85 88
90 93
92 95
