1 133
2 146
2 170
3 94
3 125
4 41
4 64
5 180
6 7
6 9
7 124
7 180
8 114
8 181
10 157
11 100
11 105
12 197
13 147
13 194
14 139
15 92
15 177
16 120
16 138
17 149
18 151
18 191
19 183
20 74
21 84
21 112
21 165
22 59
23 59
23 70
24 127
25 103
26 36
26 42
26 181
27 128
28 126
29 88
29 150
30 71
30 186
31 77
31 199
32 109
33 109
34 59
34 166
35 48
35 123
36 81
37 154
38 106
38 179
39 98
40 65
43 132
43 135
44 96
45 91
46 198
47 90
49 146
50 55
51 54
51 77
52 83
52 102
53 140
53 169
54 75
55 57
56 71
56 175
57 78
58 89
58 192
60 78
60 168
61 143
62 122
62 170
63 67
63 127
64 94
64 144
65 161
66 77
67 86
67 119
68 129
68 153
69 108
69 164
70 87
72 103
72 119
73 112
74 99
75 200
76 155
78 159
79 133
79 190
80 137
80 190
81 184
82 93
82 195
84 98
84 171
85 88
85 130
86 91
86 189
87 155
89 194
90 118
90 180
91 188
92 150
93 116
93 151
95 139
95 176
96 160
96 196
97 160
97 163
99 155
100 141
100 154
101 190
102 146
104 122
104 149
105 172
107 167
107 196
108 169
109 147
110 175
110 194
111 156
111 186
113 175
114 137
115 154
117 131
117 145
118 195
120 184
121 123
121 178
123 164
124 161
125 174
126 133
126 136
128 152
129 174
131 158
132 149
134 176
134 177
135 160
138 200
139 172
140 142
141 193
142 183
142 187
143 148
144 178
144 179
145 162
148 152
148 195
150 167
152 197
153 168
156 184
157 193
161 199
162 173
166 196
167 188
169 197
171 172
173 179
182 192
182 198
183 185
189 198
