1 183
1 336
2 123
2 191
2 439
3 128
3 145
4 382
5 385
5 453
6 166
6 202
7 415
8 296
9 402
10 353
11 33
12 36
12 285
13 257
14 401
15 165
15 336
16 21
16 230
17 57
17 208
17 254
18 241
19 191
20 277
21 148
22 424
23 429
24 180
24 391
25 123
26 85
27 351
28 493
29 133
29 340
30 95
30 294
31 232
31 292
32 234
33 219
33 308
34 273
35 284
36 405
37 156
38 311
38 346
39 328
40 252
41 62
42 471
43 329
44 398
44 482
45 199
46 93
46 419
47 48
48 322
49 122
49 469
50 158
50 181
51 126
51 488
52 281
53 270
54 358
55 347
55 456
56 348
57 487
58 146
58 281
59 470
60 136
60 140
60 207
61 244
61 332
62 414
63 150
63 299
63 302
64 425
65 104
65 163
65 484
66 79
66 468
67 271
67 426
68 161
69 216
69 366
70 113
70 452
71 83
72 156
73 382
73 416
74 425
75 251
75 399
76 209
77 492
77 499
78 282
78 498
80 278
80 480
81 266
81 275
81 372
82 475
83 251
83 379
84 440
85 269
85 293
86 424
86 462
87 275
88 224
88 254
89 116
89 309
89 313
90 122
91 313
92 388
94 369
95 309
95 413
96 178
96 243
97 155
97 234
97 327
98 371
99 299
99 322
100 300
101 347
102 319
103 249
103 470
104 253
105 181
105 275
106 394
107 245
107 252
107 408
108 237
108 367
109 427
110 362
111 269
111 289
112 500
113 454
114 445
115 368
117 486
117 500
118 185
118 211
119 214
119 232
120 217
120 452
121 223
121 262
122 319
124 437
125 227
125 228
125 365
126 325
127 215
127 342
129 186
129 312
129 445
130 227
131 217
131 245
132 314
133 381
133 458
134 482
135 419
135 435
137 223
137 350
138 274
138 460
139 324
139 376
140 203
140 475
141 146
141 262
142 184
142 360
143 193
143 338
143 481
144 239
144 375
145 192
147 240
147 362
148 179
149 407
150 262
151 298
151 321
151 452
152 333
152 481
153 154
153 288
153 332
154 241
155 219
155 412
156 302
157 331
157 500
158 397
159 238
159 247
160 194
160 320
161 174
161 455
162 222
162 344
164 263
164 441
165 448
165 497
166 187
166 334
167 298
167 340
167 461
168 287
168 310
169 354
169 429
170 246
170 320
170 329
171 467
172 369
172 401
172 479
173 214
173 386
173 460
174 373
175 431
175 489
176 206
176 443
177 437
177 499
178 240
179 368
180 255
180 471
181 491
182 444
183 191
184 307
185 308
185 479
186 390
186 459
187 350
188 224
188 228
188 496
189 253
189 403
190 227
190 373
192 220
192 259
193 242
193 277
194 387
195 364
195 376
196 243
197 359
197 442
198 438
199 355
200 235
200 425
201 383
201 466
202 469
203 480
204 330
205 216
205 297
206 370
208 273
209 226
210 290
212 305
212 328
213 288
215 448
218 334
218 428
220 280
221 318
221 484
222 304
223 412
225 359
226 338
229 327
230 283
230 410
231 311
231 389
233 422
233 446
235 491
236 295
237 370
238 268
239 252
242 424
243 247
244 274
245 449
246 453
247 351
248 264
248 406
249 303
249 411
250 306
250 341
253 276
255 457
256 428
256 442
256 486
257 273
258 485
260 417
260 441
261 328
264 388
265 326
266 367
267 380
267 402
268 431
270 316
270 349
271 343
271 374
272 407
272 453
272 459
276 348
278 497
279 414
280 361
282 413
284 345
285 384
286 405
287 444
288 482
289 411
290 439
291 386
292 488
293 416
294 442
295 321
296 457
297 400
300 318
301 399
303 396
303 450
304 418
305 483
307 378
307 421
310 345
311 335
312 364
313 394
314 412
315 326
315 383
316 487
317 361
317 365
322 388
323 467
323 476
323 494
324 366
325 403
326 420
329 433
330 363
331 414
331 451
333 346
333 468
334 463
335 392
337 381
339 352
339 395
341 348
341 454
342 393
343 379
343 490
344 428
347 436
349 447
351 450
352 456
352 464
353 432
354 371
355 360
355 490
356 397
357 430
357 474
358 359
361 400
363 434
363 435
368 430
370 458
371 491
372 396
374 384
377 393
377 472
378 436
380 461
385 416
391 481
392 422
393 438
395 429
399 473
404 496
405 494
407 485
408 479
409 444
409 447
415 451
417 430
419 483
423 468
426 493
427 474
432 446
434 465
438 440
455 472
456 474
457 466
462 484
465 494
466 495
477 496
478 499
492 498
