1 133
2 146
2 232
3 218
4 464
4 475
5 180
5 308
6 9
6 412
7 459
8 383
8 450
9 266
10 157
10 505
11 280
11 315
11 594
12 197
13 313
13 337
14 39
14 263
14 379
15 92
16 279
16 397
17 565
17 582
18 151
18 387
19 241
20 70
20 74
20 87
21 165
21 407
22 502
23 70
23 502
24 356
24 498
25 267
25 413
26 271
27 324
28 126
28 451
29 150
29 420
29 442
29 468
30 186
30 581
31 77
32 266
32 396
33 109
34 59
34 368
35 265
35 566
36 331
36 421
37 154
38 106
38 395
39 98
40 65
40 474
41 258
41 301
41 493
42 312
42 466
43 132
43 135
43 582
44 96
44 259
45 501
45 540
46 198
46 277
47 308
48 322
48 508
49 146
50 210
50 325
51 54
51 77
52 83
52 102
53 140
53 425
54 75
55 210
55 241
56 71
56 175
56 410
57 60
57 316
58 192
58 555
60 78
60 547
61 143
61 549
62 170
62 534
63 67
63 579
64 94
64 422
65 364
65 482
66 77
66 357
67 86
67 388
68 470
68 550
69 164
69 393
71 472
72 273
73 293
74 99
75 200
76 358
76 574
78 159
78 494
79 441
79 467
80 190
80 451
80 487
81 272
82 435
82 523
83 299
84 407
84 454
85 88
85 130
87 587
88 456
89 207
90 118
90 527
91 235
91 540
92 442
92 568
93 205
93 213
93 435
94 419
94 453
95 139
95 517
96 166
97 509
98 458
98 573
100 260
100 594
101 497
102 146
102 400
103 283
103 291
104 149
104 534
105 315
105 518
106 203
107 317
107 586
108 240
108 321
109 266
110 274
110 374
111 208
111 330
112 293
112 407
113 175
113 409
114 561
115 360
115 375
116 205
116 305
117 381
117 570
118 460
119 294
119 376
119 588
120 184
120 397
120 472
121 178
121 231
122 255
122 534
123 265
123 537
124 223
124 449
125 129
125 174
125 320
126 133
126 592
127 221
127 432
128 481
129 560
130 469
131 158
131 381
132 562
134 340
134 348
134 403
135 160
136 463
136 522
136 544
137 295
137 386
138 200
138 492
139 379
139 551
140 359
141 319
141 429
142 187
142 289
143 148
144 391
145 234
145 457
145 542
147 313
147 332
147 500
148 195
148 202
149 276
149 554
149 585
150 506
150 539
151 204
151 205
152 302
152 434
152 496
153 307
154 280
155 253
155 535
155 587
156 208
156 507
157 193
159 569
161 199
161 599
162 471
162 542
163 509
164 439
165 430
166 196
166 480
167 188
167 506
168 547
169 197
169 367
169 520
170 275
171 402
171 458
172 251
172 379
173 178
173 179
176 233
177 348
177 568
179 323
181 450
181 600
182 198
183 289
183 415
184 445
185 289
185 428
186 584
187 589
188 490
189 344
189 361
190 448
191 426
192 247
193 319
194 249
194 278
195 310
196 317
199 222
199 485
200 377
201 236
201 337
202 302
203 486
206 375
206 595
207 286
208 431
208 495
209 234
209 366
209 508
211 460
211 496
212 253
212 417
213 296
214 372
214 557
215 248
215 452
216 383
217 589
218 349
219 473
219 511
220 437
220 528
221 230
221 389
222 355
222 529
223 527
224 417
224 525
225 340
225 465
226 559
226 578
227 505
227 536
228 525
228 574
229 287
229 336
229 380
230 268
231 343
232 275
233 348
234 570
235 388
236 404
236 476
237 301
237 338
238 413
238 596
239 333
240 393
241 559
242 414
242 485
243 462
244 538
245 270
245 321
246 329
246 563
248 498
249 282
249 341
250 548
251 518
252 459
252 512
253 473
254 376
254 576
256 441
257 347
257 469
258 475
259 327
259 392
260 598
261 293
261 416
261 575
262 445
262 507
264 478
265 322
266 332
267 548
268 478
268 579
269 294
269 514
271 421
272 331
272 445
273 440
274 288
277 309
277 513
278 433
279 377
281 549
282 555
283 489
284 436
284 449
285 341
285 374
286 580
287 551
288 538
290 412
291 440
292 431
295 383
295 531
296 310
297 441
298 373
298 411
298 593
299 509
300 417
300 424
303 353
303 359
304 318
304 372
306 382
306 421
307 560
308 567
309 519
311 519
314 537
318 482
320 597
321 528
323 391
323 422
324 481
326 380
327 565
328 382
328 479
329 520
330 584
333 448
334 466
335 368
335 378
335 438
336 558
336 576
337 552
338 346
339 489
339 498
339 596
341 545
342 487
342 497
343 399
344 438
344 513
345 535
345 571
346 462
349 419
349 526
350 454
351 569
351 578
352 590
353 443
354 411
355 357
356 404
356 455
357 512
360 385
360 524
360 536
361 521
362 550
362 577
363 367
363 434
364 450
365 395
367 481
369 527
370 401
370 461
371 418
373 406
378 480
381 452
384 401
384 462
387 426
389 580
390 453
390 464
394 492
394 591
396 408
398 586
399 553
402 483
405 447
407 483
414 436
415 443
415 559
418 600
420 572
423 463
423 561
424 593
425 499
427 473
427 583
428 446
429 491
433 530
433 552
437 563
444 514
444 579
447 591
451 467
452 484
456 465
457 546
461 595
466 515
474 544
475 486
477 516
482 599
488 568
488 590
490 521
494 510
496 567
499 563
500 504
501 521
503 526
503 533
503 597
504 516
515 531
516 541
522 556
522 592
524 598
532 558
541 591
543 577
548 595
553 577
554 571
562 585
564 573
