1 520
1 1534
2 300
2 1128
3 1283
3 1693
4 1539
5 924
6 336
6 955
6 1079
7 544
7 645
7 1461
8 930
8 1675
9 296
10 288
10 849
10 1187
11 538
11 1142
12 137
12 1762
13 586
14 244
14 1752
15 27
15 851
16 985
17 901
17 1140
18 159
18 584
18 1250
19 1767
19 1939
20 870
20 1230
21 683
21 1718
22 1254
22 1913
23 1798
24 536
24 1537
25 1507
26 765
26 831
27 1895
28 948
29 97
29 112
30 1424
30 1787
31 339
31 1045
32 1446
32 1721
33 743
33 1329
34 515
34 782
34 1561
35 274
35 612
35 1194
36 1249
37 776
37 1701
38 1114
38 1376
39 1832
40 1054
40 1697
41 489
41 1042
42 90
42 1239
43 699
43 719
43 1420
44 178
45 157
46 720
46 733
47 454
48 824
49 190
49 1573
50 1261
50 1508
51 346
51 1017
51 1599
52 1071
52 1183
53 892
53 1303
54 805
54 905
55 871
56 920
56 1861
57 1565
58 549
58 1167
58 1232
59 862
59 1944
60 1186
61 866
61 1068
61 1358
62 1635
63 1459
64 755
64 1443
65 1482
65 1902
66 114
67 629
67 934
68 741
69 1247
70 1666
71 408
71 999
72 714
73 646
74 1322
75 1833
76 697
76 726
76 1736
77 95
78 1741
79 982
80 231
80 1868
81 1382
82 222
82 605
83 1759
84 1332
84 1618
84 1883
85 861
86 191
87 1263
88 798
88 1962
89 437
90 350
90 1806
91 703
91 825
92 1331
93 1104
94 353
95 342
95 1685
96 753
97 1563
98 110
98 267
99 563
99 624
100 960
100 1349
101 475
101 577
102 1955
103 930
103 1681
104 521
105 1129
106 302
106 1792
107 1687
107 1869
108 1574
109 744
111 1489
111 1909
112 1412
113 995
113 1308
114 1058
115 587
115 1020
116 1773
116 1834
117 644
118 732
118 1176
118 1858
119 728
119 1535
120 1312
120 1955
121 595
121 1740
122 156
122 863
123 186
123 741
124 830
124 1616
125 144
126 578
127 1515
128 1626
128 1857
129 198
129 349
130 343
131 1413
132 617
133 291
133 685
133 1083
134 1660
135 1146
135 1467
136 1007
137 1876
138 1455
139 1223
139 1425
140 1273
141 835
141 1763
142 1212
143 1268
143 1426
144 1158
144 1452
145 567
145 1761
146 1059
147 1118
147 1963
148 286
149 536
150 518
151 1988
152 1010
152 1777
153 900
154 945
154 1839
155 1036
157 525
158 1671
159 1136
159 1293
160 1470
161 445
161 1575
161 1845
162 173
163 807
164 1124
164 1384
164 1558
165 879
166 1860
167 583
167 876
168 673
168 723
168 1196
169 206
169 640
170 857
171 1632
171 1855
172 815
173 1218
173 1834
174 589
174 1393
174 1833
175 1770
176 927
176 1147
176 1802
177 906
177 1028
178 853
178 1952
179 1719
180 955
180 1503
181 1361
182 1517
183 905
184 1107
184 1388
185 638
185 1322
186 1664
187 1519
187 1573
187 1612
188 238
188 330
189 555
189 1596
191 936
191 1051
192 1644
193 420
194 613
194 700
195 1723
195 1821
196 243
196 1799
197 1518
198 345
198 949
199 1354
200 975
200 1625
201 556
201 1226
202 1144
202 1680
203 1274
203 1441
203 1874
204 862
204 1265
205 210
205 1296
205 1593
206 1121
207 1610
208 325
209 273
211 854
212 515
213 1008
213 1109
214 746
214 842
215 696
216 475
216 517
216 708
217 272
218 1399
219 1677
220 1732
221 1126
222 1506
223 959
223 970
223 1265
224 917
224 1163
225 501
226 996
226 1488
227 573
228 655
228 989
229 1559
229 1604
230 663
230 1139
231 1125
231 1913
232 1191
233 829
233 1609
234 477
235 835
235 1695
236 1343
236 1863
237 1209
238 1062
239 1491
239 1977
240 530
240 1011
241 1885
242 941
243 1540
244 511
244 1167
245 1878
246 1107
247 296
248 1692
249 571
249 1926
250 1410
251 444
252 356
253 768
254 1450
255 954
255 1085
255 1589
256 1633
257 600
257 1324
258 611
258 630
258 837
259 275
259 939
260 1137
261 1367
262 1602
262 1822
263 1127
263 1974
264 383
264 416
264 959
265 669
265 789
265 1327
266 736
266 1801
267 1281
268 825
268 1109
269 1788
270 1493
271 1619
272 580
272 1720
273 1407
273 1840
275 491
276 331
276 898
277 1453
278 352
279 1939
279 1971
280 1811
281 412
281 1129
281 1134
282 1135
283 418
284 755
284 1181
284 1784
285 1555
286 759
287 1092
288 597
288 1119
289 994
289 1477
290 1168
292 1877
293 355
293 773
294 1031
295 1476
295 1536
296 1760
297 871
297 1180
298 951
298 985
299 1329
299 1623
299 1644
300 1028
300 1369
301 1502
303 855
303 940
303 1735
304 1481
305 402
305 1710
306 1904
307 370
308 809
309 1089
309 1305
310 656
310 1550
311 748
312 1014
312 1431
313 317
314 1933
314 1987
315 1503
315 1879
316 1570
316 1705
317 419
317 1071
318 1172
319 1520
320 1868
321 526
321 1901
322 1634
323 579
323 1174
323 1396
324 561
324 1623
325 956
326 890
327 942
327 1896
328 1914
329 1529
330 742
332 387
332 1109
333 426
334 819
334 1910
335 1563
336 1611
337 661
338 374
340 614
341 1114
343 366
344 1154
344 1511
346 589
347 998
348 700
349 1440
351 1111
351 1436
352 894
353 1386
353 1683
354 1001
354 1047
355 903
355 1171
356 950
356 1824
357 1175
358 1352
358 1492
359 529
359 1078
359 1084
360 1412
360 1467
361 1019
361 1310
362 620
362 767
363 1213
364 1319
364 1395
364 1643
365 859
366 1605
367 1225
367 1313
368 1253
369 1571
370 565
370 877
371 1007
371 1618
372 452
372 1302
372 1968
373 461
373 994
374 1306
375 395
375 1743
376 660
376 858
377 1185
378 622
378 672
379 1493
380 1831
381 426
381 721
382 1551
382 1848
383 1756
384 392
384 1954
385 1347
386 547
386 1274
388 1023
388 1886
389 1508
389 1590
390 1148
391 1201
391 1629
391 1713
392 1578
393 510
393 1588
394 1887
396 1872
397 608
397 1046
398 740
398 1385
398 1663
399 575
400 1275
401 833
401 1612
402 1956
403 753
404 1637
405 1405
406 1812
407 1012
407 1309
408 446
408 1255
409 1632
409 1764
410 1321
411 756
411 1091
412 1138
413 868
413 1932
414 471
414 662
415 744
415 1193
416 662
417 1394
418 1020
418 1732
419 1215
420 791
421 805
422 732
423 1463
423 1738
424 574
424 862
424 1585
425 943
426 882
427 1236
427 1427
428 587
428 1262
429 1519
430 454
430 692
431 1672
431 1837
432 1524
433 1220
433 1677
434 1515
434 1537
435 647
436 1963
437 1613
437 1732
438 531
438 960
439 1048
440 1403
440 1707
441 1114
441 1880
442 497
442 578
442 1528
443 770
444 623
444 817
446 1818
447 774
447 1431
448 1305
449 702
449 1657
450 825
450 1683
451 563
451 1984
453 1179
455 1362
455 1564
456 619
456 933
457 1656
457 1856
458 732
458 1407
459 790
459 1723
460 1445
461 1788
462 1189
463 1186
464 617
464 852
464 1843
465 864
466 1884
467 1647
468 651
469 796
470 546
471 1117
472 540
472 1115
473 679
474 1905
475 581
476 881
476 1494
477 1569
477 1696
478 811
479 786
480 903
481 725
481 873
482 1097
482 1969
483 1021
483 1112
484 645
484 1354
485 1513
486 1839
487 1259
487 1942
488 1779
488 1791
489 711
489 1786
490 553
490 722
491 1175
492 1978
493 897
494 1190
494 1431
495 1170
495 1365
496 1647
496 1989
498 824
498 1367
499 913
499 1991
500 1222
500 1711
501 1543
502 1384
502 1545
503 575
503 723
503 1322
504 754
504 1506
505 1755
506 1252
507 1162
508 716
509 1243
510 1925
512 880
512 1255
513 1233
513 1540
514 784
514 1782
516 712
516 1072
517 1399
518 761
518 1794
519 810
520 1426
520 1766
521 1482
522 1233
523 1807
524 788
525 1311
526 1150
527 1542
528 924
528 1429
528 1998
530 1242
531 899
532 1954
533 686
533 1132
534 1464
535 1788
537 1729
538 1245
538 1749
539 1901
540 1535
541 1067
541 1804
542 676
542 894
543 1764
545 1838
546 1795
548 572
548 1173
548 1313
549 1241
550 1371
550 1738
551 1507
551 1561
552 649
553 878
554 768
554 1432
555 754
557 1380
557 1922
558 1283
558 1628
559 1003
559 1384
560 1401
561 822
562 763
562 1502
564 964
566 612
568 1954
568 1994
569 1521
569 1925
570 1217
570 1548
571 1690
572 1017
572 1257
573 1314
575 1555
576 950
577 1687
578 1470
580 1220
581 1105
582 599
583 1289
585 1036
585 1378
586 923
586 1798
587 1753
588 910
588 1826
590 726
590 1508
591 1213
592 743
593 1917
594 689
594 1386
595 688
596 1418
597 679
597 1549
598 1279
599 788
599 1742
600 868
600 1577
601 778
602 1211
602 1466
603 1990
604 1006
604 1076
606 721
606 1270
607 1582
607 1709
608 979
609 690
609 1907
610 769
610 1452
611 860
612 1929
613 1813
614 838
614 1839
615 1006
616 1092
616 1817
618 1774
619 774
620 1376
621 806
621 1118
621 1758
622 1435
622 1504
623 1654
623 1936
624 1657
624 1971
625 1825
625 1951
626 639
626 1259
627 678
627 1340
628 944
628 1359
629 1771
629 1907
630 1202
630 1594
631 1377
631 1564
632 921
632 1894
633 745
633 876
634 833
634 1438
635 1034
635 1211
635 1884
636 1022
636 1391
637 1736
637 1900
638 1512
638 1546
639 1558
640 997
641 650
641 808
641 1525
642 767
642 1982
643 1024
643 1454
644 1615
646 1145
647 1647
648 1050
648 1082
649 1115
649 1413
650 923
651 857
652 1449
652 1979
653 921
653 1820
654 1584
655 980
656 886
657 789
657 1057
657 1976
658 1026
659 1191
659 1547
659 1620
660 958
660 1689
661 770
661 1073
662 1722
663 1285
664 1328
664 1405
665 1004
665 1075
665 1947
666 818
666 1772
667 1103
667 1964
668 1411
669 1015
670 1544
671 896
671 1442
672 963
673 1572
674 1830
674 1835
675 1362
675 1945
676 1821
677 914
677 1869
678 1034
678 1528
680 1102
680 1793
681 1061
681 1069
681 1236
682 810
682 1032
682 1104
683 871
683 1881
684 1316
684 1777
685 1433
686 987
686 1365
687 1311
687 1939
688 980
689 1353
690 987
691 790
691 1592
692 764
692 1686
693 750
693 1698
694 1485
694 1809
695 1437
696 899
696 1571
697 733
698 841
698 886
698 1425
699 1620
700 1037
701 1358
701 1797
702 1734
704 751
704 1284
705 891
705 1038
706 978
706 1553
707 957
709 1658
710 1088
710 1261
710 1430
711 1078
713 1751
714 839
714 1579
715 1406
715 1873
715 1995
716 1369
716 1739
717 1380
718 1178
718 1323
720 1678
722 1977
724 1353
724 1633
725 1299
727 1541
727 1881
728 809
729 1889
730 990
730 1497
730 1638
731 1650
731 1878
733 1690
734 1439
735 1297
735 1984
736 1168
737 1587
737 1871
738 1192
738 1414
738 1565
739 1440
740 1093
741 1047
742 1973
745 1448
745 1815
746 1563
747 1229
747 1543
748 782
749 759
749 1966
750 1703
750 1780
751 1026
751 1860
752 965
752 1423
752 1915
753 873
756 1337
756 1792
757 1100
757 1737
758 974
758 1203
758 1874
759 1102
760 1908
760 1989
762 1311
763 1971
764 1957
765 1269
765 1614
766 1058
766 1646
769 1447
771 1897
771 1988
772 952
772 1000
775 1666
775 1735
775 1965
776 834
776 1795
777 978
778 887
779 1930
780 884
780 1164
780 1867
781 1486
781 1520
782 824
783 1264
783 1808
783 1851
785 1364
785 1793
786 854
787 883
787 1888
788 1417
789 1027
790 1147
791 1700
791 1754
792 972
792 1769
792 1899
793 1604
794 980
794 1807
795 1658
795 1917
796 1460
796 1778
797 1199
797 1235
798 1794
799 1176
800 1351
801 918
801 1463
802 898
802 1469
803 1816
803 1931
804 1084
804 1912
805 850
806 1424
807 1570
808 1365
809 989
810 1247
811 1277
811 1517
812 1750
813 1391
814 1055
814 1781
815 1280
815 1416
816 1348
816 1700
817 1234
817 1621
818 1985
819 928
820 1022
820 1448
820 1702
821 956
821 1018
822 1363
823 917
823 1503
823 1522
826 1951
827 869
827 1891
828 1244
828 1439
830 1123
831 1882
832 1808
834 1428
835 1315
836 1578
837 1640
838 1526
840 1768
842 1336
842 1898
843 1058
844 1338
844 1614
845 1579
845 1648
846 944
846 993
846 1334
847 1298
847 1409
848 1319
849 857
850 1323
851 1355
852 1786
853 1188
854 1916
855 1642
856 1328
856 1356
856 1870
858 1443
859 1523
860 1009
861 1375
861 1975
863 893
864 1698
865 1277
867 1379
867 1933
869 926
870 1436
872 1419
872 1730
874 1122
874 1166
875 1248
875 1277
876 1266
877 1499
878 1079
879 1452
881 1796
884 1635
885 936
885 1554
887 1424
888 1886
889 1715
890 1513
890 1662
891 1685
891 1920
892 1108
893 1372
895 1226
895 1437
895 1942
896 908
896 1375
897 1337
898 999
900 1155
901 1266
901 1921
902 1048
902 1271
902 1413
904 1645
905 1335
906 1394
907 1254
907 1323
908 1003
909 1041
909 1196
910 1485
911 1665
912 1183
912 1420
913 1875
914 1297
915 1447
915 1556
916 1251
916 1537
916 1597
919 1256
919 1941
920 969
921 1074
922 1527
922 1903
923 1509
924 1465
925 1120
925 1300
925 1943
926 1029
927 1533
928 1348
928 1906
929 1379
929 1855
929 1960
931 1013
932 1853
932 1871
933 1325
934 1314
935 1092
935 1559
937 1183
937 1770
938 1157
938 1657
939 1397
940 1553
941 1239
941 1974
942 1312
943 1088
944 951
945 1141
945 1615
946 1253
947 956
947 1157
947 1978
948 1454
949 1641
951 1637
952 1010
953 1052
953 1146
954 965
957 1240
957 1461
960 1876
961 1326
961 1466
962 1678
962 1755
963 1417
964 1056
964 1166
966 968
966 1263
966 1790
967 1504
968 1943
969 1572
970 1484
970 1817
971 1005
971 1894
972 1333
972 1727
973 1976
974 1404
975 1509
976 1409
976 1959
977 990
977 1242
979 1016
979 1769
981 1253
981 1522
982 1747
983 1447
983 1783
984 1948
986 1040
986 1605
987 1999
988 1829
988 1930
990 1531
991 1785
991 1923
991 1986
992 1456
992 1569
992 1927
993 1371
996 1296
997 1221
998 1288
998 1791
999 1539
1000 1394
1001 1014
1002 1310
1002 1656
1004 1403
1004 1602
1005 1131
1006 1970
1007 1661
1008 1744
1008 1803
1009 1408
1010 1864
1011 1546
1012 1593
1013 1083
1013 1541
1015 1401
1015 1708
1016 1691
1019 1308
1019 1430
1020 1471
1021 1063
1024 1390
1025 1532
1025 1779
1025 1903
1027 1717
1027 1798
1029 1916
1030 1422
1030 1812
1031 1150
1031 1988
1033 1519
1033 1703
1035 1585
1035 1870
1036 1532
1037 1548
1037 1993
1038 1382
1039 1926
1040 1896
1040 1949
1041 1538
1042 1695
1043 1377
1044 1318
1045 1255
1045 1694
1046 1742
1049 1245
1050 1511
1051 1290
1052 1423
1052 1676
1053 1479
1053 1878
1054 1073
1055 1195
1056 1177
1056 1603
1059 1655
1060 1169
1060 1932
1061 1428
1062 1138
1063 1383
1063 1577
1064 1077
1064 1182
1064 1836
1065 1103
1066 1610
1066 1873
1068 1731
1070 1510
1070 1781
1072 1262
1073 1468
1074 1725
1076 1290
1076 1514
1077 1278
1080 1398
1081 1616
1081 1729
1085 1707
1086 1279
1086 1515
1086 1731
1087 1762
1087 1768
1089 1557
1090 1866
1090 2000
1093 1771
1094 1096
1094 1282
1095 1640
1095 1923
1096 1252
1097 1159
1098 1238
1099 1306
1099 1491
1100 1264
1101 1155
1101 1333
1103 1505
1105 1264
1106 1148
1106 1238
1107 1433
1108 1347
1110 1236
1111 1790
1112 1318
1113 1341
1113 1343
1113 1759
1116 1619
1116 1767
1117 1159
1118 1193
1119 1818
1121 1154
1121 1197
1122 1355
1123 1745
1124 1958
1125 1631
1126 1837
1127 1972
1128 1927
1130 1388
1130 1435
1130 1460
1131 1293
1133 1344
1133 1552
1134 1660
1134 1912
1135 1221
1135 1785
1136 1189
1136 1949
1137 1973
1140 1321
1143 1286
1143 1367
1143 1704
1144 1284
1144 1904
1145 1845
1147 1294
1148 1387
1149 1584
1149 1987
1151 1740
1152 1457
1152 1568
1152 1747
1153 1192
1156 1580
1156 1699
1157 1483
1158 1655
1160 1206
1160 1879
1161 1291
1161 1863
1162 1463
1162 1874
1163 1617
1164 1600
1165 1662
1168 1648
1169 1811
1171 1969
1172 1406
1172 1587
1174 1605
1174 1857
1175 1360
1177 1230
1179 1956
1181 1557
1182 1347
1182 1831
1184 1744
1185 1455
1185 1568
1186 1607
1187 1897
1188 1501
1188 1610
1190 1444
1191 1472
1192 1729
1194 1956
1195 1473
1196 1892
1197 1227
1197 1459
1198 1875
1198 1930
1199 1716
1200 1970
1201 1486
1203 1609
1204 1792
1205 1392
1205 1898
1205 1948
1207 1320
1208 1947
1208 1997
1209 1434
1209 1458
1210 1603
1212 1525
1213 1510
1214 1490
1214 1526
1216 1247
1216 1315
1217 1794
1219 1225
1219 1891
1220 1911
1222 1918
1222 1967
1223 1312
1224 1752
1227 1288
1227 1667
1228 1310
1229 1914
1231 1328
1231 1576
1232 1607
1233 1694
1234 1345
1234 1378
1235 1739
1237 1309
1237 1728
1240 1900
1240 1980
1241 1726
1243 1366
1244 1854
1246 1569
1248 1849
1249 1699
1249 1727
1250 1941
1252 1330
1254 1842
1256 1910
1258 1317
1258 1550
1258 1743
1259 1895
1260 1652
1260 1787
1266 1953
1267 1554
1267 1596
1267 1865
1269 1746
1270 1439
1272 1383
1272 1487
1273 1721
1275 1588
1276 1585
1278 1580
1278 1591
1281 1929
1283 1639
1284 1888
1285 1450
1285 1753
1286 1950
1287 1892
1287 1990
1291 1618
1292 1473
1292 1613
1295 1396
1297 1669
1298 1714
1299 1529
1299 1591
1300 1805
1301 1667
1303 1337
1303 1765
1304 1650
1304 1653
1307 1858
1307 1936
1316 1533
1317 1767
1319 1989
1320 1981
1320 1996
1321 1520
1324 1847
1325 1706
1325 1902
1326 1842
1327 1938
1329 1696
1330 1456
1331 1608
1331 1665
1332 1445
1334 1688
1335 1946
1336 1684
1339 1527
1339 1847
1340 1640
1341 1523
1342 1712
1342 1847
1344 1487
1346 1391
1346 1489
1349 1410
1350 1542
1350 1934
1351 1864
1352 1627
1356 1392
1356 1415
1357 1448
1357 1877
1358 1442
1360 1381
1360 1888
1361 1852
1363 1981
1364 1493
1366 1928
1368 1745
1368 2000
1370 1844
1372 1505
1373 1517
1373 1544
1374 1611
1374 1823
1375 1931
1382 1935
1385 1408
1387 1449
1387 1456
1389 1498
1389 1637
1389 1824
1390 1446
1393 1976
1395 1903
1397 1886
1398 1530
1398 1673
1400 1405
1401 1679
1402 1759
1402 1827
1404 1535
1411 1885
1412 1893
1414 1677
1415 1692
1416 1599
1418 1566
1419 1922
1421 1451
1422 1931
1423 1832
1427 1849
1432 1468
1432 1506
1434 1560
1438 1938
1451 1531
1453 1942
1455 1684
1457 1675
1458 1775
1462 1477
1462 1495
1462 1987
1464 1583
1469 1672
1469 1928
1473 1635
1474 1534
1474 1701
1475 1780
1476 1528
1477 1652
1478 1499
1478 1748
1478 1908
1479 1566
1480 1721
1480 1881
1481 1626
1482 1500
1484 1854
1486 1598
1488 1983
1490 1826
1491 1586
1492 1866
1494 1516
1494 1681
1496 1670
1496 1797
1498 1910
1501 1730
1505 1819
1507 1659
1512 1651
1513 1538
1518 1653
1518 1872
1521 1766
1523 1968
1524 1606
1525 1890
1536 1801
1538 1796
1543 1736
1544 1825
1547 1638
1549 1966
1551 1651
1554 1866
1555 1606
1562 1574
1562 1595
1562 1800
1567 1853
1568 1689
1570 1830
1571 1712
1574 1846
1575 1597
1576 1862
1581 1621
1581 1655
1582 1835
1583 1673
1583 1841
1586 1740
1586 1772
1587 1975
1588 1676
1589 1810
1592 1639
1595 1935
1597 1737
1600 1864
1601 1816
1606 1953
1608 1625
1608 1653
1615 1782
1622 1803
1624 1696
1630 1745
1630 1854
1631 1835
1632 1649
1634 1814
1634 1992
1636 1673
1636 1998
1641 1868
1641 1940
1645 1932
1646 1946
1649 1937
1654 1724
1658 1887
1659 1846
1660 1814
1661 1926
1663 1674
1664 1904
1666 1852
1668 1746
1670 1761
1670 1905
1671 1832
1674 1929
1678 1837
1679 1827
1680 1809
1682 1784
1691 1789
1700 1749
1706 1757
1709 1918
1711 1957
1714 1865
1715 1805
1718 1719
1722 1996
1723 1937
1726 1776
1728 1828
1733 1945
1733 1994
1734 1844
1741 1879
1744 1783
1750 1757
1751 1804
1754 1934
1760 1856
1763 1983
1764 1789
1768 1982
1774 1807
1775 1985
1776 1911
1796 1859
1804 1822
1805 1809
1815 1838
1819 1829
1828 1943
1831 1924
1834 1836
1840 1945
1841 1997
1843 1980
1844 1850
1845 1852
1846 1880
1849 1917
1867 1974
1882 1963
1883 1961
1885 1950
1889 1919
1902 1962
1906 1964
1919 1940
1924 1965
