1 288
1 325
2 35
2 389
3 218
3 312
4 184
4 409
5 223
5 451
6 144
6 373
7 245
7 251
8 72
8 194
9 231
9 348
10 56
10 189
11 275
11 310
12 125
12 368
13 372
13 452
14 77
14 405
15 89
15 410
16 184
16 499
17 200
17 271
18 35
18 134
19 207
19 297
20 197
20 333
21 93
21 471
22 318
22 459
23 224
23 233
24 185
24 342
25 151
25 323
26 30
26 114
27 289
27 480
28 269
28 277
29 141
29 163
30 379
31 292
31 343
32 315
32 406
33 317
33 500
34 165
34 363
36 107
36 489
37 357
37 424
38 132
38 172
39 232
39 256
40 64
40 161
41 78
41 392
42 177
42 181
43 235
43 425
44 213
44 221
45 169
45 431
46 60
46 246
47 115
47 416
48 124
48 392
49 204
49 267
50 420
50 491
51 95
51 403
52 164
52 269
53 353
53 378
54 173
54 419
55 231
55 285
56 111
57 188
57 316
58 188
58 227
59 202
59 439
60 427
61 168
61 319
62 160
62 396
63 143
63 298
64 463
65 266
65 308
66 271
66 409
67 106
67 287
68 439
68 465
69 118
69 272
70 414
70 471
71 237
71 478
72 215
73 210
73 474
74 219
74 399
75 362
75 423
76 280
76 472
77 291
78 239
79 174
79 240
80 156
80 411
81 289
81 453
82 320
82 339
83 183
83 490
84 346
84 398
85 197
85 483
86 126
86 215
87 382
87 488
88 200
88 327
89 374
90 222
90 305
91 99
91 145
92 286
92 413
93 347
94 171
94 348
95 192
96 354
96 411
97 297
97 325
98 302
98 427
99 369
100 120
100 477
101 139
101 378
102 196
102 358
103 186
103 299
104 173
104 250
105 335
105 446
106 421
107 396
108 143
108 268
109 270
109 322
110 235
110 397
111 438
112 119
112 195
113 248
113 498
114 206
115 274
116 164
116 418
117 252
117 350
118 440
119 142
120 399
121 304
121 457
122 397
122 472
123 336
123 383
124 311
125 209
126 169
127 258
127 405
128 261
128 365
129 389
129 435
130 361
130 474
131 273
131 433
132 366
133 377
133 491
134 394
135 154
135 254
136 388
136 390
137 228
137 424
138 283
138 408
139 252
140 236
140 262
141 263
142 190
144 207
145 166
146 213
146 315
147 322
147 483
148 208
148 251
149 180
149 377
150 209
150 426
151 357
152 341
152 479
153 180
153 193
154 484
155 266
155 277
156 416
157 263
157 386
158 281
158 356
159 362
159 468
160 312
161 175
162 332
162 369
163 175
165 255
166 390
167 265
167 336
168 419
170 415
170 433
171 293
172 408
174 418
176 338
176 481
177 350
178 371
178 402
179 328
179 343
181 375
182 247
182 257
183 477
185 462
186 344
187 303
187 373
189 222
190 443
191 212
191 334
192 443
193 248
194 372
195 278
196 211
198 268
198 285
199 238
199 406
201 221
201 306
202 281
203 493
203 495
204 324
205 303
205 434
206 388
208 454
210 223
211 430
212 260
214 284
214 401
216 265
216 327
217 225
217 243
218 417
219 333
220 359
220 459
224 313
225 366
226 294
226 330
227 455
228 490
229 447
229 448
230 401
230 456
232 244
233 481
234 273
234 480
236 341
237 448
238 346
239 254
240 400
241 249
241 353
242 282
242 334
243 393
244 485
245 311
246 375
247 335
249 453
250 445
253 464
253 482
255 449
256 321
257 394
258 347
259 306
259 470
260 379
261 319
262 496
264 421
264 437
267 434
270 274
272 340
275 423
276 329
276 351
278 339
279 415
279 446
280 461
282 464
283 380
284 447
286 455
287 349
288 497
290 430
290 493
291 371
292 361
293 386
294 428
295 309
295 432
296 355
296 458
298 300
299 352
300 364
301 358
301 442
302 479
304 437
305 376
307 337
307 360
308 478
309 355
310 462
313 492
314 441
314 461
316 422
317 426
318 337
320 499
321 458
323 331
324 495
326 370
326 380
328 444
329 497
330 456
331 451
332 460
338 417
340 345
342 444
344 470
345 473
349 460
351 367
352 486
354 469
356 387
359 404
360 395
363 467
364 486
365 402
367 450
368 404
370 387
374 407
376 436
381 436
381 496
382 484
383 391
384 463
384 489
385 466
385 500
391 485
393 435
395 398
400 468
403 438
407 440
410 492
412 420
412 442
413 466
422 431
425 487
428 450
429 454
429 475
432 467
441 473
445 476
449 494
452 475
465 482
469 494
476 487
488 498
