1 50
2 10
2 53
3 26
3 151
4 44
4 193
5 131
5 185
6 78
6 154
7 124
7 142
8 159
8 199
9 64
9 89
10 105
11 74
11 124
12 37
12 107
13 25
13 175
14 19
14 121
15 73
15 177
16 61
16 178
17 82
17 132
18 166
18 193
19 169
20 96
20 128
21 46
21 103
22 122
22 135
23 25
23 168
24 88
24 177
26 181
27 31
27 69
28 149
28 155
29 112
29 188
30 69
30 173
31 49
32 62
32 77
33 136
33 163
34 63
34 165
35 74
35 91
36 76
36 99
37 103
38 45
38 139
39 77
39 133
40 60
40 184
41 76
41 141
42 70
42 150
43 60
43 147
44 180
45 112
46 116
47 136
47 196
48 57
48 145
49 67
50 55
51 59
51 92
52 111
52 134
53 194
54 137
54 176
55 135
56 84
56 102
57 95
58 71
58 96
59 168
61 79
62 104
63 156
64 113
65 141
65 146
66 108
66 110
67 196
68 83
68 158
70 157
71 187
72 120
72 160
73 119
75 91
75 174
78 89
79 125
80 86
80 100
81 119
81 176
82 153
83 88
84 98
85 87
85 189
86 160
87 198
90 126
90 154
92 192
93 156
93 198
94 100
94 130
95 114
97 181
97 190
98 117
99 121
101 115
101 179
102 167
104 200
105 126
106 116
106 155
107 123
108 142
109 130
109 153
110 191
111 195
113 166
114 140
115 186
117 170
118 137
118 179
120 157
122 125
123 146
127 150
127 151
128 132
129 158
129 171
131 175
133 161
134 183
138 171
138 200
139 173
140 164
143 144
143 148
144 183
145 197
147 194
148 161
149 188
152 165
152 172
159 184
162 178
162 182
163 187
164 172
167 174
169 185
180 182
186 190
189 192
191 197
195 199
