1 63
2 71
2 79
3 15
3 48
4 87
4 92
5 50
5 75
6 18
6 98
7 20
7 24
8 47
8 67
9 62
9 80
10 97
10 99
11 40
11 87
12 31
12 74
13 54
13 69
14 43
14 86
15 25
16 38
16 64
17 91
17 95
18 63
19 34
20 83
21 41
21 88
22 53
22 68
23 33
23 39
24 51
25 83
26 85
26 97
27 78
27 92
28 40
28 50
29 37
29 82
30 81
30 99
31 52
32 51
32 81
33 55
34 67
35 53
35 98
36 56
36 57
37 66
38 46
39 82
41 54
42 61
42 75
43 66
44 59
44 73
45 72
45 85
46 58
47 94
48 77
49 52
49 90
55 100
56 80
57 93
58 93
59 84
60 64
60 65
61 70
62 79
65 89
68 76
69 73
70 91
71 90
72 84
74 96
76 77
78 94
86 89
88 96
95 100
