1 293
2 24
2 363
3 39
3 413
4 455
4 484
5 118
5 195
6 40
6 176
7 111
7 474
8 46
8 98
9 371
9 466
10 63
10 187
11 28
11 259
12 163
12 320
13 330
13 434
14 194
14 484
15 302
15 430
16 52
16 64
17 150
17 454
18 259
18 260
19 196
19 398
20 102
20 234
21 275
21 351
22 104
22 384
23 144
23 291
24 200
25 94
25 158
26 87
26 168
27 431
27 469
28 157
29 327
29 450
30 131
30 370
31 311
31 367
32 139
32 282
33 85
33 145
34 380
34 396
35 109
35 183
36 297
36 366
37 311
37 500
38 89
38 305
39 130
40 42
41 171
41 456
42 312
43 246
43 292
44 155
44 356
45 298
45 479
46 422
47 95
47 137
48 241
48 274
49 73
49 90
50 328
50 481
51 244
51 255
52 498
53 252
53 466
54 308
54 348
55 335
55 450
56 99
56 368
57 295
57 429
58 123
58 376
59 65
59 243
60 105
60 177
61 437
61 498
62 337
62 364
63 408
64 395
65 241
66 78
66 489
67 230
67 236
68 161
68 301
69 345
69 459
70 245
70 287
71 240
71 291
72 433
72 468
73 409
74 263
74 387
75 307
75 319
76 113
76 233
77 92
77 446
78 224
79 232
79 492
80 82
80 416
81 134
81 256
82 212
83 393
83 487
84 264
84 395
85 152
86 145
86 444
87 313
88 368
88 388
89 141
90 489
91 119
91 142
92 400
93 333
93 461
94 388
95 375
96 141
96 326
97 150
97 242
98 149
99 434
100 209
100 296
101 231
101 382
102 370
103 327
103 349
104 345
105 401
106 218
106 490
107 367
107 389
108 420
108 470
109 391
110 352
110 497
111 439
112 245
112 465
113 404
114 238
114 472
115 447
115 493
116 162
116 471
117 242
117 496
118 146
119 386
120 378
120 497
121 226
121 397
122 156
122 206
123 464
124 229
124 436
125 290
125 342
126 204
126 294
127 132
127 151
128 272
128 278
129 334
129 402
130 399
131 329
132 225
133 250
133 363
134 265
135 147
135 174
136 188
136 217
137 212
138 427
138 443
139 458
140 416
140 459
142 191
143 317
143 369
144 287
146 374
147 277
148 321
148 436
149 222
151 390
152 234
153 154
153 365
154 267
155 419
156 451
157 379
158 372
159 355
159 432
160 262
160 426
161 460
162 399
163 190
164 192
164 495
165 226
165 404
166 223
166 273
167 200
167 411
168 394
169 389
169 437
170 309
170 323
171 319
172 383
172 474
173 286
173 306
174 211
175 431
175 441
176 256
177 371
178 184
178 482
179 181
179 264
180 213
180 268
181 383
182 193
182 240
183 444
184 397
185 238
185 251
186 199
186 315
187 375
188 237
189 204
189 381
190 265
191 202
192 418
193 198
194 326
195 281
196 423
197 293
197 479
198 325
199 426
201 270
201 285
202 352
203 216
203 280
205 270
205 410
206 247
207 210
207 284
208 378
208 414
209 414
210 382
211 342
213 246
214 357
214 460
215 347
215 439
216 486
217 244
218 251
219 332
219 349
220 356
220 398
221 417
221 456
222 429
223 228
224 369
225 331
227 448
227 496
228 462
229 299
230 481
231 271
232 499
233 402
235 451
235 494
236 492
237 468
239 261
239 425
243 485
247 351
248 303
248 425
249 316
249 321
250 330
252 305
253 336
253 470
254 316
254 366
255 340
257 296
257 358
258 283
258 423
260 428
261 421
262 445
263 405
266 376
266 494
267 276
268 361
269 457
269 467
271 410
272 338
273 338
274 348
275 332
276 475
277 467
278 417
279 310
279 477
280 309
281 469
282 400
283 478
284 328
285 476
286 318
288 405
288 435
289 323
289 341
290 491
292 358
294 463
295 304
297 380
298 354
299 445
300 364
300 499
301 403
302 418
303 362
304 415
306 471
307 343
308 452
310 384
312 415
313 377
314 393
315 331
317 406
318 448
320 385
322 432
322 473
324 379
324 449
325 333
329 337
334 453
335 411
336 344
339 350
339 374
340 452
341 438
343 357
344 495
346 372
346 377
347 447
350 457
353 446
353 482
354 373
355 390
359 394
359 421
360 409
360 441
361 401
362 365
373 443
381 406
385 442
386 462
387 493
391 463
392 420
392 487
396 485
403 422
407 435
407 491
408 488
412 413
412 424
419 428
424 472
427 465
430 438
433 500
440 458
440 461
442 486
449 488
453 483
454 478
455 480
464 483
473 480
475 477
476 490
