1 2
1 65
2 66
3 87
3 185
4 95
4 124
5 58
5 130
6 144
6 194
7 15
7 148
8 17
8 99
9 27
9 53
10 128
10 168
11 96
11 177
12 190
12 197
13 60
13 119
14 36
14 171
15 155
16 110
16 176
17 72
18 85
18 175
19 126
19 192
20 37
20 123
21 43
21 168
22 132
22 170
23 57
23 89
24 60
24 68
25 116
25 196
26 31
26 77
27 45
28 151
28 177
29 38
29 180
30 37
30 82
31 117
32 156
32 167
33 102
33 187
34 118
34 126
35 50
35 134
36 173
38 171
39 47
39 160
40 129
40 138
41 100
41 101
42 142
42 193
43 139
44 87
44 138
45 181
46 158
46 196
47 189
48 50
48 133
49 54
49 114
51 120
52 93
52 130
53 198
54 100
55 90
55 164
56 67
56 166
57 200
58 186
59 132
59 150
61 92
61 158
62 107
62 112
63 125
63 152
64 79
64 84
65 181
66 94
67 172
68 163
69 75
69 110
70 153
70 188
71 103
71 169
72 184
73 78
73 133
74 91
74 162
75 114
76 88
76 112
77 145
78 146
79 83
80 86
80 183
81 145
81 157
82 141
83 105
84 104
85 178
86 159
88 200
89 140
90 199
91 178
92 159
93 135
94 97
95 172
96 141
97 153
98 123
99 186
101 188
102 157
103 119
104 118
105 108
106 149
106 193
107 139
108 137
109 182
109 191
111 134
111 151
113 144
113 162
115 152
115 154
116 161
117 167
120 191
121 175
121 198
122 135
122 169
124 187
125 179
127 147
127 161
128 164
129 131
131 165
136 137
136 173
140 180
142 143
143 165
146 179
147 184
148 166
149 195
150 182
154 197
155 163
156 176
160 199
170 192
174 183
174 195
185 190
189 194
