1 86
2 124
2 150
3 87
3 178
4 6
4 158
5 37
5 46
6 27
7 97
7 125
8 163
8 196
9 38
9 197
10 22
10 97
11 53
11 105
12 111
12 144
13 40
13 185
14 67
14 71
15 81
15 106
16 156
16 192
17 175
17 188
18 156
18 183
19 27
19 124
20 28
20 98
21 162
21 180
22 134
23 129
23 168
24 136
24 138
25 72
25 153
26 78
26 146
28 89
29 61
29 192
30 147
30 152
31 145
31 164
32 40
32 79
33 42
33 67
34 46
34 110
35 65
35 116
36 85
36 183
37 159
38 184
39 74
39 79
41 146
41 177
42 75
43 176
43 197
44 104
44 188
45 90
45 132
47 66
47 155
48 185
48 198
49 88
49 126
50 55
50 96
51 131
51 195
52 132
52 193
53 181
54 93
54 122
55 94
56 68
56 164
57 78
57 135
58 71
58 110
59 96
59 174
60 111
60 165
61 163
62 115
62 187
63 83
63 148
64 82
64 87
65 191
66 177
68 84
69 72
69 106
70 131
70 138
73 80
73 170
74 157
75 113
76 125
76 137
77 149
77 182
80 108
81 198
82 160
83 93
84 91
85 114
86 190
88 130
89 102
90 174
91 194
92 116
92 122
94 118
95 105
95 167
98 126
99 165
99 176
100 117
100 171
101 118
101 175
102 109
103 113
103 189
104 128
107 139
107 143
108 169
109 199
112 181
112 194
114 173
115 167
117 157
119 130
119 143
120 168
120 180
121 166
121 170
123 129
123 172
127 179
127 186
128 139
133 162
133 178
134 191
135 148
136 154
137 142
140 149
140 189
141 151
141 187
142 182
144 150
145 147
151 158
152 171
153 172
154 190
155 200
159 173
160 161
161 199
166 184
169 196
179 195
186 193
