1 254
1 386
2 359
2 383
3 7
3 255
4 194
4 304
5 117
5 213
6 62
6 146
7 395
8 46
8 113
9 165
9 325
10 99
10 234
11 84
11 337
12 260
12 392
13 33
13 195
14 212
14 217
15 319
15 342
16 371
16 378
17 193
17 271
18 100
18 382
19 188
19 348
20 172
20 341
21 98
21 269
22 112
22 372
23 264
23 361
24 188
24 284
25 328
25 331
26 171
26 274
27 196
27 260
28 90
28 301
29 164
29 207
30 73
30 294
31 380
31 393
32 192
32 300
33 141
34 116
34 366
35 109
35 288
36 64
36 302
37 107
37 177
38 180
38 232
39 191
39 256
40 257
40 281
41 317
41 343
42 159
42 187
43 111
43 381
44 190
44 362
45 158
45 280
46 387
47 348
47 374
48 112
48 162
49 73
49 246
50 166
50 222
51 204
51 302
52 174
52 261
53 155
53 363
54 153
54 375
55 196
55 235
56 179
56 255
57 274
57 373
58 76
58 365
59 273
59 344
60 279
60 298
61 352
61 389
62 391
63 116
63 134
64 134
65 91
65 115
66 345
66 360
67 244
67 311
68 265
68 392
69 81
69 110
70 114
70 239
71 202
71 377
72 251
72 357
74 135
74 146
75 242
75 287
76 244
77 176
77 363
78 229
78 338
79 130
79 339
80 320
80 330
81 361
82 90
82 131
83 273
83 393
84 280
85 315
85 365
86 144
86 268
87 334
87 349
88 150
88 231
89 96
89 265
91 379
92 121
92 398
93 180
93 355
94 138
95 123
95 156
96 283
97 353
97 368
98 129
99 390
100 296
101 123
101 201
102 335
102 364
103 272
103 301
104 167
104 295
105 237
106 152
106 303
107 161
108 171
108 327
109 142
110 185
111 218
113 126
114 313
115 176
117 316
118 119
118 177
119 206
120 139
120 157
121 148
122 323
122 372
124 326
124 367
125 129
125 223
126 156
127 153
127 183
128 263
128 272
130 172
131 359
132 263
132 394
133 234
133 277
135 259
136 307
136 362
137 182
137 295
138 267
139 374
140 183
140 208
141 330
142 226
143 174
143 209
144 218
145 200
145 211
147 163
147 195
148 336
149 233
149 318
150 357
151 214
151 368
152 324
154 226
154 266
155 197
157 160
158 306
159 347
160 399
161 306
162 220
163 261
164 358
165 386
166 258
167 216
168 345
168 397
169 278
169 307
170 321
170 356
173 219
173 388
175 215
175 376
178 186
178 313
179 227
181 248
181 329
182 384
184 203
184 239
185 350
186 217
187 207
189 191
189 391
190 212
192 342
193 316
194 230
197 291
198 225
198 387
199 328
199 355
200 220
201 310
202 344
203 241
204 258
205 311
205 388
206 247
208 358
209 303
210 268
210 385
211 338
213 352
214 221
215 366
216 298
219 271
221 299
222 227
223 331
224 248
224 281
225 322
228 269
228 325
229 322
230 256
231 290
232 278
233 243
235 321
236 238
236 356
237 266
238 340
240 353
240 396
241 379
242 282
243 267
245 297
245 371
246 250
247 350
249 332
249 351
250 252
251 354
252 400
253 286
253 293
254 310
257 275
259 293
262 270
262 318
264 376
270 277
275 312
276 326
276 349
279 394
282 340
283 292
284 354
285 397
285 399
286 309
287 343
288 291
289 319
289 370
290 390
292 346
294 297
296 324
299 309
300 351
304 373
305 335
305 367
308 375
308 384
312 369
314 377
314 382
315 329
317 332
320 378
323 364
327 370
333 346
333 360
334 369
336 341
337 396
339 389
347 398
380 385
381 383
395 400
