1 46
2 213
2 296
3 6
3 308
4 175
5 28
5 269
6 236
7 262
7 276
8 21
8 301
9 135
9 330
10 319
10 358
11 224
11 286
12 298
12 324
13 57
13 74
14 253
14 319
15 141
15 252
16 276
16 354
17 119
17 274
18 22
18 91
19 29
19 219
20 151
20 391
21 254
22 321
23 217
23 344
24 164
24 275
25 62
25 120
26 69
26 264
27 58
27 200
28 377
29 38
30 96
30 238
31 42
31 399
32 89
32 241
33 99
33 221
34 139
34 214
35 73
35 396
36 201
36 375
37 195
37 371
38 144
39 70
39 290
40 241
40 260
41 61
41 204
42 201
43 192
43 351
44 48
44 322
45 303
45 359
46 255
47 176
47 206
48 177
49 184
49 203
50 247
50 370
51 168
51 190
52 287
52 345
53 150
53 356
54 249
54 311
55 118
55 157
56 156
56 254
57 299
58 62
59 98
59 356
60 219
60 384
61 332
63 180
63 267
64 122
64 170
65 97
65 300
66 251
66 387
67 106
67 299
68 145
68 303
69 131
70 288
71 188
71 233
72 107
72 187
73 127
74 93
75 78
75 160
76 154
76 358
77 173
77 270
78 153
79 121
79 237
80 125
80 249
81 272
81 304
82 289
82 312
83 139
83 390
84 86
84 106
85 110
85 388
86 393
87 155
87 194
88 100
88 334
89 301
90 157
90 335
91 146
92 93
92 294
94 105
94 149
95 205
95 277
96 255
97 191
98 160
99 152
100 257
101 344
101 360
102 122
102 364
103 304
103 337
104 263
104 273
105 196
107 151
108 235
108 306
109 269
109 389
110 380
111 205
111 325
112 118
112 163
113 132
113 163
114 245
114 392
115 243
115 251
116 381
116 389
117 226
117 368
119 237
120 331
121 148
123 212
123 400
124 191
124 311
125 394
126 382
126 400
127 372
128 130
128 265
129 168
129 359
130 225
131 317
132 339
133 363
133 392
134 175
134 194
135 376
136 185
136 192
137 184
137 373
138 182
138 349
140 169
140 349
141 373
142 317
142 347
143 262
143 271
144 232
145 383
146 345
147 250
147 343
148 271
149 183
150 281
152 379
153 227
154 230
155 159
156 166
158 259
158 289
159 213
161 162
161 218
162 236
164 167
165 327
165 348
166 365
167 284
169 318
170 283
171 351
171 365
172 207
172 388
173 282
174 185
174 190
176 327
177 375
178 189
178 393
179 198
179 210
180 336
181 222
181 273
182 265
183 350
186 329
186 353
187 366
188 215
189 204
193 230
193 337
195 203
196 394
197 291
197 387
198 340
199 221
199 281
200 312
202 256
202 279
206 314
207 377
208 280
208 307
209 268
209 275
210 305
211 229
211 274
212 362
214 352
215 315
216 272
216 357
217 261
218 228
220 325
220 386
222 267
223 258
223 310
224 290
225 282
226 313
227 277
228 374
229 370
231 293
231 321
232 294
233 324
234 244
234 252
235 361
238 306
239 259
239 395
240 330
240 397
242 328
242 382
243 399
244 245
246 309
246 378
247 336
248 263
248 285
250 310
253 367
256 363
257 283
258 323
260 353
261 291
264 380
266 284
266 298
268 279
270 381
278 295
278 342
280 308
285 390
286 347
287 346
288 341
292 357
292 369
293 307
295 395
296 320
297 305
297 309
300 352
302 354
302 366
313 361
314 383
315 364
316 333
316 355
318 338
320 362
322 348
323 342
326 339
326 376
328 329
331 335
332 360
333 338
334 396
340 379
341 385
343 369
346 386
350 374
355 398
367 384
368 398
371 385
372 378
391 397
